{"C:\\illegal fishing application\\illegalFishingBackend\\src\\app.js": {"path":"C:\\illegal fishing application\\illegalFishingBackend\\src\\app.js","statementMap":{"0":{"start":{"line":3,"column":16},"end":{"line":3,"column":34}},"1":{"start":{"line":4,"column":13},"end":{"line":4,"column":28}},"2":{"start":{"line":6,"column":19},"end":{"line":6,"column":50}},"3":{"start":{"line":7,"column":20},"end":{"line":7,"column":52}},"4":{"start":{"line":8,"column":21},"end":{"line":8,"column":54}},"5":{"start":{"line":9,"column":23},"end":{"line":9,"column":58}},"6":{"start":{"line":10,"column":28},"end":{"line":10,"column":68}},"7":{"start":{"line":11,"column":29},"end":{"line":11,"column":70}},"8":{"start":{"line":12,"column":22},"end":{"line":12,"column":56}},"9":{"start":{"line":14,"column":24},"end":{"line":14,"column":60}},"10":{"start":{"line":16,"column":12},"end":{"line":16,"column":21}},"11":{"start":{"line":21,"column":0},"end":{"line":26,"column":2}},"12":{"start":{"line":28,"column":0},"end":{"line":28,"column":24}},"13":{"start":{"line":29,"column":0},"end":{"line":29,"column":48}},"14":{"start":{"line":32,"column":0},"end":{"line":32,"column":51}},"15":{"start":{"line":35,"column":18},"end":{"line":35,"column":47}},"16":{"start":{"line":36,"column":20},"end":{"line":36,"column":47}},"17":{"start":{"line":37,"column":0},"end":{"line":37,"column":68}},"18":{"start":{"line":41,"column":0},"end":{"line":41,"column":33}},"19":{"start":{"line":43,"column":0},"end":{"line":43,"column":35}},"20":{"start":{"line":44,"column":0},"end":{"line":44,"column":38}},"21":{"start":{"line":45,"column":0},"end":{"line":45,"column":32}},"22":{"start":{"line":46,"column":0},"end":{"line":46,"column":52}},"23":{"start":{"line":47,"column":0},"end":{"line":47,"column":44}},"24":{"start":{"line":48,"column":0},"end":{"line":48,"column":39}},"25":{"start":{"line":51,"column":0},"end":{"line":51,"column":41}},"26":{"start":{"line":53,"column":0},"end":{"line":53,"column":21}}},"fnMap":{},"branchMap":{},"s":{"0":1,"1":1,"2":1,"3":1,"4":1,"5":1,"6":1,"7":1,"8":1,"9":1,"10":1,"11":1,"12":1,"13":1,"14":1,"15":1,"16":1,"17":1,"18":1,"19":1,"20":1,"21":1,"22":1,"23":1,"24":1,"25":1,"26":1},"f":{},"b":{},"_coverageSchema":"1a1c01bbd47fc00a2c39e90264f33305004495a9","hash":"e65b48561ac01bb52dd8e79472ffe4bac63cc618"}
,"C:\\illegal fishing application\\illegalFishingBackend\\src\\server.js": {"path":"C:\\illegal fishing application\\illegalFishingBackend\\src\\server.js","statementMap":{"0":{"start":{"line":1,"column":0},"end":{"line":1,"column":27}},"1":{"start":{"line":2,"column":12},"end":{"line":2,"column":28}},"2":{"start":{"line":3,"column":18},"end":{"line":3,"column":40}},"3":{"start":{"line":5,"column":0},"end":{"line":5,"column":12}},"4":{"start":{"line":7,"column":13},"end":{"line":7,"column":37}},"5":{"start":{"line":9,"column":0},"end":{"line":11,"column":3}},"6":{"start":{"line":10,"column":2},"end":{"line":10,"column":48}}},"fnMap":{"0":{"name":"(anonymous_0)","decl":{"start":{"line":9,"column":17},"end":{"line":9,"column":18}},"loc":{"start":{"line":9,"column":23},"end":{"line":11,"column":1}},"line":9}},"branchMap":{"0":{"loc":{"start":{"line":7,"column":13},"end":{"line":7,"column":37}},"type":"binary-expr","locations":[{"start":{"line":7,"column":13},"end":{"line":7,"column":29}},{"start":{"line":7,"column":33},"end":{"line":7,"column":37}}],"line":7}},"s":{"0":0,"1":0,"2":0,"3":0,"4":0,"5":0,"6":0},"f":{"0":0},"b":{"0":[0,0]}}
,"C:\\illegal fishing application\\illegalFishingBackend\\src\\config\\cloudinary.js": {"path":"C:\\illegal fishing application\\illegalFishingBackend\\src\\config\\cloudinary.js","statementMap":{"0":{"start":{"line":1,"column":19},"end":{"line":1,"column":43}},"1":{"start":{"line":4,"column":0},"end":{"line":8,"column":3}},"2":{"start":{"line":16,"column":27},"end":{"line":36,"column":1}},"3":{"start":{"line":17,"column":2},"end":{"line":35,"column":3}},"4":{"start":{"line":18,"column":19},"end":{"line":26,"column":6}},"5":{"start":{"line":28,"column":4},"end":{"line":32,"column":6}},"6":{"start":{"line":34,"column":4},"end":{"line":34,"column":66}},"7":{"start":{"line":43,"column":29},"end":{"line":50,"column":1}},"8":{"start":{"line":44,"column":2},"end":{"line":49,"column":3}},"9":{"start":{"line":45,"column":19},"end":{"line":45,"column":62}},"10":{"start":{"line":46,"column":4},"end":{"line":46,"column":18}},"11":{"start":{"line":48,"column":4},"end":{"line":48,"column":66}},"12":{"start":{"line":52,"column":0},"end":{"line":56,"column":2}}},"fnMap":{"0":{"name":"(anonymous_0)","decl":{"start":{"line":16,"column":27},"end":{"line":16,"column":28}},"loc":{"start":{"line":16,"column":74},"end":{"line":36,"column":1}},"line":16},"1":{"name":"(anonymous_1)","decl":{"start":{"line":43,"column":29},"end":{"line":43,"column":30}},"loc":{"start":{"line":43,"column":49},"end":{"line":50,"column":1}},"line":43}},"branchMap":{"0":{"loc":{"start":{"line":16,"column":44},"end":{"line":16,"column":69}},"type":"default-arg","locations":[{"start":{"line":16,"column":53},"end":{"line":16,"column":69}}],"line":16}},"s":{"0":0,"1":0,"2":0,"3":0,"4":0,"5":0,"6":0,"7":0,"8":0,"9":0,"10":0,"11":0,"12":0},"f":{"0":0,"1":0},"b":{"0":[0]}}
,"C:\\illegal fishing application\\illegalFishingBackend\\src\\config\\db.js": {"path":"C:\\illegal fishing application\\illegalFishingBackend\\src\\config\\db.js","statementMap":{"0":{"start":{"line":1,"column":17},"end":{"line":1,"column":36}},"1":{"start":{"line":2,"column":16},"end":{"line":2,"column":50}},"2":{"start":{"line":9,"column":2},"end":{"line":27,"column":3}},"3":{"start":{"line":10,"column":17},"end":{"line":10,"column":58}},"4":{"start":{"line":11,"column":20},"end":{"line":11,"column":40}},"5":{"start":{"line":12,"column":4},"end":{"line":24,"column":5}},"6":{"start":{"line":13,"column":16},"end":{"line":13,"column":23}},"7":{"start":{"line":14,"column":6},"end":{"line":14,"column":46}},"8":{"start":{"line":14,"column":37},"end":{"line":14,"column":46}},"9":{"start":{"line":15,"column":20},"end":{"line":15,"column":34}},"10":{"start":{"line":16,"column":6},"end":{"line":23,"column":7}},"11":{"start":{"line":17,"column":8},"end":{"line":22,"column":9}},"12":{"start":{"line":18,"column":10},"end":{"line":18,"column":41}},"13":{"start":{"line":19,"column":10},"end":{"line":19,"column":67}},"14":{"start":{"line":21,"column":10},"end":{"line":21,"column":81}},"15":{"start":{"line":26,"column":4},"end":{"line":26,"column":63}},"16":{"start":{"line":30,"column":18},"end":{"line":44,"column":1}},"17":{"start":{"line":31,"column":2},"end":{"line":43,"column":3}},"18":{"start":{"line":32,"column":4},"end":{"line":32,"column":50}},"19":{"start":{"line":33,"column":4},"end":{"line":33,"column":37}},"20":{"start":{"line":34,"column":4},"end":{"line":39,"column":5}},"21":{"start":{"line":35,"column":6},"end":{"line":35,"column":53}},"22":{"start":{"line":36,"column":6},"end":{"line":36,"column":34}},"23":{"start":{"line":38,"column":6},"end":{"line":38,"column":56}},"24":{"start":{"line":41,"column":4},"end":{"line":41,"column":63}},"25":{"start":{"line":42,"column":4},"end":{"line":42,"column":20}},"26":{"start":{"line":46,"column":0},"end":{"line":46,"column":27}}},"fnMap":{"0":{"name":"removeLegacySpeciesScientificNameIndex","decl":{"start":{"line":8,"column":15},"end":{"line":8,"column":53}},"loc":{"start":{"line":8,"column":56},"end":{"line":28,"column":1}},"line":8},"1":{"name":"(anonymous_1)","decl":{"start":{"line":30,"column":18},"end":{"line":30,"column":19}},"loc":{"start":{"line":30,"column":30},"end":{"line":44,"column":1}},"line":30}},"branchMap":{"0":{"loc":{"start":{"line":14,"column":6},"end":{"line":14,"column":46}},"type":"if","locations":[{"start":{"line":14,"column":6},"end":{"line":14,"column":46}},{"start":{},"end":{}}],"line":14},"1":{"loc":{"start":{"line":14,"column":10},"end":{"line":14,"column":35}},"type":"binary-expr","locations":[{"start":{"line":14,"column":10},"end":{"line":14,"column":12}},{"start":{"line":14,"column":16},"end":{"line":14,"column":35}}],"line":14},"2":{"loc":{"start":{"line":16,"column":6},"end":{"line":23,"column":7}},"type":"if","locations":[{"start":{"line":16,"column":6},"end":{"line":23,"column":7}},{"start":{},"end":{}}],"line":16},"3":{"loc":{"start":{"line":16,"column":10},"end":{"line":16,"column":61}},"type":"binary-expr","locations":[{"start":{"line":16,"column":10},"end":{"line":16,"column":28}},{"start":{"line":16,"column":32},"end":{"line":16,"column":61}}],"line":16}},"s":{"0":0,"1":0,"2":0,"3":0,"4":0,"5":0,"6":0,"7":0,"8":0,"9":0,"10":0,"11":0,"12":0,"13":0,"14":0,"15":0,"16":0,"17":0,"18":0,"19":0,"20":0,"21":0,"22":0,"23":0,"24":0,"25":0,"26":0},"f":{"0":0,"1":0},"b":{"0":[0,0],"1":[0,0],"2":[0,0],"3":[0,0]}}
,"C:\\illegal fishing application\\illegalFishingBackend\\src\\config\\swagger.js": {"path":"C:\\illegal fishing application\\illegalFishingBackend\\src\\config\\swagger.js","statementMap":{"0":{"start":{"line":1,"column":21},"end":{"line":1,"column":45}},"1":{"start":{"line":3,"column":16},"end":{"line":33,"column":1}},"2":{"start":{"line":35,"column":0},"end":{"line":35,"column":39}}},"fnMap":{},"branchMap":{},"s":{"0":1,"1":1,"2":1},"f":{},"b":{},"_coverageSchema":"1a1c01bbd47fc00a2c39e90264f33305004495a9","hash":"26ec191a2892c03b8297022d9b8658f65bd1866b"}
,"C:\\illegal fishing application\\illegalFishingBackend\\src\\controllers\\Restrictedzone.controller.js": {"path":"C:\\illegal fishing application\\illegalFishingBackend\\src\\controllers\\Restrictedzone.controller.js","statementMap":{"0":{"start":{"line":1,"column":30},"end":{"line":1,"column":75}},"1":{"start":{"line":2,"column":16},"end":{"line":2,"column":37}},"2":{"start":{"line":3,"column":23},"end":{"line":3,"column":59}},"3":{"start":{"line":4,"column":22},"end":{"line":4,"column":59}},"4":{"start":{"line":6,"column":25},"end":{"line":32,"column":1}},"5":{"start":{"line":7,"column":2},"end":{"line":9,"column":3}},"6":{"start":{"line":8,"column":4},"end":{"line":8,"column":44}},"7":{"start":{"line":12,"column":2},"end":{"line":18,"column":3}},"8":{"start":{"line":13,"column":4},"end":{"line":17,"column":5}},"9":{"start":{"line":14,"column":6},"end":{"line":14,"column":38}},"10":{"start":{"line":16,"column":6},"end":{"line":16,"column":49}},"11":{"start":{"line":20,"column":12},"end":{"line":20,"column":32}},"12":{"start":{"line":21,"column":12},"end":{"line":21,"column":32}},"13":{"start":{"line":23,"column":2},"end":{"line":25,"column":3}},"14":{"start":{"line":24,"column":4},"end":{"line":24,"column":46}},"15":{"start":{"line":27,"column":2},"end":{"line":29,"column":3}},"16":{"start":{"line":28,"column":4},"end":{"line":28,"column":47}},"17":{"start":{"line":31,"column":2},"end":{"line":31,"column":22}},"18":{"start":{"line":34,"column":19},"end":{"line":43,"column":1}},"19":{"start":{"line":35,"column":2},"end":{"line":42,"column":3}},"20":{"start":{"line":36,"column":4},"end":{"line":36,"column":60}},"21":{"start":{"line":38,"column":17},"end":{"line":38,"column":62}},"22":{"start":{"line":39,"column":4},"end":{"line":39,"column":31}},"23":{"start":{"line":41,"column":4},"end":{"line":41,"column":53}},"24":{"start":{"line":46,"column":19},"end":{"line":57,"column":1}},"25":{"start":{"line":47,"column":2},"end":{"line":56,"column":3}},"26":{"start":{"line":48,"column":4},"end":{"line":50,"column":5}},"27":{"start":{"line":49,"column":6},"end":{"line":49,"column":62}},"28":{"start":{"line":52,"column":17},"end":{"line":52,"column":77}},"29":{"start":{"line":53,"column":4},"end":{"line":53,"column":19}},"30":{"start":{"line":55,"column":4},"end":{"line":55,"column":53}},"31":{"start":{"line":59,"column":23},"end":{"line":66,"column":1}},"32":{"start":{"line":60,"column":2},"end":{"line":65,"column":3}},"33":{"start":{"line":61,"column":20},"end":{"line":61,"column":63}},"34":{"start":{"line":62,"column":4},"end":{"line":62,"column":22}},"35":{"start":{"line":64,"column":4},"end":{"line":64,"column":53}},"36":{"start":{"line":68,"column":19},"end":{"line":75,"column":1}},"37":{"start":{"line":69,"column":2},"end":{"line":74,"column":3}},"38":{"start":{"line":70,"column":19},"end":{"line":70,"column":58}},"39":{"start":{"line":71,"column":4},"end":{"line":71,"column":21}},"40":{"start":{"line":73,"column":4},"end":{"line":73,"column":53}},"41":{"start":{"line":77,"column":17},"end":{"line":90,"column":1}},"42":{"start":{"line":78,"column":2},"end":{"line":89,"column":3}},"43":{"start":{"line":79,"column":19},"end":{"line":79,"column":21}},"44":{"start":{"line":81,"column":4},"end":{"line":83,"column":5}},"45":{"start":{"line":82,"column":6},"end":{"line":82,"column":52}},"46":{"start":{"line":85,"column":18},"end":{"line":85,"column":48}},"47":{"start":{"line":86,"column":4},"end":{"line":86,"column":20}},"48":{"start":{"line":88,"column":4},"end":{"line":88,"column":53}},"49":{"start":{"line":92,"column":22},"end":{"line":213,"column":1}},"50":{"start":{"line":93,"column":2},"end":{"line":212,"column":3}},"51":{"start":{"line":94,"column":23},"end":{"line":94,"column":32}},"52":{"start":{"line":96,"column":16},"end":{"line":96,"column":18}},"53":{"start":{"line":97,"column":23},"end":{"line":97,"column":27}},"54":{"start":{"line":99,"column":4},"end":{"line":114,"column":5}},"55":{"start":{"line":100,"column":6},"end":{"line":103,"column":9}},"56":{"start":{"line":105,"column":6},"end":{"line":109,"column":7}},"57":{"start":{"line":106,"column":8},"end":{"line":108,"column":11}},"58":{"start":{"line":111,"column":6},"end":{"line":111,"column":29}},"59":{"start":{"line":113,"column":6},"end":{"line":113,"column":60}},"60":{"start":{"line":116,"column":4},"end":{"line":136,"column":5}},"61":{"start":{"line":117,"column":6},"end":{"line":135,"column":9}},"62":{"start":{"line":138,"column":19},"end":{"line":141,"column":5}},"63":{"start":{"line":143,"column":25},"end":{"line":157,"column":7}},"64":{"start":{"line":143,"column":54},"end":{"line":157,"column":5}},"65":{"start":{"line":159,"column":27},"end":{"line":159,"column":72}},"66":{"start":{"line":161,"column":27},"end":{"line":164,"column":7}},"67":{"start":{"line":161,"column":57},"end":{"line":164,"column":5}},"68":{"start":{"line":166,"column":4},"end":{"line":188,"column":7}},"69":{"start":{"line":190,"column":4},"end":{"line":190,"column":47}},"70":{"start":{"line":193,"column":6},"end":{"line":195,"column":38}},"71":{"start":{"line":197,"column":4},"end":{"line":207,"column":5}},"72":{"start":{"line":203,"column":6},"end":{"line":206,"column":9}},"73":{"start":{"line":209,"column":4},"end":{"line":211,"column":7}},"74":{"start":{"line":215,"column":0},"end":{"line":222,"column":2}}},"fnMap":{"0":{"name":"(anonymous_0)","decl":{"start":{"line":6,"column":25},"end":{"line":6,"column":26}},"loc":{"start":{"line":6,"column":39},"end":{"line":32,"column":1}},"line":6},"1":{"name":"(anonymous_1)","decl":{"start":{"line":34,"column":19},"end":{"line":34,"column":20}},"loc":{"start":{"line":34,"column":39},"end":{"line":43,"column":1}},"line":34},"2":{"name":"(anonymous_2)","decl":{"start":{"line":46,"column":19},"end":{"line":46,"column":20}},"loc":{"start":{"line":46,"column":39},"end":{"line":57,"column":1}},"line":46},"3":{"name":"(anonymous_3)","decl":{"start":{"line":59,"column":23},"end":{"line":59,"column":24}},"loc":{"start":{"line":59,"column":43},"end":{"line":66,"column":1}},"line":59},"4":{"name":"(anonymous_4)","decl":{"start":{"line":68,"column":19},"end":{"line":68,"column":20}},"loc":{"start":{"line":68,"column":39},"end":{"line":75,"column":1}},"line":68},"5":{"name":"(anonymous_5)","decl":{"start":{"line":77,"column":17},"end":{"line":77,"column":18}},"loc":{"start":{"line":77,"column":37},"end":{"line":90,"column":1}},"line":77},"6":{"name":"(anonymous_6)","decl":{"start":{"line":92,"column":22},"end":{"line":92,"column":23}},"loc":{"start":{"line":92,"column":42},"end":{"line":213,"column":1}},"line":92},"7":{"name":"(anonymous_7)","decl":{"start":{"line":143,"column":46},"end":{"line":143,"column":47}},"loc":{"start":{"line":143,"column":54},"end":{"line":157,"column":5}},"line":143},"8":{"name":"(anonymous_8)","decl":{"start":{"line":161,"column":46},"end":{"line":161,"column":47}},"loc":{"start":{"line":161,"column":57},"end":{"line":164,"column":5}},"line":161}},"branchMap":{"0":{"loc":{"start":{"line":7,"column":2},"end":{"line":9,"column":3}},"type":"if","locations":[{"start":{"line":7,"column":2},"end":{"line":9,"column":3}},{"start":{},"end":{}}],"line":7},"1":{"loc":{"start":{"line":12,"column":2},"end":{"line":18,"column":3}},"type":"if","locations":[{"start":{"line":12,"column":2},"end":{"line":18,"column":3}},{"start":{},"end":{}}],"line":12},"2":{"loc":{"start":{"line":23,"column":2},"end":{"line":25,"column":3}},"type":"if","locations":[{"start":{"line":23,"column":2},"end":{"line":25,"column":3}},{"start":{},"end":{}}],"line":23},"3":{"loc":{"start":{"line":23,"column":6},"end":{"line":23,"column":41}},"type":"binary-expr","locations":[{"start":{"line":23,"column":6},"end":{"line":23,"column":16}},{"start":{"line":23,"column":20},"end":{"line":23,"column":29}},{"start":{"line":23,"column":33},"end":{"line":23,"column":41}}],"line":23},"4":{"loc":{"start":{"line":27,"column":2},"end":{"line":29,"column":3}},"type":"if","locations":[{"start":{"line":27,"column":2},"end":{"line":29,"column":3}},{"start":{},"end":{}}],"line":27},"5":{"loc":{"start":{"line":27,"column":6},"end":{"line":27,"column":43}},"type":"binary-expr","locations":[{"start":{"line":27,"column":6},"end":{"line":27,"column":16}},{"start":{"line":27,"column":20},"end":{"line":27,"column":30}},{"start":{"line":27,"column":34},"end":{"line":27,"column":43}}],"line":27},"6":{"loc":{"start":{"line":48,"column":4},"end":{"line":50,"column":5}},"type":"if","locations":[{"start":{"line":48,"column":4},"end":{"line":50,"column":5}},{"start":{},"end":{}}],"line":48},"7":{"loc":{"start":{"line":81,"column":4},"end":{"line":83,"column":5}},"type":"if","locations":[{"start":{"line":81,"column":4},"end":{"line":83,"column":5}},{"start":{},"end":{}}],"line":81},"8":{"loc":{"start":{"line":99,"column":4},"end":{"line":114,"column":5}},"type":"if","locations":[{"start":{"line":99,"column":4},"end":{"line":114,"column":5}},{"start":{"line":112,"column":11},"end":{"line":114,"column":5}}],"line":99},"9":{"loc":{"start":{"line":105,"column":6},"end":{"line":109,"column":7}},"type":"if","locations":[{"start":{"line":105,"column":6},"end":{"line":109,"column":7}},{"start":{},"end":{}}],"line":105},"10":{"loc":{"start":{"line":116,"column":4},"end":{"line":136,"column":5}},"type":"if","locations":[{"start":{"line":116,"column":4},"end":{"line":136,"column":5}},{"start":{},"end":{}}],"line":116},"11":{"loc":{"start":{"line":121,"column":24},"end":{"line":121,"column":36}},"type":"binary-expr","locations":[{"start":{"line":121,"column":24},"end":{"line":121,"column":30}},{"start":{"line":121,"column":34},"end":{"line":121,"column":36}}],"line":121},"12":{"loc":{"start":{"line":122,"column":26},"end":{"line":122,"column":50}},"type":"binary-expr","locations":[{"start":{"line":122,"column":26},"end":{"line":122,"column":44}},{"start":{"line":122,"column":48},"end":{"line":122,"column":50}}],"line":122},"13":{"loc":{"start":{"line":140,"column":6},"end":{"line":140,"column":32}},"type":"binary-expr","locations":[{"start":{"line":140,"column":6},"end":{"line":140,"column":24}},{"start":{"line":140,"column":28},"end":{"line":140,"column":32}}],"line":140},"14":{"loc":{"start":{"line":148,"column":14},"end":{"line":152,"column":22}},"type":"cond-expr","locations":[{"start":{"line":149,"column":10},"end":{"line":149,"column":22}},{"start":{"line":150,"column":10},"end":{"line":152,"column":22}}],"line":148},"15":{"loc":{"start":{"line":150,"column":10},"end":{"line":152,"column":22}},"type":"cond-expr","locations":[{"start":{"line":151,"column":12},"end":{"line":151,"column":20}},{"start":{"line":152,"column":12},"end":{"line":152,"column":22}}],"line":150},"16":{"loc":{"start":{"line":170,"column":22},"end":{"line":170,"column":34}},"type":"binary-expr","locations":[{"start":{"line":170,"column":22},"end":{"line":170,"column":28}},{"start":{"line":170,"column":32},"end":{"line":170,"column":34}}],"line":170},"17":{"loc":{"start":{"line":171,"column":24},"end":{"line":171,"column":48}},"type":"binary-expr","locations":[{"start":{"line":171,"column":24},"end":{"line":171,"column":42}},{"start":{"line":171,"column":46},"end":{"line":171,"column":48}}],"line":171},"18":{"loc":{"start":{"line":174,"column":24},"end":{"line":174,"column":66}},"type":"binary-expr","locations":[{"start":{"line":174,"column":24},"end":{"line":174,"column":57}},{"start":{"line":174,"column":61},"end":{"line":174,"column":66}}],"line":174},"19":{"loc":{"start":{"line":176,"column":8},"end":{"line":176,"column":78}},"type":"binary-expr","locations":[{"start":{"line":176,"column":8},"end":{"line":176,"column":41}},{"start":{"line":176,"column":45},"end":{"line":176,"column":78}}],"line":176},"20":{"loc":{"start":{"line":177,"column":19},"end":{"line":177,"column":53}},"type":"binary-expr","locations":[{"start":{"line":177,"column":19},"end":{"line":177,"column":47}},{"start":{"line":177,"column":51},"end":{"line":177,"column":53}}],"line":177},"21":{"loc":{"start":{"line":178,"column":26},"end":{"line":178,"column":67}},"type":"binary-expr","locations":[{"start":{"line":178,"column":26},"end":{"line":178,"column":61}},{"start":{"line":178,"column":65},"end":{"line":178,"column":67}}],"line":178},"22":{"loc":{"start":{"line":179,"column":21},"end":{"line":179,"column":57}},"type":"binary-expr","locations":[{"start":{"line":179,"column":21},"end":{"line":179,"column":51}},{"start":{"line":179,"column":55},"end":{"line":179,"column":57}}],"line":179},"23":{"loc":{"start":{"line":180,"column":22},"end":{"line":180,"column":59}},"type":"binary-expr","locations":[{"start":{"line":180,"column":22},"end":{"line":180,"column":53}},{"start":{"line":180,"column":57},"end":{"line":180,"column":59}}],"line":180},"24":{"loc":{"start":{"line":181,"column":20},"end":{"line":184,"column":7}},"type":"binary-expr","locations":[{"start":{"line":181,"column":20},"end":{"line":181,"column":49}},{"start":{"line":181,"column":53},"end":{"line":184,"column":7}}],"line":181},"25":{"loc":{"start":{"line":193,"column":6},"end":{"line":195,"column":38}},"type":"binary-expr","locations":[{"start":{"line":193,"column":6},"end":{"line":193,"column":20}},{"start":{"line":194,"column":6},"end":{"line":194,"column":27}},{"start":{"line":195,"column":6},"end":{"line":195,"column":38}}],"line":193},"26":{"loc":{"start":{"line":197,"column":4},"end":{"line":207,"column":5}},"type":"if","locations":[{"start":{"line":197,"column":4},"end":{"line":207,"column":5}},{"start":{},"end":{}}],"line":197},"27":{"loc":{"start":{"line":198,"column":6},"end":{"line":201,"column":47}},"type":"binary-expr","locations":[{"start":{"line":198,"column":6},"end":{"line":198,"column":53}},{"start":{"line":199,"column":6},"end":{"line":199,"column":31}},{"start":{"line":200,"column":6},"end":{"line":200,"column":46}},{"start":{"line":201,"column":6},"end":{"line":201,"column":47}}],"line":198},"28":{"loc":{"start":{"line":210,"column":15},"end":{"line":210,"column":60}},"type":"binary-expr","locations":[{"start":{"line":210,"column":15},"end":{"line":210,"column":24}},{"start":{"line":210,"column":28},"end":{"line":210,"column":60}}],"line":210}},"s":{"0":1,"1":1,"2":1,"3":1,"4":1,"5":2,"6":0,"7":2,"8":2,"9":2,"10":0,"11":2,"12":2,"13":2,"14":0,"15":2,"16":0,"17":2,"18":1,"19":2,"20":2,"21":2,"22":2,"23":0,"24":1,"25":1,"26":1,"27":0,"28":1,"29":1,"30":0,"31":1,"32":1,"33":1,"34":1,"35":0,"36":1,"37":1,"38":1,"39":1,"40":0,"41":1,"42":1,"43":1,"44":1,"45":0,"46":1,"47":1,"48":0,"49":1,"50":1,"51":1,"52":1,"53":1,"54":1,"55":0,"56":0,"57":0,"58":0,"59":1,"60":1,"61":0,"62":1,"63":1,"64":1,"65":1,"66":1,"67":1,"68":1,"69":0,"70":0,"71":0,"72":0,"73":0,"74":1},"f":{"0":2,"1":2,"2":1,"3":1,"4":1,"5":1,"6":1,"7":1,"8":1},"b":{"0":[0,2],"1":[2,0],"2":[0,2],"3":[2,2,2],"4":[0,2],"5":[2,2,2],"6":[0,1],"7":[0,1],"8":[0,1],"9":[0,0],"10":[0,1],"11":[0,0],"12":[0,0],"13":[1,1],"14":[1,0],"15":[0,0],"16":[1,1],"17":[1,1],"18":[1,0],"19":[1,0],"20":[1,1],"21":[1,1],"22":[1,1],"23":[1,1],"24":[1,1],"25":[0,0,0],"26":[0,0],"27":[0,0,0,0],"28":[0,0]},"_coverageSchema":"1a1c01bbd47fc00a2c39e90264f33305004495a9","hash":"79927d597090d4febf2cd8bcf1442e59b5934740"}
,"C:\\illegal fishing application\\illegalFishingBackend\\src\\controllers\\admin.controller.js": {"path":"C:\\illegal fishing application\\illegalFishingBackend\\src\\controllers\\admin.controller.js","statementMap":{"0":{"start":{"line":2,"column":17},"end":{"line":2,"column":42}},"1":{"start":{"line":4,"column":0},"end":{"line":7,"column":2}},"2":{"start":{"line":5,"column":16},"end":{"line":5,"column":74}},"3":{"start":{"line":6,"column":2},"end":{"line":6,"column":18}},"4":{"start":{"line":9,"column":0},"end":{"line":16,"column":2}},"5":{"start":{"line":10,"column":15},"end":{"line":14,"column":23}},"6":{"start":{"line":15,"column":2},"end":{"line":15,"column":47}},"7":{"start":{"line":18,"column":0},"end":{"line":25,"column":2}},"8":{"start":{"line":19,"column":15},"end":{"line":23,"column":23}},"9":{"start":{"line":24,"column":2},"end":{"line":24,"column":47}},"10":{"start":{"line":28,"column":0},"end":{"line":35,"column":2}},"11":{"start":{"line":29,"column":2},"end":{"line":34,"column":3}},"12":{"start":{"line":30,"column":18},"end":{"line":30,"column":81}},"13":{"start":{"line":31,"column":4},"end":{"line":31,"column":20}},"14":{"start":{"line":33,"column":4},"end":{"line":33,"column":53}},"15":{"start":{"line":38,"column":0},"end":{"line":50,"column":2}},"16":{"start":{"line":39,"column":2},"end":{"line":49,"column":3}},"17":{"start":{"line":40,"column":17},"end":{"line":40,"column":60}},"18":{"start":{"line":42,"column":4},"end":{"line":44,"column":5}},"19":{"start":{"line":43,"column":6},"end":{"line":43,"column":65}},"20":{"start":{"line":46,"column":4},"end":{"line":46,"column":55}},"21":{"start":{"line":48,"column":4},"end":{"line":48,"column":53}}},"fnMap":{"0":{"name":"(anonymous_0)","decl":{"start":{"line":4,"column":26},"end":{"line":4,"column":27}},"loc":{"start":{"line":4,"column":46},"end":{"line":7,"column":1}},"line":4},"1":{"name":"(anonymous_1)","decl":{"start":{"line":9,"column":22},"end":{"line":9,"column":23}},"loc":{"start":{"line":9,"column":42},"end":{"line":16,"column":1}},"line":9},"2":{"name":"(anonymous_2)","decl":{"start":{"line":18,"column":21},"end":{"line":18,"column":22}},"loc":{"start":{"line":18,"column":41},"end":{"line":25,"column":1}},"line":18},"3":{"name":"(anonymous_3)","decl":{"start":{"line":28,"column":22},"end":{"line":28,"column":23}},"loc":{"start":{"line":28,"column":42},"end":{"line":35,"column":1}},"line":28},"4":{"name":"(anonymous_4)","decl":{"start":{"line":38,"column":21},"end":{"line":38,"column":22}},"loc":{"start":{"line":38,"column":41},"end":{"line":50,"column":1}},"line":38}},"branchMap":{"0":{"loc":{"start":{"line":42,"column":4},"end":{"line":44,"column":5}},"type":"if","locations":[{"start":{"line":42,"column":4},"end":{"line":44,"column":5}},{"start":{},"end":{}}],"line":42}},"s":{"0":1,"1":1,"2":1,"3":1,"4":1,"5":1,"6":1,"7":1,"8":1,"9":1,"10":1,"11":1,"12":1,"13":1,"14":0,"15":1,"16":1,"17":1,"18":1,"19":0,"20":1,"21":0},"f":{"0":1,"1":1,"2":1,"3":1,"4":1},"b":{"0":[0,1]},"_coverageSchema":"1a1c01bbd47fc00a2c39e90264f33305004495a9","hash":"3f88480576bb740504099eadc19d9b1bd448578b"}
,"C:\\illegal fishing application\\illegalFishingBackend\\src\\controllers\\auth.controller.js": {"path":"C:\\illegal fishing application\\illegalFishingBackend\\src\\controllers\\auth.controller.js","statementMap":{"0":{"start":{"line":1,"column":17},"end":{"line":1,"column":42}},"1":{"start":{"line":2,"column":15},"end":{"line":2,"column":34}},"2":{"start":{"line":3,"column":22},"end":{"line":3,"column":45}},"3":{"start":{"line":5,"column":0},"end":{"line":66,"column":2}},"4":{"start":{"line":6,"column":2},"end":{"line":65,"column":3}},"5":{"start":{"line":7,"column":61},"end":{"line":7,"column":69}},"6":{"start":{"line":9,"column":25},"end":{"line":9,"column":54}},"7":{"start":{"line":10,"column":4},"end":{"line":12,"column":5}},"8":{"start":{"line":11,"column":6},"end":{"line":11,"column":71}},"9":{"start":{"line":14,"column":27},"end":{"line":14,"column":58}},"10":{"start":{"line":16,"column":17},"end":{"line":16,"column":26}},"11":{"start":{"line":17,"column":24},"end":{"line":17,"column":26}},"12":{"start":{"line":19,"column":4},"end":{"line":28,"column":5}},"13":{"start":{"line":20,"column":6},"end":{"line":20,"column":26}},"14":{"start":{"line":22,"column":6},"end":{"line":26,"column":7}},"15":{"start":{"line":23,"column":8},"end":{"line":25,"column":67}},"16":{"start":{"line":27,"column":6},"end":{"line":27,"column":61}},"17":{"start":{"line":27,"column":46},"end":{"line":27,"column":59}},"18":{"start":{"line":31,"column":21},"end":{"line":39,"column":5}},"19":{"start":{"line":42,"column":4},"end":{"line":49,"column":5}},"20":{"start":{"line":43,"column":6},"end":{"line":47,"column":7}},"21":{"start":{"line":44,"column":8},"end":{"line":46,"column":11}},"22":{"start":{"line":48,"column":6},"end":{"line":48,"column":35}},"23":{"start":{"line":51,"column":17},"end":{"line":51,"column":44}},"24":{"start":{"line":54,"column":26},"end":{"line":54,"column":73}},"25":{"start":{"line":55,"column":4},"end":{"line":57,"column":5}},"26":{"start":{"line":56,"column":6},"end":{"line":56,"column":44}},"27":{"start":{"line":59,"column":4},"end":{"line":62,"column":7}},"28":{"start":{"line":64,"column":4},"end":{"line":64,"column":53}},"29":{"start":{"line":68,"column":0},"end":{"line":108,"column":2}},"30":{"start":{"line":69,"column":2},"end":{"line":107,"column":3}},"31":{"start":{"line":70,"column":32},"end":{"line":70,"column":40}},"32":{"start":{"line":72,"column":17},"end":{"line":72,"column":46}},"33":{"start":{"line":73,"column":4},"end":{"line":75,"column":5}},"34":{"start":{"line":74,"column":6},"end":{"line":74,"column":65}},"35":{"start":{"line":77,"column":4},"end":{"line":79,"column":5}},"36":{"start":{"line":78,"column":6},"end":{"line":78,"column":75}},"37":{"start":{"line":81,"column":20},"end":{"line":81,"column":65}},"38":{"start":{"line":82,"column":4},"end":{"line":84,"column":5}},"39":{"start":{"line":83,"column":6},"end":{"line":83,"column":70}},"40":{"start":{"line":86,"column":18},"end":{"line":86,"column":37}},"41":{"start":{"line":89,"column":25},"end":{"line":95,"column":5}},"42":{"start":{"line":97,"column":4},"end":{"line":99,"column":5}},"43":{"start":{"line":98,"column":6},"end":{"line":98,"column":44}},"44":{"start":{"line":101,"column":4},"end":{"line":104,"column":7}},"45":{"start":{"line":106,"column":4},"end":{"line":106,"column":53}},"46":{"start":{"line":110,"column":0},"end":{"line":134,"column":2}},"47":{"start":{"line":111,"column":2},"end":{"line":133,"column":3}},"48":{"start":{"line":112,"column":19},"end":{"line":112,"column":34}},"49":{"start":{"line":113,"column":17},"end":{"line":113,"column":44}},"50":{"start":{"line":114,"column":4},"end":{"line":116,"column":5}},"51":{"start":{"line":115,"column":6},"end":{"line":115,"column":65}},"52":{"start":{"line":118,"column":25},"end":{"line":124,"column":5}},"53":{"start":{"line":126,"column":4},"end":{"line":128,"column":5}},"54":{"start":{"line":127,"column":6},"end":{"line":127,"column":44}},"55":{"start":{"line":130,"column":4},"end":{"line":130,"column":37}},"56":{"start":{"line":132,"column":4},"end":{"line":132,"column":53}},"57":{"start":{"line":136,"column":0},"end":{"line":191,"column":2}},"58":{"start":{"line":137,"column":2},"end":{"line":190,"column":3}},"59":{"start":{"line":138,"column":19},"end":{"line":138,"column":34}},"60":{"start":{"line":139,"column":66},"end":{"line":139,"column":74}},"61":{"start":{"line":141,"column":17},"end":{"line":141,"column":44}},"62":{"start":{"line":142,"column":4},"end":{"line":144,"column":5}},"63":{"start":{"line":143,"column":6},"end":{"line":143,"column":65}},"64":{"start":{"line":147,"column":4},"end":{"line":153,"column":5}},"65":{"start":{"line":148,"column":27},"end":{"line":148,"column":56}},"66":{"start":{"line":149,"column":6},"end":{"line":151,"column":7}},"67":{"start":{"line":150,"column":8},"end":{"line":150,"column":73}},"68":{"start":{"line":152,"column":6},"end":{"line":152,"column":25}},"69":{"start":{"line":156,"column":4},"end":{"line":166,"column":5}},"70":{"start":{"line":157,"column":6},"end":{"line":159,"column":7}},"71":{"start":{"line":158,"column":8},"end":{"line":158,"column":100}},"72":{"start":{"line":160,"column":37},"end":{"line":160,"column":89}},"73":{"start":{"line":161,"column":6},"end":{"line":163,"column":7}},"74":{"start":{"line":162,"column":8},"end":{"line":162,"column":82}},"75":{"start":{"line":164,"column":29},"end":{"line":164,"column":60}},"76":{"start":{"line":165,"column":6},"end":{"line":165,"column":37}},"77":{"start":{"line":169,"column":4},"end":{"line":171,"column":5}},"78":{"start":{"line":170,"column":6},"end":{"line":170,"column":25}},"79":{"start":{"line":174,"column":4},"end":{"line":174,"column":22}},"80":{"start":{"line":177,"column":25},"end":{"line":183,"column":5}},"81":{"start":{"line":184,"column":4},"end":{"line":187,"column":7}},"82":{"start":{"line":189,"column":4},"end":{"line":189,"column":53}}},"fnMap":{"0":{"name":"(anonymous_0)","decl":{"start":{"line":5,"column":17},"end":{"line":5,"column":18}},"loc":{"start":{"line":5,"column":37},"end":{"line":66,"column":1}},"line":5},"1":{"name":"(anonymous_1)","decl":{"start":{"line":27,"column":36},"end":{"line":27,"column":37}},"loc":{"start":{"line":27,"column":46},"end":{"line":27,"column":59}},"line":27},"2":{"name":"(anonymous_2)","decl":{"start":{"line":68,"column":16},"end":{"line":68,"column":17}},"loc":{"start":{"line":68,"column":36},"end":{"line":108,"column":1}},"line":68},"3":{"name":"(anonymous_3)","decl":{"start":{"line":110,"column":21},"end":{"line":110,"column":22}},"loc":{"start":{"line":110,"column":41},"end":{"line":134,"column":1}},"line":110},"4":{"name":"(anonymous_4)","decl":{"start":{"line":136,"column":24},"end":{"line":136,"column":25}},"loc":{"start":{"line":136,"column":44},"end":{"line":191,"column":1}},"line":136}},"branchMap":{"0":{"loc":{"start":{"line":10,"column":4},"end":{"line":12,"column":5}},"type":"if","locations":[{"start":{"line":10,"column":4},"end":{"line":12,"column":5}},{"start":{},"end":{}}],"line":10},"1":{"loc":{"start":{"line":19,"column":4},"end":{"line":28,"column":5}},"type":"if","locations":[{"start":{"line":19,"column":4},"end":{"line":28,"column":5}},{"start":{"line":21,"column":11},"end":{"line":28,"column":5}}],"line":19},"2":{"loc":{"start":{"line":22,"column":6},"end":{"line":26,"column":7}},"type":"if","locations":[{"start":{"line":22,"column":6},"end":{"line":26,"column":7}},{"start":{},"end":{}}],"line":22},"3":{"loc":{"start":{"line":22,"column":10},"end":{"line":22,"column":46}},"type":"binary-expr","locations":[{"start":{"line":22,"column":10},"end":{"line":22,"column":20}},{"start":{"line":22,"column":24},"end":{"line":22,"column":46}}],"line":22},"4":{"loc":{"start":{"line":42,"column":4},"end":{"line":49,"column":5}},"type":"if","locations":[{"start":{"line":42,"column":4},"end":{"line":49,"column":5}},{"start":{},"end":{}}],"line":42},"5":{"loc":{"start":{"line":43,"column":6},"end":{"line":47,"column":7}},"type":"if","locations":[{"start":{"line":43,"column":6},"end":{"line":47,"column":7}},{"start":{},"end":{}}],"line":43},"6":{"loc":{"start":{"line":55,"column":4},"end":{"line":57,"column":5}},"type":"if","locations":[{"start":{"line":55,"column":4},"end":{"line":57,"column":5}},{"start":{},"end":{}}],"line":55},"7":{"loc":{"start":{"line":61,"column":12},"end":{"line":61,"column":75}},"type":"cond-expr","locations":[{"start":{"line":61,"column":43},"end":{"line":61,"column":70}},{"start":{"line":61,"column":73},"end":{"line":61,"column":75}}],"line":61},"8":{"loc":{"start":{"line":73,"column":4},"end":{"line":75,"column":5}},"type":"if","locations":[{"start":{"line":73,"column":4},"end":{"line":75,"column":5}},{"start":{},"end":{}}],"line":73},"9":{"loc":{"start":{"line":77,"column":4},"end":{"line":79,"column":5}},"type":"if","locations":[{"start":{"line":77,"column":4},"end":{"line":79,"column":5}},{"start":{},"end":{}}],"line":77},"10":{"loc":{"start":{"line":82,"column":4},"end":{"line":84,"column":5}},"type":"if","locations":[{"start":{"line":82,"column":4},"end":{"line":84,"column":5}},{"start":{},"end":{}}],"line":82},"11":{"loc":{"start":{"line":97,"column":4},"end":{"line":99,"column":5}},"type":"if","locations":[{"start":{"line":97,"column":4},"end":{"line":99,"column":5}},{"start":{},"end":{}}],"line":97},"12":{"loc":{"start":{"line":97,"column":8},"end":{"line":97,"column":58}},"type":"binary-expr","locations":[{"start":{"line":97,"column":8},"end":{"line":97,"column":41}},{"start":{"line":97,"column":45},"end":{"line":97,"column":58}}],"line":97},"13":{"loc":{"start":{"line":114,"column":4},"end":{"line":116,"column":5}},"type":"if","locations":[{"start":{"line":114,"column":4},"end":{"line":116,"column":5}},{"start":{},"end":{}}],"line":114},"14":{"loc":{"start":{"line":126,"column":4},"end":{"line":128,"column":5}},"type":"if","locations":[{"start":{"line":126,"column":4},"end":{"line":128,"column":5}},{"start":{},"end":{}}],"line":126},"15":{"loc":{"start":{"line":126,"column":8},"end":{"line":126,"column":58}},"type":"binary-expr","locations":[{"start":{"line":126,"column":8},"end":{"line":126,"column":41}},{"start":{"line":126,"column":45},"end":{"line":126,"column":58}}],"line":126},"16":{"loc":{"start":{"line":142,"column":4},"end":{"line":144,"column":5}},"type":"if","locations":[{"start":{"line":142,"column":4},"end":{"line":144,"column":5}},{"start":{},"end":{}}],"line":142},"17":{"loc":{"start":{"line":147,"column":4},"end":{"line":153,"column":5}},"type":"if","locations":[{"start":{"line":147,"column":4},"end":{"line":153,"column":5}},{"start":{},"end":{}}],"line":147},"18":{"loc":{"start":{"line":147,"column":8},"end":{"line":147,"column":37}},"type":"binary-expr","locations":[{"start":{"line":147,"column":8},"end":{"line":147,"column":13}},{"start":{"line":147,"column":17},"end":{"line":147,"column":37}}],"line":147},"19":{"loc":{"start":{"line":149,"column":6},"end":{"line":151,"column":7}},"type":"if","locations":[{"start":{"line":149,"column":6},"end":{"line":151,"column":7}},{"start":{},"end":{}}],"line":149},"20":{"loc":{"start":{"line":156,"column":4},"end":{"line":166,"column":5}},"type":"if","locations":[{"start":{"line":156,"column":4},"end":{"line":166,"column":5}},{"start":{},"end":{}}],"line":156},"21":{"loc":{"start":{"line":157,"column":6},"end":{"line":159,"column":7}},"type":"if","locations":[{"start":{"line":157,"column":6},"end":{"line":159,"column":7}},{"start":{},"end":{}}],"line":157},"22":{"loc":{"start":{"line":161,"column":6},"end":{"line":163,"column":7}},"type":"if","locations":[{"start":{"line":161,"column":6},"end":{"line":163,"column":7}},{"start":{},"end":{}}],"line":161},"23":{"loc":{"start":{"line":169,"column":4},"end":{"line":171,"column":5}},"type":"if","locations":[{"start":{"line":169,"column":4},"end":{"line":171,"column":5}},{"start":{},"end":{}}],"line":169}},"s":{"0":1,"1":1,"2":1,"3":1,"4":4,"5":4,"6":4,"7":4,"8":1,"9":3,"10":3,"11":3,"12":3,"13":2,"14":1,"15":0,"16":1,"17":1,"18":3,"19":3,"20":1,"21":0,"22":1,"23":3,"24":3,"25":3,"26":2,"27":3,"28":0,"29":1,"30":42,"31":42,"32":42,"33":42,"34":0,"35":42,"36":1,"37":41,"38":41,"39":0,"40":41,"41":41,"42":41,"43":10,"44":41,"45":0,"46":1,"47":1,"48":1,"49":1,"50":1,"51":0,"52":1,"53":1,"54":0,"55":1,"56":0,"57":1,"58":1,"59":1,"60":1,"61":1,"62":1,"63":0,"64":1,"65":0,"66":0,"67":0,"68":0,"69":1,"70":0,"71":0,"72":0,"73":0,"74":0,"75":0,"76":0,"77":1,"78":1,"79":1,"80":1,"81":1,"82":0},"f":{"0":4,"1":1,"2":42,"3":1,"4":1},"b":{"0":[1,3],"1":[2,1],"2":[0,1],"3":[1,1],"4":[1,2],"5":[0,1],"6":[2,1],"7":[1,2],"8":[0,42],"9":[1,41],"10":[0,41],"11":[10,31],"12":[41,10],"13":[0,1],"14":[0,1],"15":[1,0],"16":[0,1],"17":[0,1],"18":[1,0],"19":[0,0],"20":[0,1],"21":[0,0],"22":[0,0],"23":[1,0]},"_coverageSchema":"1a1c01bbd47fc00a2c39e90264f33305004495a9","hash":"63b4f006c1549627885e87552ee2d5e0b7c0facc"}
,"C:\\illegal fishing application\\illegalFishingBackend\\src\\controllers\\investigation.controller.js": {"path":"C:\\illegal fishing application\\illegalFishingBackend\\src\\controllers\\investigation.controller.js","statementMap":{"0":{"start":{"line":2,"column":22},"end":{"line":2,"column":56}},"1":{"start":{"line":3,"column":26},"end":{"line":3,"column":60}},"2":{"start":{"line":4,"column":17},"end":{"line":4,"column":42}},"3":{"start":{"line":5,"column":28},"end":{"line":5,"column":71}},"4":{"start":{"line":6,"column":24},"end":{"line":6,"column":58}},"5":{"start":{"line":7,"column":13},"end":{"line":7,"column":28}},"6":{"start":{"line":8,"column":11},"end":{"line":8,"column":24}},"7":{"start":{"line":15,"column":0},"end":{"line":59,"column":2}},"8":{"start":{"line":16,"column":2},"end":{"line":58,"column":3}},"9":{"start":{"line":17,"column":28},"end":{"line":17,"column":45}},"10":{"start":{"line":19,"column":4},"end":{"line":23,"column":5}},"11":{"start":{"line":20,"column":6},"end":{"line":22,"column":9}},"12":{"start":{"line":26,"column":20},"end":{"line":31,"column":28}},"13":{"start":{"line":34,"column":37},"end":{"line":36,"column":32}},"14":{"start":{"line":35,"column":40},"end":{"line":35,"column":45}},"15":{"start":{"line":39,"column":29},"end":{"line":39,"column":31}},"16":{"start":{"line":40,"column":4},"end":{"line":42,"column":7}},"17":{"start":{"line":41,"column":6},"end":{"line":41,"column":61}},"18":{"start":{"line":45,"column":28},"end":{"line":48,"column":7}},"19":{"start":{"line":45,"column":51},"end":{"line":48,"column":5}},"20":{"start":{"line":50,"column":4},"end":{"line":54,"column":7}},"21":{"start":{"line":56,"column":4},"end":{"line":56,"column":25}},"22":{"start":{"line":57,"column":4},"end":{"line":57,"column":53}},"23":{"start":{"line":66,"column":0},"end":{"line":128,"column":2}},"24":{"start":{"line":67,"column":2},"end":{"line":127,"column":3}},"25":{"start":{"line":68,"column":25},"end":{"line":68,"column":35}},"26":{"start":{"line":69,"column":22},"end":{"line":69,"column":37}},"27":{"start":{"line":72,"column":19},"end":{"line":72,"column":57}},"28":{"start":{"line":73,"column":4},"end":{"line":75,"column":5}},"29":{"start":{"line":74,"column":6},"end":{"line":74,"column":67}},"30":{"start":{"line":78,"column":4},"end":{"line":82,"column":5}},"31":{"start":{"line":79,"column":6},"end":{"line":81,"column":9}},"32":{"start":{"line":85,"column":34},"end":{"line":85,"column":75}},"33":{"start":{"line":86,"column":4},"end":{"line":91,"column":5}},"34":{"start":{"line":87,"column":6},"end":{"line":90,"column":9}},"35":{"start":{"line":94,"column":26},"end":{"line":109,"column":6}},"36":{"start":{"line":111,"column":4},"end":{"line":111,"column":31}},"37":{"start":{"line":114,"column":4},"end":{"line":114,"column":36}},"38":{"start":{"line":115,"column":4},"end":{"line":115,"column":24}},"39":{"start":{"line":117,"column":4},"end":{"line":120,"column":7}},"40":{"start":{"line":122,"column":4},"end":{"line":122,"column":25}},"41":{"start":{"line":123,"column":4},"end":{"line":126,"column":7}},"42":{"start":{"line":135,"column":0},"end":{"line":251,"column":2}},"43":{"start":{"line":136,"column":2},"end":{"line":250,"column":3}},"44":{"start":{"line":137,"column":32},"end":{"line":137,"column":42}},"45":{"start":{"line":138,"column":22},"end":{"line":138,"column":37}},"46":{"start":{"line":150,"column":8},"end":{"line":150,"column":16}},"47":{"start":{"line":153,"column":27},"end":{"line":155,"column":10}},"48":{"start":{"line":154,"column":37},"end":{"line":154,"column":66}},"49":{"start":{"line":157,"column":27},"end":{"line":159,"column":10}},"50":{"start":{"line":158,"column":37},"end":{"line":158,"column":66}},"51":{"start":{"line":162,"column":26},"end":{"line":165,"column":6}},"52":{"start":{"line":167,"column":4},"end":{"line":169,"column":5}},"53":{"start":{"line":168,"column":6},"end":{"line":168,"column":74}},"54":{"start":{"line":172,"column":4},"end":{"line":172,"column":67}},"55":{"start":{"line":173,"column":4},"end":{"line":173,"column":52}},"56":{"start":{"line":174,"column":4},"end":{"line":174,"column":106}},"57":{"start":{"line":175,"column":4},"end":{"line":175,"column":44}},"58":{"start":{"line":176,"column":4},"end":{"line":176,"column":62}},"59":{"start":{"line":177,"column":4},"end":{"line":177,"column":71}},"60":{"start":{"line":178,"column":4},"end":{"line":178,"column":54}},"61":{"start":{"line":179,"column":4},"end":{"line":179,"column":81}},"62":{"start":{"line":180,"column":4},"end":{"line":180,"column":52}},"63":{"start":{"line":181,"column":4},"end":{"line":181,"column":50}},"64":{"start":{"line":182,"column":4},"end":{"line":182,"column":50}},"65":{"start":{"line":183,"column":4},"end":{"line":183,"column":39}},"66":{"start":{"line":184,"column":4},"end":{"line":184,"column":42}},"67":{"start":{"line":186,"column":4},"end":{"line":186,"column":31}},"68":{"start":{"line":189,"column":4},"end":{"line":192,"column":6}},"69":{"start":{"line":195,"column":19},"end":{"line":195,"column":71}},"70":{"start":{"line":196,"column":20},"end":{"line":196,"column":77}},"71":{"start":{"line":200,"column":29},"end":{"line":200,"column":33}},"72":{"start":{"line":202,"column":4},"end":{"line":231,"column":5}},"73":{"start":{"line":203,"column":6},"end":{"line":203,"column":92}},"74":{"start":{"line":205,"column":6},"end":{"line":209,"column":8}},"75":{"start":{"line":212,"column":6},"end":{"line":215,"column":8}},"76":{"start":{"line":217,"column":6},"end":{"line":217,"column":33}},"77":{"start":{"line":219,"column":6},"end":{"line":223,"column":9}},"78":{"start":{"line":226,"column":6},"end":{"line":226,"column":73}},"79":{"start":{"line":227,"column":6},"end":{"line":230,"column":8}},"80":{"start":{"line":234,"column":4},"end":{"line":242,"column":7}},"81":{"start":{"line":245,"column":4},"end":{"line":245,"column":56}},"82":{"start":{"line":246,"column":4},"end":{"line":249,"column":7}},"83":{"start":{"line":258,"column":0},"end":{"line":285,"column":2}},"84":{"start":{"line":259,"column":2},"end":{"line":284,"column":3}},"85":{"start":{"line":260,"column":32},"end":{"line":260,"column":42}},"86":{"start":{"line":261,"column":21},"end":{"line":261,"column":34}},"87":{"start":{"line":262,"column":19},"end":{"line":262,"column":34}},"88":{"start":{"line":264,"column":26},"end":{"line":266,"column":57}},"89":{"start":{"line":268,"column":4},"end":{"line":270,"column":5}},"90":{"start":{"line":269,"column":6},"end":{"line":269,"column":74}},"91":{"start":{"line":273,"column":4},"end":{"line":278,"column":5}},"92":{"start":{"line":275,"column":6},"end":{"line":277,"column":9}},"93":{"start":{"line":280,"column":4},"end":{"line":280,"column":28}},"94":{"start":{"line":282,"column":4},"end":{"line":282,"column":25}},"95":{"start":{"line":283,"column":4},"end":{"line":283,"column":53}},"96":{"start":{"line":292,"column":0},"end":{"line":310,"column":2}},"97":{"start":{"line":293,"column":2},"end":{"line":309,"column":3}},"98":{"start":{"line":294,"column":22},"end":{"line":294,"column":37}},"99":{"start":{"line":296,"column":27},"end":{"line":298,"column":30}},"100":{"start":{"line":300,"column":4},"end":{"line":305,"column":7}},"101":{"start":{"line":302,"column":44},"end":{"line":302,"column":68}},"102":{"start":{"line":303,"column":48},"end":{"line":303,"column":76}},"103":{"start":{"line":307,"column":4},"end":{"line":307,"column":25}},"104":{"start":{"line":308,"column":4},"end":{"line":308,"column":53}},"105":{"start":{"line":317,"column":0},"end":{"line":364,"column":2}},"106":{"start":{"line":318,"column":2},"end":{"line":363,"column":3}},"107":{"start":{"line":319,"column":53},"end":{"line":319,"column":62}},"108":{"start":{"line":321,"column":16},"end":{"line":321,"column":18}},"109":{"start":{"line":323,"column":4},"end":{"line":327,"column":5}},"110":{"start":{"line":325,"column":32},"end":{"line":325,"column":84}},"111":{"start":{"line":326,"column":6},"end":{"line":326,"column":66}},"112":{"start":{"line":326,"column":57},"end":{"line":326,"column":62}},"113":{"start":{"line":329,"column":4},"end":{"line":331,"column":5}},"114":{"start":{"line":330,"column":6},"end":{"line":330,"column":28}},"115":{"start":{"line":333,"column":4},"end":{"line":337,"column":5}},"116":{"start":{"line":334,"column":6},"end":{"line":334,"column":27}},"117":{"start":{"line":335,"column":6},"end":{"line":335,"column":64}},"118":{"start":{"line":335,"column":21},"end":{"line":335,"column":64}},"119":{"start":{"line":336,"column":6},"end":{"line":336,"column":60}},"120":{"start":{"line":336,"column":19},"end":{"line":336,"column":60}},"121":{"start":{"line":339,"column":27},"end":{"line":342,"column":30}},"122":{"start":{"line":345,"column":18},"end":{"line":354,"column":5}},"123":{"start":{"line":347,"column":44},"end":{"line":347,"column":68}},"124":{"start":{"line":348,"column":48},"end":{"line":348,"column":76}},"125":{"start":{"line":349,"column":43},"end":{"line":349,"column":66}},"126":{"start":{"line":351,"column":21},"end":{"line":351,"column":45}},"127":{"start":{"line":352,"column":28},"end":{"line":352,"column":53}},"128":{"start":{"line":353,"column":55},"end":{"line":353,"column":77}},"129":{"start":{"line":356,"column":4},"end":{"line":359,"column":7}},"130":{"start":{"line":361,"column":4},"end":{"line":361,"column":25}},"131":{"start":{"line":362,"column":4},"end":{"line":362,"column":53}},"132":{"start":{"line":371,"column":0},"end":{"line":402,"column":2}},"133":{"start":{"line":372,"column":2},"end":{"line":401,"column":3}},"134":{"start":{"line":373,"column":32},"end":{"line":373,"column":42}},"135":{"start":{"line":375,"column":26},"end":{"line":377,"column":57}},"136":{"start":{"line":379,"column":4},"end":{"line":381,"column":5}},"137":{"start":{"line":380,"column":6},"end":{"line":380,"column":74}},"138":{"start":{"line":384,"column":20},"end":{"line":384,"column":52}},"139":{"start":{"line":387,"column":4},"end":{"line":397,"column":7}},"140":{"start":{"line":388,"column":6},"end":{"line":391,"column":7}},"141":{"start":{"line":389,"column":8},"end":{"line":389,"column":27}},"142":{"start":{"line":390,"column":8},"end":{"line":390,"column":68}},"143":{"start":{"line":394,"column":6},"end":{"line":396,"column":9}},"144":{"start":{"line":395,"column":8},"end":{"line":395,"column":77}},"145":{"start":{"line":395,"column":23},"end":{"line":395,"column":77}},"146":{"start":{"line":399,"column":4},"end":{"line":399,"column":25}},"147":{"start":{"line":400,"column":4},"end":{"line":400,"column":53}},"148":{"start":{"line":409,"column":0},"end":{"line":449,"column":2}},"149":{"start":{"line":410,"column":2},"end":{"line":448,"column":3}},"150":{"start":{"line":411,"column":32},"end":{"line":411,"column":42}},"151":{"start":{"line":413,"column":26},"end":{"line":415,"column":36}},"152":{"start":{"line":417,"column":4},"end":{"line":419,"column":5}},"153":{"start":{"line":418,"column":6},"end":{"line":418,"column":74}},"154":{"start":{"line":422,"column":26},"end":{"line":424,"column":5}},"155":{"start":{"line":426,"column":19},"end":{"line":442,"column":5}},"156":{"start":{"line":444,"column":4},"end":{"line":444,"column":21}},"157":{"start":{"line":446,"column":4},"end":{"line":446,"column":60}},"158":{"start":{"line":447,"column":4},"end":{"line":447,"column":51}},"159":{"start":{"line":456,"column":0},"end":{"line":483,"column":2}},"160":{"start":{"line":457,"column":2},"end":{"line":482,"column":3}},"161":{"start":{"line":458,"column":32},"end":{"line":458,"column":42}},"162":{"start":{"line":461,"column":26},"end":{"line":461,"column":71}},"163":{"start":{"line":462,"column":4},"end":{"line":464,"column":5}},"164":{"start":{"line":463,"column":6},"end":{"line":463,"column":74}},"165":{"start":{"line":467,"column":4},"end":{"line":470,"column":6}},"166":{"start":{"line":473,"column":4},"end":{"line":473,"column":59}},"167":{"start":{"line":475,"column":4},"end":{"line":478,"column":7}},"168":{"start":{"line":480,"column":4},"end":{"line":480,"column":25}},"169":{"start":{"line":481,"column":4},"end":{"line":481,"column":53}},"170":{"start":{"line":490,"column":0},"end":{"line":529,"column":2}},"171":{"start":{"line":491,"column":2},"end":{"line":528,"column":3}},"172":{"start":{"line":492,"column":32},"end":{"line":492,"column":42}},"173":{"start":{"line":493,"column":22},"end":{"line":493,"column":37}},"174":{"start":{"line":496,"column":26},"end":{"line":499,"column":6}},"175":{"start":{"line":501,"column":4},"end":{"line":503,"column":5}},"176":{"start":{"line":502,"column":6},"end":{"line":502,"column":74}},"177":{"start":{"line":506,"column":4},"end":{"line":510,"column":5}},"178":{"start":{"line":507,"column":6},"end":{"line":509,"column":9}},"179":{"start":{"line":513,"column":4},"end":{"line":516,"column":6}},"180":{"start":{"line":519,"column":4},"end":{"line":519,"column":59}},"181":{"start":{"line":521,"column":4},"end":{"line":524,"column":7}},"182":{"start":{"line":526,"column":4},"end":{"line":526,"column":25}},"183":{"start":{"line":527,"column":4},"end":{"line":527,"column":53}},"184":{"start":{"line":536,"column":0},"end":{"line":571,"column":2}},"185":{"start":{"line":537,"column":2},"end":{"line":570,"column":3}},"186":{"start":{"line":538,"column":33},"end":{"line":538,"column":41}},"187":{"start":{"line":540,"column":4},"end":{"line":544,"column":5}},"188":{"start":{"line":541,"column":6},"end":{"line":543,"column":9}},"189":{"start":{"line":547,"column":27},"end":{"line":549,"column":6}},"190":{"start":{"line":551,"column":4},"end":{"line":556,"column":5}},"191":{"start":{"line":552,"column":6},"end":{"line":555,"column":8}},"192":{"start":{"line":559,"column":19},"end":{"line":561,"column":6}},"193":{"start":{"line":563,"column":4},"end":{"line":566,"column":7}},"194":{"start":{"line":568,"column":4},"end":{"line":568,"column":25}},"195":{"start":{"line":569,"column":4},"end":{"line":569,"column":53}}},"fnMap":{"0":{"name":"(anonymous_0)","decl":{"start":{"line":15,"column":29},"end":{"line":15,"column":30}},"loc":{"start":{"line":15,"column":49},"end":{"line":59,"column":1}},"line":15},"1":{"name":"(anonymous_1)","decl":{"start":{"line":35,"column":35},"end":{"line":35,"column":36}},"loc":{"start":{"line":35,"column":40},"end":{"line":35,"column":45}},"line":35},"2":{"name":"(anonymous_2)","decl":{"start":{"line":40,"column":37},"end":{"line":40,"column":38}},"loc":{"start":{"line":40,"column":44},"end":{"line":42,"column":5}},"line":40},"3":{"name":"(anonymous_3)","decl":{"start":{"line":45,"column":40},"end":{"line":45,"column":41}},"loc":{"start":{"line":45,"column":51},"end":{"line":48,"column":5}},"line":45},"4":{"name":"(anonymous_4)","decl":{"start":{"line":66,"column":29},"end":{"line":66,"column":30}},"loc":{"start":{"line":66,"column":49},"end":{"line":128,"column":1}},"line":66},"5":{"name":"(anonymous_5)","decl":{"start":{"line":135,"column":30},"end":{"line":135,"column":31}},"loc":{"start":{"line":135,"column":50},"end":{"line":251,"column":1}},"line":135},"6":{"name":"(anonymous_6)","decl":{"start":{"line":154,"column":29},"end":{"line":154,"column":30}},"loc":{"start":{"line":154,"column":37},"end":{"line":154,"column":66}},"line":154},"7":{"name":"(anonymous_7)","decl":{"start":{"line":158,"column":29},"end":{"line":158,"column":30}},"loc":{"start":{"line":158,"column":37},"end":{"line":158,"column":66}},"line":158},"8":{"name":"(anonymous_8)","decl":{"start":{"line":258,"column":34},"end":{"line":258,"column":35}},"loc":{"start":{"line":258,"column":54},"end":{"line":285,"column":1}},"line":258},"9":{"name":"(anonymous_9)","decl":{"start":{"line":292,"column":30},"end":{"line":292,"column":31}},"loc":{"start":{"line":292,"column":50},"end":{"line":310,"column":1}},"line":292},"10":{"name":"(anonymous_10)","decl":{"start":{"line":302,"column":39},"end":{"line":302,"column":40}},"loc":{"start":{"line":302,"column":44},"end":{"line":302,"column":68}},"line":302},"11":{"name":"(anonymous_11)","decl":{"start":{"line":303,"column":43},"end":{"line":303,"column":44}},"loc":{"start":{"line":303,"column":48},"end":{"line":303,"column":76}},"line":303},"12":{"name":"(anonymous_12)","decl":{"start":{"line":317,"column":31},"end":{"line":317,"column":32}},"loc":{"start":{"line":317,"column":51},"end":{"line":364,"column":1}},"line":317},"13":{"name":"(anonymous_13)","decl":{"start":{"line":326,"column":52},"end":{"line":326,"column":53}},"loc":{"start":{"line":326,"column":57},"end":{"line":326,"column":62}},"line":326},"14":{"name":"(anonymous_14)","decl":{"start":{"line":347,"column":39},"end":{"line":347,"column":40}},"loc":{"start":{"line":347,"column":44},"end":{"line":347,"column":68}},"line":347},"15":{"name":"(anonymous_15)","decl":{"start":{"line":348,"column":43},"end":{"line":348,"column":44}},"loc":{"start":{"line":348,"column":48},"end":{"line":348,"column":76}},"line":348},"16":{"name":"(anonymous_16)","decl":{"start":{"line":349,"column":38},"end":{"line":349,"column":39}},"loc":{"start":{"line":349,"column":43},"end":{"line":349,"column":66}},"line":349},"17":{"name":"(anonymous_17)","decl":{"start":{"line":351,"column":16},"end":{"line":351,"column":17}},"loc":{"start":{"line":351,"column":21},"end":{"line":351,"column":45}},"line":351},"18":{"name":"(anonymous_18)","decl":{"start":{"line":352,"column":16},"end":{"line":352,"column":17}},"loc":{"start":{"line":352,"column":28},"end":{"line":352,"column":53}},"line":352},"19":{"name":"(anonymous_19)","decl":{"start":{"line":353,"column":50},"end":{"line":353,"column":51}},"loc":{"start":{"line":353,"column":55},"end":{"line":353,"column":77}},"line":353},"20":{"name":"(anonymous_20)","decl":{"start":{"line":371,"column":28},"end":{"line":371,"column":29}},"loc":{"start":{"line":371,"column":48},"end":{"line":402,"column":1}},"line":371},"21":{"name":"(anonymous_21)","decl":{"start":{"line":387,"column":73},"end":{"line":387,"column":74}},"loc":{"start":{"line":387,"column":82},"end":{"line":397,"column":5}},"line":387},"22":{"name":"(anonymous_22)","decl":{"start":{"line":394,"column":25},"end":{"line":394,"column":26}},"loc":{"start":{"line":394,"column":40},"end":{"line":396,"column":7}},"line":394},"23":{"name":"(anonymous_23)","decl":{"start":{"line":409,"column":32},"end":{"line":409,"column":33}},"loc":{"start":{"line":409,"column":52},"end":{"line":449,"column":1}},"line":409},"24":{"name":"(anonymous_24)","decl":{"start":{"line":456,"column":30},"end":{"line":456,"column":31}},"loc":{"start":{"line":456,"column":50},"end":{"line":483,"column":1}},"line":456},"25":{"name":"(anonymous_25)","decl":{"start":{"line":490,"column":30},"end":{"line":490,"column":31}},"loc":{"start":{"line":490,"column":50},"end":{"line":529,"column":1}},"line":490},"26":{"name":"(anonymous_26)","decl":{"start":{"line":536,"column":35},"end":{"line":536,"column":36}},"loc":{"start":{"line":536,"column":55},"end":{"line":571,"column":1}},"line":536}},"branchMap":{"0":{"loc":{"start":{"line":19,"column":4},"end":{"line":23,"column":5}},"type":"if","locations":[{"start":{"line":19,"column":4},"end":{"line":23,"column":5}},{"start":{},"end":{}}],"line":19},"1":{"loc":{"start":{"line":47,"column":27},"end":{"line":47,"column":83}},"type":"binary-expr","locations":[{"start":{"line":47,"column":27},"end":{"line":47,"column":66}},{"start":{"line":47,"column":70},"end":{"line":47,"column":83}}],"line":47},"2":{"loc":{"start":{"line":73,"column":4},"end":{"line":75,"column":5}},"type":"if","locations":[{"start":{"line":73,"column":4},"end":{"line":75,"column":5}},{"start":{},"end":{}}],"line":73},"3":{"loc":{"start":{"line":78,"column":4},"end":{"line":82,"column":5}},"type":"if","locations":[{"start":{"line":78,"column":4},"end":{"line":82,"column":5}},{"start":{},"end":{}}],"line":78},"4":{"loc":{"start":{"line":86,"column":4},"end":{"line":91,"column":5}},"type":"if","locations":[{"start":{"line":86,"column":4},"end":{"line":91,"column":5}},{"start":{},"end":{}}],"line":86},"5":{"loc":{"start":{"line":153,"column":27},"end":{"line":155,"column":10}},"type":"cond-expr","locations":[{"start":{"line":154,"column":8},"end":{"line":154,"column":67}},{"start":{"line":155,"column":8},"end":{"line":155,"column":10}}],"line":153},"6":{"loc":{"start":{"line":157,"column":27},"end":{"line":159,"column":10}},"type":"cond-expr","locations":[{"start":{"line":158,"column":8},"end":{"line":158,"column":67}},{"start":{"line":159,"column":8},"end":{"line":159,"column":10}}],"line":157},"7":{"loc":{"start":{"line":167,"column":4},"end":{"line":169,"column":5}},"type":"if","locations":[{"start":{"line":167,"column":4},"end":{"line":169,"column":5}},{"start":{},"end":{}}],"line":167},"8":{"loc":{"start":{"line":172,"column":28},"end":{"line":172,"column":66}},"type":"binary-expr","locations":[{"start":{"line":172,"column":28},"end":{"line":172,"column":46}},{"start":{"line":172,"column":50},"end":{"line":172,"column":66}}],"line":172},"9":{"loc":{"start":{"line":174,"column":41},"end":{"line":174,"column":105}},"type":"binary-expr","locations":[{"start":{"line":174,"column":41},"end":{"line":174,"column":72}},{"start":{"line":174,"column":76},"end":{"line":174,"column":105}}],"line":174},"10":{"loc":{"start":{"line":176,"column":38},"end":{"line":176,"column":61}},"type":"binary-expr","locations":[{"start":{"line":176,"column":38},"end":{"line":176,"column":55}},{"start":{"line":176,"column":59},"end":{"line":176,"column":61}}],"line":176},"11":{"loc":{"start":{"line":177,"column":31},"end":{"line":177,"column":70}},"type":"cond-expr","locations":[{"start":{"line":177,"column":44},"end":{"line":177,"column":66}},{"start":{"line":177,"column":69},"end":{"line":177,"column":70}}],"line":177},"12":{"loc":{"start":{"line":178,"column":30},"end":{"line":178,"column":53}},"type":"binary-expr","locations":[{"start":{"line":178,"column":30},"end":{"line":178,"column":39}},{"start":{"line":178,"column":43},"end":{"line":178,"column":53}}],"line":178},"13":{"loc":{"start":{"line":179,"column":30},"end":{"line":179,"column":80}},"type":"binary-expr","locations":[{"start":{"line":179,"column":30},"end":{"line":179,"column":39}},{"start":{"line":179,"column":43},"end":{"line":179,"column":80}}],"line":179},"14":{"loc":{"start":{"line":180,"column":33},"end":{"line":180,"column":51}},"type":"binary-expr","locations":[{"start":{"line":180,"column":33},"end":{"line":180,"column":45}},{"start":{"line":180,"column":49},"end":{"line":180,"column":51}}],"line":180},"15":{"loc":{"start":{"line":268,"column":4},"end":{"line":270,"column":5}},"type":"if","locations":[{"start":{"line":268,"column":4},"end":{"line":270,"column":5}},{"start":{},"end":{}}],"line":268},"16":{"loc":{"start":{"line":273,"column":4},"end":{"line":278,"column":5}},"type":"if","locations":[{"start":{"line":273,"column":4},"end":{"line":278,"column":5}},{"start":{},"end":{}}],"line":273},"17":{"loc":{"start":{"line":273,"column":8},"end":{"line":274,"column":57}},"type":"binary-expr","locations":[{"start":{"line":273,"column":8},"end":{"line":273,"column":40}},{"start":{"line":274,"column":8},"end":{"line":274,"column":57}}],"line":273},"18":{"loc":{"start":{"line":323,"column":4},"end":{"line":327,"column":5}},"type":"if","locations":[{"start":{"line":323,"column":4},"end":{"line":327,"column":5}},{"start":{},"end":{}}],"line":323},"19":{"loc":{"start":{"line":329,"column":4},"end":{"line":331,"column":5}},"type":"if","locations":[{"start":{"line":329,"column":4},"end":{"line":331,"column":5}},{"start":{},"end":{}}],"line":329},"20":{"loc":{"start":{"line":333,"column":4},"end":{"line":337,"column":5}},"type":"if","locations":[{"start":{"line":333,"column":4},"end":{"line":337,"column":5}},{"start":{},"end":{}}],"line":333},"21":{"loc":{"start":{"line":333,"column":8},"end":{"line":333,"column":28}},"type":"binary-expr","locations":[{"start":{"line":333,"column":8},"end":{"line":333,"column":17}},{"start":{"line":333,"column":21},"end":{"line":333,"column":28}}],"line":333},"22":{"loc":{"start":{"line":335,"column":6},"end":{"line":335,"column":64}},"type":"if","locations":[{"start":{"line":335,"column":6},"end":{"line":335,"column":64}},{"start":{},"end":{}}],"line":335},"23":{"loc":{"start":{"line":336,"column":6},"end":{"line":336,"column":60}},"type":"if","locations":[{"start":{"line":336,"column":6},"end":{"line":336,"column":60}},{"start":{},"end":{}}],"line":336},"24":{"loc":{"start":{"line":352,"column":35},"end":{"line":352,"column":52}},"type":"binary-expr","locations":[{"start":{"line":352,"column":35},"end":{"line":352,"column":47}},{"start":{"line":352,"column":51},"end":{"line":352,"column":52}}],"line":352},"25":{"loc":{"start":{"line":379,"column":4},"end":{"line":381,"column":5}},"type":"if","locations":[{"start":{"line":379,"column":4},"end":{"line":381,"column":5}},{"start":{},"end":{}}],"line":379},"26":{"loc":{"start":{"line":388,"column":6},"end":{"line":391,"column":7}},"type":"if","locations":[{"start":{"line":388,"column":6},"end":{"line":391,"column":7}},{"start":{},"end":{}}],"line":388},"27":{"loc":{"start":{"line":395,"column":8},"end":{"line":395,"column":77}},"type":"if","locations":[{"start":{"line":395,"column":8},"end":{"line":395,"column":77}},{"start":{},"end":{}}],"line":395},"28":{"loc":{"start":{"line":417,"column":4},"end":{"line":419,"column":5}},"type":"if","locations":[{"start":{"line":417,"column":4},"end":{"line":419,"column":5}},{"start":{},"end":{}}],"line":417},"29":{"loc":{"start":{"line":422,"column":26},"end":{"line":424,"column":5}},"type":"binary-expr","locations":[{"start":{"line":422,"column":26},"end":{"line":422,"column":53}},{"start":{"line":422,"column":57},"end":{"line":424,"column":5}}],"line":422},"30":{"loc":{"start":{"line":434,"column":20},"end":{"line":436,"column":48}},"type":"cond-expr","locations":[{"start":{"line":435,"column":10},"end":{"line":435,"column":59}},{"start":{"line":436,"column":10},"end":{"line":436,"column":48}}],"line":434},"31":{"loc":{"start":{"line":436,"column":10},"end":{"line":436,"column":48}},"type":"cond-expr","locations":[{"start":{"line":436,"column":43},"end":{"line":436,"column":44}},{"start":{"line":436,"column":47},"end":{"line":436,"column":48}}],"line":436},"32":{"loc":{"start":{"line":438,"column":20},"end":{"line":438,"column":81}},"type":"cond-expr","locations":[{"start":{"line":438,"column":53},"end":{"line":438,"column":67}},{"start":{"line":438,"column":70},"end":{"line":438,"column":81}}],"line":438},"33":{"loc":{"start":{"line":439,"column":21},"end":{"line":439,"column":67}},"type":"binary-expr","locations":[{"start":{"line":439,"column":21},"end":{"line":439,"column":52}},{"start":{"line":439,"column":56},"end":{"line":439,"column":67}}],"line":439},"34":{"loc":{"start":{"line":462,"column":4},"end":{"line":464,"column":5}},"type":"if","locations":[{"start":{"line":462,"column":4},"end":{"line":464,"column":5}},{"start":{},"end":{}}],"line":462},"35":{"loc":{"start":{"line":501,"column":4},"end":{"line":503,"column":5}},"type":"if","locations":[{"start":{"line":501,"column":4},"end":{"line":503,"column":5}},{"start":{},"end":{}}],"line":501},"36":{"loc":{"start":{"line":506,"column":4},"end":{"line":510,"column":5}},"type":"if","locations":[{"start":{"line":506,"column":4},"end":{"line":510,"column":5}},{"start":{},"end":{}}],"line":506},"37":{"loc":{"start":{"line":540,"column":4},"end":{"line":544,"column":5}},"type":"if","locations":[{"start":{"line":540,"column":4},"end":{"line":544,"column":5}},{"start":{},"end":{}}],"line":540},"38":{"loc":{"start":{"line":540,"column":8},"end":{"line":540,"column":61}},"type":"binary-expr","locations":[{"start":{"line":540,"column":8},"end":{"line":540,"column":25}},{"start":{"line":540,"column":29},"end":{"line":540,"column":61}}],"line":540}},"s":{"0":1,"1":1,"2":1,"3":1,"4":1,"5":1,"6":1,"7":1,"8":1,"9":1,"10":1,"11":0,"12":1,"13":1,"14":1,"15":1,"16":1,"17":0,"18":1,"19":1,"20":1,"21":0,"22":0,"23":1,"24":6,"25":6,"26":6,"27":6,"28":6,"29":0,"30":6,"31":0,"32":6,"33":6,"34":0,"35":6,"36":6,"37":6,"38":6,"39":6,"40":0,"41":0,"42":1,"43":1,"44":1,"45":1,"46":1,"47":1,"48":0,"49":1,"50":0,"51":1,"52":1,"53":0,"54":1,"55":1,"56":1,"57":1,"58":1,"59":1,"60":1,"61":1,"62":1,"63":1,"64":1,"65":1,"66":1,"67":1,"68":1,"69":1,"70":1,"71":1,"72":1,"73":1,"74":1,"75":1,"76":1,"77":1,"78":0,"79":0,"80":1,"81":0,"82":0,"83":1,"84":1,"85":1,"86":1,"87":1,"88":1,"89":1,"90":0,"91":1,"92":0,"93":1,"94":0,"95":0,"96":1,"97":1,"98":1,"99":1,"100":1,"101":1,"102":1,"103":0,"104":0,"105":1,"106":1,"107":1,"108":1,"109":1,"110":0,"111":0,"112":0,"113":1,"114":0,"115":1,"116":0,"117":0,"118":0,"119":0,"120":0,"121":1,"122":1,"123":1,"124":1,"125":1,"126":1,"127":0,"128":1,"129":1,"130":0,"131":0,"132":1,"133":1,"134":1,"135":1,"136":1,"137":0,"138":1,"139":1,"140":1,"141":0,"142":0,"143":1,"144":1,"145":0,"146":0,"147":0,"148":1,"149":1,"150":1,"151":1,"152":1,"153":0,"154":1,"155":1,"156":1,"157":0,"158":0,"159":1,"160":1,"161":1,"162":1,"163":1,"164":0,"165":1,"166":1,"167":1,"168":0,"169":0,"170":1,"171":1,"172":1,"173":1,"174":1,"175":1,"176":0,"177":1,"178":0,"179":1,"180":1,"181":1,"182":0,"183":0,"184":1,"185":2,"186":2,"187":2,"188":1,"189":1,"190":1,"191":2,"192":1,"193":1,"194":0,"195":0},"f":{"0":1,"1":1,"2":0,"3":1,"4":6,"5":1,"6":0,"7":0,"8":1,"9":1,"10":1,"11":1,"12":1,"13":0,"14":1,"15":1,"16":1,"17":1,"18":0,"19":1,"20":1,"21":1,"22":1,"23":1,"24":1,"25":1,"26":2},"b":{"0":[0,1],"1":[1,1],"2":[0,6],"3":[0,6],"4":[0,6],"5":[0,1],"6":[0,1],"7":[0,1],"8":[1,0],"9":[1,0],"10":[1,0],"11":[1,0],"12":[1,0],"13":[1,0],"14":[1,0],"15":[0,1],"16":[0,1],"17":[1,1],"18":[0,1],"19":[0,1],"20":[0,1],"21":[1,1],"22":[0,0],"23":[0,0],"24":[0,0],"25":[0,1],"26":[0,1],"27":[0,1],"28":[0,1],"29":[1,0],"30":[0,1],"31":[1,0],"32":[1,0],"33":[1,0],"34":[0,1],"35":[0,1],"36":[0,1],"37":[1,1],"38":[2,1]},"_coverageSchema":"1a1c01bbd47fc00a2c39e90264f33305004495a9","hash":"21a5feaf2632ec653017d01787b27fb28dd0e410"}
,"C:\\illegal fishing application\\illegalFishingBackend\\src\\controllers\\profile.controller.js": {"path":"C:\\illegal fishing application\\illegalFishingBackend\\src\\controllers\\profile.controller.js","statementMap":{"0":{"start":{"line":1,"column":15},"end":{"line":1,"column":34}},"1":{"start":{"line":2,"column":17},"end":{"line":2,"column":42}},"2":{"start":{"line":5,"column":0},"end":{"line":34,"column":2}},"3":{"start":{"line":6,"column":2},"end":{"line":33,"column":3}},"4":{"start":{"line":7,"column":17},"end":{"line":7,"column":73}},"5":{"start":{"line":9,"column":4},"end":{"line":11,"column":5}},"6":{"start":{"line":10,"column":6},"end":{"line":10,"column":65}},"7":{"start":{"line":13,"column":4},"end":{"line":17,"column":5}},"8":{"start":{"line":14,"column":6},"end":{"line":16,"column":9}},"9":{"start":{"line":19,"column":4},"end":{"line":30,"column":7}},"10":{"start":{"line":32,"column":4},"end":{"line":32,"column":53}},"11":{"start":{"line":37,"column":0},"end":{"line":89,"column":2}},"12":{"start":{"line":38,"column":2},"end":{"line":88,"column":3}},"13":{"start":{"line":39,"column":17},"end":{"line":39,"column":53}},"14":{"start":{"line":41,"column":4},"end":{"line":43,"column":5}},"15":{"start":{"line":42,"column":6},"end":{"line":42,"column":65}},"16":{"start":{"line":45,"column":4},"end":{"line":49,"column":5}},"17":{"start":{"line":46,"column":6},"end":{"line":48,"column":9}},"18":{"start":{"line":51,"column":45},"end":{"line":51,"column":53}},"19":{"start":{"line":53,"column":4},"end":{"line":62,"column":5}},"20":{"start":{"line":54,"column":27},"end":{"line":57,"column":8}},"21":{"start":{"line":59,"column":6},"end":{"line":61,"column":7}},"22":{"start":{"line":60,"column":8},"end":{"line":60,"column":73}},"23":{"start":{"line":64,"column":4},"end":{"line":64,"column":45}},"24":{"start":{"line":64,"column":28},"end":{"line":64,"column":45}},"25":{"start":{"line":65,"column":4},"end":{"line":65,"column":48}},"26":{"start":{"line":65,"column":29},"end":{"line":65,"column":48}},"27":{"start":{"line":66,"column":4},"end":{"line":66,"column":48}},"28":{"start":{"line":66,"column":29},"end":{"line":66,"column":48}},"29":{"start":{"line":67,"column":4},"end":{"line":67,"column":57}},"30":{"start":{"line":67,"column":32},"end":{"line":67,"column":57}},"31":{"start":{"line":69,"column":4},"end":{"line":69,"column":22}},"32":{"start":{"line":71,"column":4},"end":{"line":85,"column":7}},"33":{"start":{"line":87,"column":4},"end":{"line":87,"column":53}},"34":{"start":{"line":94,"column":0},"end":{"line":114,"column":2}},"35":{"start":{"line":95,"column":2},"end":{"line":113,"column":3}},"36":{"start":{"line":96,"column":17},"end":{"line":96,"column":73}},"37":{"start":{"line":98,"column":4},"end":{"line":100,"column":5}},"38":{"start":{"line":99,"column":6},"end":{"line":99,"column":65}},"39":{"start":{"line":102,"column":4},"end":{"line":110,"column":7}},"40":{"start":{"line":112,"column":4},"end":{"line":112,"column":53}},"41":{"start":{"line":117,"column":0},"end":{"line":168,"column":2}},"42":{"start":{"line":118,"column":2},"end":{"line":167,"column":3}},"43":{"start":{"line":119,"column":35},"end":{"line":119,"column":43}},"44":{"start":{"line":121,"column":20},"end":{"line":121,"column":22}},"45":{"start":{"line":122,"column":4},"end":{"line":122,"column":73}},"46":{"start":{"line":122,"column":45},"end":{"line":122,"column":73}},"47":{"start":{"line":123,"column":4},"end":{"line":123,"column":88}},"48":{"start":{"line":123,"column":45},"end":{"line":123,"column":88}},"49":{"start":{"line":124,"column":4},"end":{"line":124,"column":74}},"50":{"start":{"line":124,"column":45},"end":{"line":124,"column":74}},"51":{"start":{"line":126,"column":4},"end":{"line":128,"column":5}},"52":{"start":{"line":127,"column":6},"end":{"line":127,"column":75}},"53":{"start":{"line":130,"column":4},"end":{"line":138,"column":5}},"54":{"start":{"line":131,"column":23},"end":{"line":134,"column":8}},"55":{"start":{"line":135,"column":6},"end":{"line":137,"column":7}},"56":{"start":{"line":136,"column":8},"end":{"line":136,"column":100}},"57":{"start":{"line":140,"column":17},"end":{"line":144,"column":25}},"58":{"start":{"line":146,"column":4},"end":{"line":148,"column":5}},"59":{"start":{"line":147,"column":6},"end":{"line":147,"column":65}},"60":{"start":{"line":150,"column":4},"end":{"line":161,"column":7}},"61":{"start":{"line":163,"column":4},"end":{"line":165,"column":5}},"62":{"start":{"line":164,"column":6},"end":{"line":164,"column":98}},"63":{"start":{"line":166,"column":4},"end":{"line":166,"column":53}},"64":{"start":{"line":171,"column":0},"end":{"line":202,"column":2}},"65":{"start":{"line":172,"column":2},"end":{"line":201,"column":3}},"66":{"start":{"line":173,"column":45},"end":{"line":173,"column":53}},"67":{"start":{"line":175,"column":4},"end":{"line":177,"column":5}},"68":{"start":{"line":176,"column":6},"end":{"line":176,"column":93}},"69":{"start":{"line":178,"column":4},"end":{"line":180,"column":5}},"70":{"start":{"line":179,"column":6},"end":{"line":179,"column":93}},"71":{"start":{"line":181,"column":4},"end":{"line":183,"column":5}},"72":{"start":{"line":182,"column":6},"end":{"line":182,"column":96}},"73":{"start":{"line":185,"column":17},"end":{"line":185,"column":73}},"74":{"start":{"line":186,"column":4},"end":{"line":188,"column":5}},"75":{"start":{"line":187,"column":6},"end":{"line":187,"column":65}},"76":{"start":{"line":190,"column":20},"end":{"line":190,"column":72}},"77":{"start":{"line":191,"column":4},"end":{"line":193,"column":5}},"78":{"start":{"line":192,"column":6},"end":{"line":192,"column":80}},"79":{"start":{"line":195,"column":4},"end":{"line":195,"column":55}},"80":{"start":{"line":196,"column":4},"end":{"line":196,"column":22}},"81":{"start":{"line":198,"column":4},"end":{"line":198,"column":71}},"82":{"start":{"line":200,"column":4},"end":{"line":200,"column":53}}},"fnMap":{"0":{"name":"(anonymous_0)","decl":{"start":{"line":5,"column":23},"end":{"line":5,"column":24}},"loc":{"start":{"line":5,"column":43},"end":{"line":34,"column":1}},"line":5},"1":{"name":"(anonymous_1)","decl":{"start":{"line":37,"column":26},"end":{"line":37,"column":27}},"loc":{"start":{"line":37,"column":46},"end":{"line":89,"column":1}},"line":37},"2":{"name":"(anonymous_2)","decl":{"start":{"line":94,"column":27},"end":{"line":94,"column":28}},"loc":{"start":{"line":94,"column":47},"end":{"line":114,"column":1}},"line":94},"3":{"name":"(anonymous_3)","decl":{"start":{"line":117,"column":30},"end":{"line":117,"column":31}},"loc":{"start":{"line":117,"column":50},"end":{"line":168,"column":1}},"line":117},"4":{"name":"(anonymous_4)","decl":{"start":{"line":171,"column":31},"end":{"line":171,"column":32}},"loc":{"start":{"line":171,"column":51},"end":{"line":202,"column":1}},"line":171}},"branchMap":{"0":{"loc":{"start":{"line":9,"column":4},"end":{"line":11,"column":5}},"type":"if","locations":[{"start":{"line":9,"column":4},"end":{"line":11,"column":5}},{"start":{},"end":{}}],"line":9},"1":{"loc":{"start":{"line":13,"column":4},"end":{"line":17,"column":5}},"type":"if","locations":[{"start":{"line":13,"column":4},"end":{"line":17,"column":5}},{"start":{},"end":{}}],"line":13},"2":{"loc":{"start":{"line":26,"column":16},"end":{"line":26,"column":35}},"type":"binary-expr","locations":[{"start":{"line":26,"column":16},"end":{"line":26,"column":29}},{"start":{"line":26,"column":33},"end":{"line":26,"column":35}}],"line":26},"3":{"loc":{"start":{"line":27,"column":21},"end":{"line":27,"column":45}},"type":"binary-expr","locations":[{"start":{"line":27,"column":21},"end":{"line":27,"column":39}},{"start":{"line":27,"column":43},"end":{"line":27,"column":45}}],"line":27},"4":{"loc":{"start":{"line":41,"column":4},"end":{"line":43,"column":5}},"type":"if","locations":[{"start":{"line":41,"column":4},"end":{"line":43,"column":5}},{"start":{},"end":{}}],"line":41},"5":{"loc":{"start":{"line":45,"column":4},"end":{"line":49,"column":5}},"type":"if","locations":[{"start":{"line":45,"column":4},"end":{"line":49,"column":5}},{"start":{},"end":{}}],"line":45},"6":{"loc":{"start":{"line":53,"column":4},"end":{"line":62,"column":5}},"type":"if","locations":[{"start":{"line":53,"column":4},"end":{"line":62,"column":5}},{"start":{},"end":{}}],"line":53},"7":{"loc":{"start":{"line":53,"column":8},"end":{"line":53,"column":37}},"type":"binary-expr","locations":[{"start":{"line":53,"column":8},"end":{"line":53,"column":13}},{"start":{"line":53,"column":17},"end":{"line":53,"column":37}}],"line":53},"8":{"loc":{"start":{"line":59,"column":6},"end":{"line":61,"column":7}},"type":"if","locations":[{"start":{"line":59,"column":6},"end":{"line":61,"column":7}},{"start":{},"end":{}}],"line":59},"9":{"loc":{"start":{"line":64,"column":4},"end":{"line":64,"column":45}},"type":"if","locations":[{"start":{"line":64,"column":4},"end":{"line":64,"column":45}},{"start":{},"end":{}}],"line":64},"10":{"loc":{"start":{"line":65,"column":4},"end":{"line":65,"column":48}},"type":"if","locations":[{"start":{"line":65,"column":4},"end":{"line":65,"column":48}},{"start":{},"end":{}}],"line":65},"11":{"loc":{"start":{"line":66,"column":4},"end":{"line":66,"column":48}},"type":"if","locations":[{"start":{"line":66,"column":4},"end":{"line":66,"column":48}},{"start":{},"end":{}}],"line":66},"12":{"loc":{"start":{"line":67,"column":4},"end":{"line":67,"column":57}},"type":"if","locations":[{"start":{"line":67,"column":4},"end":{"line":67,"column":57
[...]
,"type":"if","locations":[{"start":{"line":74,"column":4},"end":{"line":76,"column":5}},{"start":{},"end":{}}],"line":74},"5":{"loc":{"start":{"line":79,"column":30},"end":{"line":79,"column":46}},"type":"default-arg","locations":[{"start":{"line":79,"column":42},"end":{"line":79,"column":46}}],"line":79},"6":{"loc":{"start":{"line":83,"column":6},"end":{"line":83,"column":67}},"type":"if","locations":[{"start":{"line":83,"column":6},"end":{"line":83,"column":67}},{"start":{},"end":{}}],"line":83},"7":{"loc":{"start":{"line":83,"column":10},"end":{"line":83,"column":56}},"type":"binary-expr","locations":[{"start":{"line":83,"column":10},"end":{"line":83,"column":19}},{"start":{"line":83,"column":23},"end":{"line":83,"column":56}}],"line":83},"8":{"loc":{"start":{"line":86,"column":8},"end":{"line":87,"column":48}},"type":"binary-expr","locations":[{"start":{"line":86,"column":8},"end":{"line":86,"column":48}},{"start":{"line":87,"column":8},"end":{"line":87,"column":48}}],"line":86},"9":{"loc":{"start":{"line":90,"column":8},"end":{"line":91,"column":47}},"type":"binary-expr","locations":[{"start":{"line":90,"column":8},"end":{"line":90,"column":47}},{"start":{"line":91,"column":8},"end":{"line":91,"column":47}}],"line":90},"10":{"loc":{"start":{"line":93,"column":6},"end":{"line":97,"column":7}},"type":"if","locations":[{"start":{"line":93,"column":6},"end":{"line":97,"column":7}},{"start":{},"end":{}}],"line":93},"11":{"loc":{"start":{"line":93,"column":10},"end":{"line":93,"column":37}},"type":"binary-expr","locations":[{"start":{"line":93,"column":10},"end":{"line":93,"column":21}},{"start":{"line":93,"column":25},"end":{"line":93,"column":37}}],"line":93}},"s":{"0":1,"1":1,"2":1,"3":2,"4":2,"5":2,"6":0,"7":0,"8":2,"9":2,"10":2,"11":1,"12":1,"13":1,"14":0,"15":0,"16":1,"17":1,"18":1,"19":1,"20":1,"21":1,"22":1,"23":1,"24":1,"25":1,"26":3,"27":0,"28":3,"29":3,"30":1,"31":1,"32":0,"33":0,"34":0,"35":0,"36":1},"f":{"0":1,"1":2,"2":0,"3":1,"4":0,"5":1,"6":1,"7":1,"8":3,"9":3},"b":{"0":[0],"1":[0,2],"2":[0],"3":[0,1],"4":[0,3],"5":[2],"6":[1,0],"7":[1,1],"8":[0,0],"9":[0,0],"10":[0,0],"11":[0,0]},"_coverageSchema":"1a1c01bbd47fc00a2c39e90264f33305004495a9","hash":"5b2802180290f9205e7f12a485fe3792d07d6b76"}
,"C:\\illegal fishing application\\illegalFishingBackend\\src\\services\\twilio.service.js": {"path":"C:\\illegal fishing application\\illegalFishingBackend\\src\\services\\twilio.service.js","statementMap":{"0":{"start":{"line":2,"column":15},"end":{"line":2,"column":32}},"1":{"start":{"line":3,"column":0},"end":{"line":3,"column":27}},"2":{"start":{"line":8,"column":8},"end":{"line":11,"column":9}},"3":{"start":{"line":9,"column":12},"end":{"line":9,"column":71}},"4":{"start":{"line":10,"column":12},"end":{"line":10,"column":19}},"5":{"start":{"line":14,"column":8},"end":{"line":17,"column":10}},"6":{"start":{"line":19,"column":8},"end":{"line":19,"column":58}},"7":{"start":{"line":20,"column":8},"end":{"line":20,"column":28}},"8":{"start":{"line":22,"column":8},"end":{"line":22,"column":69}},"9":{"start":{"line":23,"column":8},"end":{"line":23,"column":58}},"10":{"start":{"line":24,"column":8},"end":{"line":24,"column":76}},"11":{"start":{"line":35,"column":8},"end":{"line":91,"column":9}},"12":{"start":{"line":37,"column":12},"end":{"line":40,"column":13}},"13":{"start":{"line":38,"column":16},"end":{"line":38,"column":99}},"14":{"start":{"line":43,"column":32},"end":{"line":43,"column":95}},"15":{"start":{"line":46,"column":27},"end":{"line":50,"column":14}},"16":{"start":{"line":52,"column":12},"end":{"line":52,"column":71}},"17":{"start":{"line":54,"column":12},"end":{"line":61,"column":14}},"18":{"start":{"line":65,"column":12},"end":{"line":73,"column":13}},"19":{"start":{"line":66,"column":16},"end":{"line":66,"column":74}},"20":{"start":{"line":67,"column":16},"end":{"line":72,"column":18}},"21":{"start":{"line":75,"column":12},"end":{"line":83,"column":13}},"22":{"start":{"line":76,"column":16},"end":{"line":76,"column":94}},"23":{"start":{"line":77,"column":16},"end":{"line":82,"column":18}},"24":{"start":{"line":85,"column":12},"end":{"line":85,"column":64}},"25":{"start":{"line":86,"column":12},"end":{"line":90,"column":14}},"26":{"start":{"line":102,"column":24},"end":{"line":102,"column":26}},"27":{"start":{"line":104,"column":8},"end":{"line":119,"column":9}},"28":{"start":{"line":106,"column":12},"end":{"line":106,"column":34}},"29":{"start":{"line":108,"column":27},"end":{"line":113,"column":13}},"30":{"start":{"line":115,"column":12},"end":{"line":118,"column":15}},"31":{"start":{"line":121,"column":27},"end":{"line":121,"column":64}},"32":{"start":{"line":121,"column":47},"end":{"line":121,"column":56}},"33":{"start":{"line":122,"column":23},"end":{"line":122,"column":61}},"34":{"start":{"line":122,"column":43},"end":{"line":122,"column":53}},"35":{"start":{"line":124,"column":8},"end":{"line":131,"column":10}},"36":{"start":{"line":138,"column":28},"end":{"line":145,"column":9}},"37":{"start":{"line":147,"column":22},"end":{"line":147,"column":68}},"38":{"start":{"line":151,"column":0},"end":{"line":159,"column":69}},"39":{"start":{"line":161,"column":8},"end":{"line":161,"column":42}},"40":{"start":{"line":168,"column":8},"end":{"line":190,"column":10}},"41":{"start":{"line":197,"column":8},"end":{"line":215,"column":9}},"42":{"start":{"line":198,"column":28},"end":{"line":200,"column":21}},"43":{"start":{"line":202,"column":12},"end":{"line":209,"column":14}},"44":{"start":{"line":211,"column":12},"end":{"line":214,"column":14}},"45":{"start":{"line":222,"column":8},"end":{"line":237,"column":9}},"46":{"start":{"line":223,"column":38},"end":{"line":223,"column":80}},"47":{"start":{"line":225,"column":12},"end":{"line":231,"column":14}},"48":{"start":{"line":227,"column":55},"end":{"line":230,"column":17}},"49":{"start":{"line":233,"column":12},"end":{"line":236,"column":14}},"50":{"start":{"line":241,"column":8},"end":{"line":241,"column":63}},"51":{"start":{"line":241,"column":38},"end":{"line":241,"column":61}},"52":{"start":{"line":245,"column":0},"end":{"line":245,"column":34}}},"fnMap":{"0":{"name":"(anonymous_0)","decl":{"start":{"line":6,"column":4},"end":{"line":6,"column":5}},"loc":{"start":{"line":6,"column":18},"end":{"line":25,"column":5}},"line":6},"1":{"name":"(anonymous_1)","decl":{"start":{"line":34,"column":4},"end":{"line":34,"column":5}},"loc":{"start":{"line":34,"column":75},"end":{"line":92,"column":5}},"line":34},"2":{"name":"(anonymous_2)","decl":{"start":{"line":101,"column":4},"end":{"line":101,"column":5}},"loc":{"start":{"line":101,"column":71},"end":{"line":132,"column":5}},"line":101},"3":{"name":"(anonymous_3)","decl":{"start":{"line":121,"column":42},"end":{"line":121,"column":43}},"loc":{"start":{"line":121,"column":47},"end":{"line":121,"column":56}},"line":121},"4":{"name":"(anonymous_4)","decl":{"start":{"line":122,"column":38},"end":{"line":122,"column":39}},"loc":{"start":{"line":122,"column":43},"end":{"line":122,"column":53}},"line":122},"5":{"name":"(anonymous_5)","decl":{"start":{"line":137,"column":4},"end":{"line":137,"column":5}},"loc":{"start":{"line":137,"column":63},"end":{"line":162,"column":5}},"line":137},"6":{"name":"(anonymous_6)","decl":{"start":{"line":167,"column":4},"end":{"line":167,"column":5}},"loc":{"start":{"line":167,"column":58},"end":{"line":191,"column":5}},"line":167},"7":{"name":"(anonymous_7)","decl":{"start":{"line":196,"column":4},"end":{"line":196,"column":5}},"loc":{"start":{"line":196,"column":29},"end":{"line":216,"column":5}},"line":196},"8":{"name":"(anonymous_8)","decl":{"start":{"line":221,"column":4},"end":{"line":221,"column":5}},"loc":{"start":{"line":221,"column":31},"end":{"line":238,"column":5}},"line":221},"9":{"name":"(anonymous_9)","decl":{"start":{"line":227,"column":48},"end":{"line":227,"column":49}},"loc":{"start":{"line":227,"column":55},"end":{"line":230,"column":17}},"line":227},"10":{"name":"(anonymous_10)","decl":{"start":{"line":240,"column":4},"end":{"line":240,"column":5}},"loc":{"start":{"line":240,"column":14},"end":{"line":242,"column":5}},"line":240},"11":{"name":"(anonymous_11)","decl":{"start":{"line":241,"column":27},"end":{"line":241,"column":28}},"loc":{"start":{"line":241,"column":38},"end":{"line":241,"column":61}},"line":241}},"branchMap":{"0":{"loc":{"start":{"line":8,"column":8},"end":{"line":11,"column":9}},"type":"if","locations":[{"start":{"line":8,"column":8},"end":{"line":11,"column":9}},{"start":{},"end":{}}],"line":8},"1":{"loc":{"start":{"line":8,"column":12},"end":{"line":8,"column":77}},"type":"binary-expr","locations":[{"start":{"line":8,"column":12},"end":{"line":8,"column":43}},{"start":{"line":8,"column":47},"end":{"line":8,"column":77}}],"line":8},"2":{"loc":{"start":{"line":37,"column":12},"end":{"line":40,"column":13}},"type":"if","locations":[{"start":{"line":37,"column":12},"end":{"line":40,"column":13}},{"start":{},"end":{}}],"line":37},"3":{"loc":{"start":{"line":59,"column":22},"end":{"line":59,"column":96}},"type":"cond-expr","locations":[{"start":{"line":59,"column":37},"end":{"line":59,"column":74}},{"start":{"line":59,"column":77},"end":{"line":59,"column":96}}],"line":59},"4":{"loc":{"start":{"line":65,"column":12},"end":{"line":73,"column":13}},"type":"if","locations":[{"start":{"line":65,"column":12},"end":{"line":73,"column":13}},{"start":{},"end":{}}],"line":65},"5":{"loc":{"start":{"line":75,"column":12},"end":{"line":83,"column":13}},"type":"if","locations":[{"start":{"line":75,"column":12},"end":{"line":83,"column":13}},{"start":{},"end":{}}],"line":75},"6":{"loc":{"start":{"line":147,"column":22},"end":{"line":147,"column":68}},"type":"binary-expr","locations":[{"start":{"line":147,"column":22},"end":{"line":147,"column":60}},{"start":{"line":147,"column":64},"end":{"line":147,"column":68}}],"line":147},"7":{"loc":{"start":{"line":153,"column":12},"end":{"line":153,"column":40}},"type":"binary-expr","locations":[{"start":{"line":153,"column":12},"end":{"line":153,"column":27}},{"start":{"line":153,"column":31},"end":{"line":153,"column":40}}],"line":153},"8":{"loc":{"start":{"line":155,"column":17},"end":{"line":155,"column":66}},"type":"cond-expr","locations":[{"start":{"line":155,"column":54},"end":{"line":155,"column":59}},{"start":{"line":155,"column":62},"end":{"line":155,"column":66}}],"line":155},"9":{"loc":{"start":{"line":156,"column":2},"end":{"line":156,"column":73}},"type":"cond-expr","locations":[{"start":{"line":156,"column":29},"end":{"line":156,"column":68}},{"start":{"line":156,"column":71},"end":{"line":156,"column":73}}],"line":156},"10":{"loc":{"start":{"line":157,"column":11},"end":{"line":157,"column":36}},"type":"binary-expr","locations":[{"start":{"line":157,"column":11},"end":{"line":157,"column":23}},{"start":{"line":157,"column":27},"end":{"line":157,"column":36}}],"line":157},"11":{"loc":{"start":{"line":159,"column":11},"end":{"line":159,"column":67}},"type":"binary-expr","locations":[{"start":{"line":159,"column":11},"end":{"line":159,"column":42}},{"start":{"line":159,"column":46},"end":{"line":159,"column":67}}],"line":159},"12":{"loc":{"start":{"line":177,"column":25},"end":{"line":177,"column":61}},"type":"cond-expr","locations":[{"start":{"line":177,"column":49},"end":{"line":177,"column":54}},{"start":{"line":177,"column":57},"end":{"line":177,"column":61}}],"line":177},"13":{"loc":{"start":{"line":179,"column":30},"end":{"line":179,"column":79}},"type":"cond-expr","locations":[{"start":{"line":179,"column":67},"end":{"line":179,"column":72}},{"start":{"line":179,"column":75},"end":{"line":179,"column":79}}],"line":179},"14":{"loc":{"start":{"line":186,"column":28},"end":{"line":186,"column":69}},"type":"binary-expr","locations":[{"start":{"line":186,"column":28},"end":{"line":186,"column":64}},{"start":{"line":186,"column":68},"end":{"line":186,"column":69}}],"line":186},"15":{"loc":{"start":{"line":187,"column":28},"end":{"line":187,"column":69}},"type":"binary-expr","locations":[{"start":{"line":187,"column":28},"end":{"line":187,"column":64}},{"start":{"line":187,"column":68},"end":{"line":187,"column":69}}],"line":187}},"s":{"0":1,"1":1,"2":1,"3":0,"4":0,"5":1,"6":1,"7":1,"8":1,"9":1,"10":1,"11":1,"12":1,"13":1,"14":1,"15":1,"16":0,"17":0,"18":1,"19":0,"20":0,"21":1,"22":0,"23":0,"24":1,"25":1,"26":1,"27":1,"28":1,"29":1,"30":1,"31":1,"32":1,"33":1,"34":1,"35":1,"36":1,"37":1,"38":1,"39":1,"40":0,"41":0,"42":0,"43":0,"44":0,"45":0,"46":0,"47":0,"48":0,"49":0,"50":1,"51":1,"52":1},"f":{"0":1,"1":1,"2":1,"3":1,"4":1,"5":1,"6":0,"7":0,"8":0,"9":0,"10":1,"11":1},"b":{"0":[0,1],"1":[1,1],"2":[1,0],"3":[0,0],"4":[0,1],"5":[0,1],"6":[1,0],"7":[1,0],"8":[1,0],"9":[0,1],"10":[1,0],"11":[1,0],"12":[0,0],"13":[0,0],"14":[0,0],"15":[0,0]},"_coverageSchema":"1a1c01bbd47fc00a2c39e90264f33305004495a9","hash":"f535d61cc278fc40045b60bcde1871c557273f53"}
,"C:\\illegal fishing application\\illegalFishingBackend\\src\\utils\\email.service.js": {"path":"C:\\illegal fishing application\\illegalFishingBackend\\src\\utils\\email.service.js","statementMap":{"0":{"start":{"line":2,"column":15},"end":{"line":2,"column":40}},"1":{"start":{"line":4,"column":0},"end":{"line":4,"column":47}},"2":{"start":{"line":6,"column":18},"end":{"line":20,"column":1}},"3":{"start":{"line":7,"column":14},"end":{"line":12,"column":3}},"4":{"start":{"line":14,"column":2},"end":{"line":19,"column":3}},"5":{"start":{"line":15,"column":4},"end":{"line":15,"column":27}},"6":{"start":{"line":16,"column":4},"end":{"line":16,"column":43}},"7":{"start":{"line":18,"column":4},"end":{"line":18,"column":73}},"8":{"start":{"line":22,"column":0},"end":{"line":22,"column":27}}},"fnMap":{"0":{"name":"(anonymous_0)","decl":{"start":{"line":6,"column":18},"end":{"line":6,"column":19}},"loc":{"start":{"line":6,"column":47},"end":{"line":20,"column":1}},"line":6}},"branchMap":{"0":{"loc":{"start":{"line":18,"column":34},"end":{"line":18,"column":71}},"type":"binary-expr","locations":[{"start":{"line":18,"column":34},"end":{"line":18,"column":54}},{"start":{"line":18,"column":58},"end":{"line":18,"column":71}}],"line":18}},"s":{"0":0,"1":0,"2":0,"3":0,"4":0,"5":0,"6":0,"7":0,"8":0},"f":{"0":0},"b":{"0":[0,0]}}
,"C:\\illegal fishing application\\illegalFishingBackend\\src\\utils\\geoUtils.js": {"path":"C:\\illegal fishing application\\illegalFishingBackend\\src\\utils\\geoUtils.js","statementMap":{"0":{"start":{"line":9,"column":26},"end":{"line":24,"column":1}},"1":{"start":{"line":10,"column":12},"end":{"line":10,"column":16}},"2":{"start":{"line":12,"column":15},"end":{"line":12,"column":33}},"3":{"start":{"line":13,"column":15},"end":{"line":13,"column":33}},"4":{"start":{"line":16,"column":4},"end":{"line":18,"column":43}},"5":{"start":{"line":20,"column":12},"end":{"line":20,"column":58}},"6":{"start":{"line":21,"column":19},"end":{"line":21,"column":24}},"7":{"start":{"line":23,"column":2},"end":{"line":23,"column":18}},"8":{"start":{"line":31,"column":14},"end":{"line":33,"column":1}},"9":{"start":{"line":32,"column":2},"end":{"line":32,"column":31}},"10":{"start":{"line":40,"column":14},"end":{"line":42,"column":1}},"11":{"start":{"line":41,"column":2},"end":{"line":41,"column":31}},"12":{"start":{"line":51,"column":23},"end":{"line":62,"column":1}},"13":{"start":{"line":52,"column":17},"end":{"line":52,"column":32}},"14":{"start":{"line":53,"column":17},"end":{"line":53,"column":34}},"15":{"start":{"line":54,"column":17},"end":{"line":54,"column":55}},"16":{"start":{"line":56,"column":2},"end":{"line":61,"column":4}},"17":{"start":{"line":69,"column":23},"end":{"line":81,"column":1}},"18":{"start":{"line":70,"column":2},"end":{"line":80,"column":3}},"19":{"start":{"line":71,"column":4},"end":{"line":74,"column":6}},"20":{"start":{"line":76,"column":4},"end":{"line":79,"column":6}},"21":{"start":{"line":92,"column":23},"end":{"line":95,"column":1}},"22":{"start":{"line":93,"column":19},"end":{"line":93,"column":60}},"23":{"start":{"line":94,"column":2},"end":{"line":94,"column":30}},"24":{"start":{"line":104,"column":23},"end":{"line":116,"column":1}},"25":{"start":{"line":105,"column":2},"end":{"line":115,"column":45}},"26":{"start":{"line":106,"column":22},"end":{"line":114,"column":5}},"27":{"start":{"line":115,"column":20},"end":{"line":115,"column":43}},"28":{"start":{"line":118,"column":0},"end":{"line":126,"column":2}}},"fnMap":{"0":{"name":"(anonymous_0)","decl":{"start":{"line":9,"column":26},"end":{"line":9,"column":27}},"loc":{"start":{"line":9,"column":54},"end":{"line":24,"column":1}},"line":9},"1":{"name":"(anonymous_1)","decl":{"start":{"line":31,"column":14},"end":{"line":31,"column":15}},"loc":{"start":{"line":31,"column":23},"end":{"line":33,"column":1}},"line":31},"2":{"name":"(anonymous_2)","decl":{"start":{"line":40,"column":14},"end":{"line":40,"column":15}},"loc":{"start":{"line":40,"column":23},"end":{"line":42,"column":1}},"line":40},"3":{"name":"(anonymous_3)","decl":{"start":{"line":51,"column":23},"end":{"line":51,"column":24}},"loc":{"start":{"line":51,"column":58},"end":{"line":62,"column":1}},"line":51},"4":{"name":"(anonymous_4)","decl":{"start":{"line":69,"column":23},"end":{"line":69,"column":24}},"loc":{"start":{"line":69,"column":39},"end":{"line":81,"column":1}},"line":69},"5":{"name":"(anonymous_5)","decl":{"start":{"line":92,"column":23},"end":{"line":92,"column":24}},"loc":{"start":{"line":92,"column":61},"end":{"line":95,"column":1}},"line":92},"6":{"name":"(anonymous_6)","decl":{"start":{"line":104,"column":23},"end":{"line":104,"column":24}},"loc":{"start":{"line":104,"column":60},"end":{"line":116,"column":1}},"line":104},"7":{"name":"(anonymous_7)","decl":{"start":{"line":106,"column":9},"end":{"line":106,"column":10}},"loc":{"start":{"line":106,"column":22},"end":{"line":114,"column":5}},"line":106},"8":{"name":"(anonymous_8)","decl":{"start":{"line":115,"column":10},"end":{"line":115,"column":11}},"loc":{"start":{"line":115,"column":20},"end":{"line":115,"column":43}},"line":115}},"branchMap":{"0":{"loc":{"start":{"line":70,"column":2},"end":{"line":80,"column":3}},"type":"if","locations":[{"start":{"line":70,"column":2},"end":{"line":80,"column":3}},{"start":{"line":75,"column":9},"end":{"line":80,"column":3}}],"line":70},"1":{"loc":{"start":{"line":111,"column":8},"end":{"line":111,"column":41}},"type":"binary-expr","locations":[{"start":{"line":111,"column":8},"end":{"line":111,"column":25}},{"start":{"line":111,"column":29},"end":{"line":111,"column":41}}],"line":111},"2":{"loc":{"start":{"line":112,"column":8},"end":{"line":112,"column":42}},"type":"binary-expr","locations":[{"start":{"line":112,"column":8},"end":{"line":112,"column":26}},{"start":{"line":112,"column":30},"end":{"line":112,"column":42}}],"line":112}},"s":{"0":1,"1":1,"2":1,"3":1,"4":1,"5":1,"6":1,"7":1,"8":1,"9":4,"10":1,"11":0,"12":1,"13":0,"14":0,"15":0,"16":0,"17":1,"18":0,"19":0,"20":0,"21":1,"22":0,"23":0,"24":1,"25":0,"26":0,"27":0,"28":1},"f":{"0":1,"1":4,"2":0,"3":0,"4":0,"5":0,"6":0,"7":0,"8":0},"b":{"0":[0,0],"1":[0,0],"2":[0,0]},"_coverageSchema":"1a1c01bbd47fc00a2c39e90264f33305004495a9","hash":"a7ba1dd93d9bba9823c259d68b46fbf4cd2a0e2f"}
,"C:\\illegal fishing application\\illegalFishingBackend\\src\\utils\\jwt.js": {"path":"C:\\illegal fishing application\\illegalFishingBackend\\src\\utils\\jwt.js","statementMap":{"0":{"start":{"line":1,"column":12},"end":{"line":1,"column":35}},"1":{"start":{"line":3,"column":22},"end":{"line":9,"column":1}},"2":{"start":{"line":4,"column":2},"end":{"line":8,"column":4}},"3":{"start":{"line":11,"column":0},"end":{"line":11,"column":31}}},"fnMap":{"0":{"name":"(anonymous_0)","decl":{"start":{"line":3,"column":22},"end":{"line":3,"column":23}},"loc":{"start":{"line":3,"column":32},"end":{"line":9,"column":1}},"line":3}},"branchMap":{},"s":{"0":1,"1":1,"2":41,"3":1},"f":{"0":41},"b":{},"_coverageSchema":"1a1c01bbd47fc00a2c39e90264f33305004495a9","hash":"aa9350e17dc7ab29e40350536dd289772f788e5a"}
}
