TN:
SF:src\app.js
FNF:0
FNH:0
DA:3,1
DA:4,1
DA:6,1
DA:7,1
DA:8,1
DA:9,1
DA:10,1
DA:11,1
DA:12,1
DA:14,1
DA:16,1
DA:21,1
DA:28,1
DA:29,1
DA:32,1
DA:35,1
DA:36,1
DA:37,1
DA:41,1
DA:43,1
DA:44,1
DA:45,1
DA:46,1
DA:47,1
DA:48,1
DA:51,1
DA:53,1
LF:27
LH:27
BRF:0
BRH:0
end_of_record
TN:
SF:src\server.js
FN:9,(anonymous_0)
FNF:1
FNH:0
FNDA:0,(anonymous_0)
DA:1,0
DA:2,0
DA:3,0
DA:5,0
DA:7,0
DA:9,0
DA:10,0
LF:7
LH:0
BRDA:7,0,0,0
BRDA:7,0,1,0
BRF:2
BRH:0
end_of_record
TN:
SF:src\config\cloudinary.js
FN:16,(anonymous_0)
FN:43,(anonymous_1)
FNF:2
FNH:0
FNDA:0,(anonymous_0)
FNDA:0,(anonymous_1)
DA:1,0
DA:4,0
DA:16,0
DA:17,0
DA:18,0
DA:28,0
DA:34,0
DA:43,0
DA:44,0
DA:45,0
DA:46,0
DA:48,0
DA:52,0
LF:13
LH:0
BRDA:16,0,0,0
BRF:1
BRH:0
end_of_record
TN:
SF:src\config\db.js
FN:8,removeLegacySpeciesScientificNameIndex
FN:30,(anonymous_1)
FNF:2
FNH:0
FNDA:0,removeLegacySpeciesScientificNameIndex
FNDA:0,(anonymous_1)
DA:1,0
DA:2,0
DA:9,0
DA:10,0
DA:11,0
DA:12,0
DA:13,0
DA:14,0
DA:15,0
DA:16,0
DA:17,0
DA:18,0
DA:19,0
DA:21,0
DA:26,0
DA:30,0
DA:31,0
DA:32,0
DA:33,0
DA:34,0
DA:35,0
DA:36,0
DA:38,0
DA:41,0
DA:42,0
DA:46,0
LF:26
LH:0
BRDA:14,0,0,0
BRDA:14,0,1,0
BRDA:14,1,0,0
BRDA:14,1,1,0
BRDA:16,2,0,0
BRDA:16,2,1,0
BRDA:16,3,0,0
BRDA:16,3,1,0
BRF:8
BRH:0
end_of_record
TN:
SF:src\config\swagger.js
FNF:0
FNH:0
DA:1,1
DA:3,1
DA:35,1
LF:3
LH:3
BRF:0
BRH:0
end_of_record
TN:
SF:src\controllers\Restrictedzone.controller.js
FN:6,(anonymous_0)
FN:34,(anonymous_1)
FN:46,(anonymous_2)
FN:59,(anonymous_3)
FN:68,(anonymous_4)
FN:77,(anonymous_5)
FN:92,(anonymous_6)
FN:143,(anonymous_7)
FN:161,(anonymous_8)
FNF:9
FNH:9
FNDA:2,(anonymous_0)
FNDA:2,(anonymous_1)
FNDA:1,(anonymous_2)
FNDA:1,(anonymous_3)
FNDA:1,(anonymous_4)
FNDA:1,(anonymous_5)
FNDA:1,(anonymous_6)
FNDA:1,(anonymous_7)
FNDA:1,(anonymous_8)
DA:1,1
DA:2,1
DA:3,1
DA:4,1
DA:6,1
DA:7,2
DA:8,0
DA:12,2
DA:13,2
DA:14,2
DA:16,0
DA:20,2
DA:21,2
DA:23,2
DA:24,0
DA:27,2
DA:28,0
DA:31,2
DA:34,1
DA:35,2
DA:36,2
DA:38,2
DA:39,2
DA:41,0
DA:46,1
DA:47,1
DA:48,1
DA:49,0
DA:52,1
DA:53,1
DA:55,0
DA:59,1
DA:60,1
DA:61,1
DA:62,1
DA:64,0
DA:68,1
DA:69,1
DA:70,1
DA:71,1
DA:73,0
DA:77,1
DA:78,1
DA:79,1
DA:81,1
DA:82,0
DA:85,1
DA:86,1
DA:88,0
DA:92,1
DA:93,1
DA:94,1
DA:96,1
DA:97,1
DA:99,1
DA:100,0
DA:105,0
DA:106,0
DA:111,0
DA:113,1
DA:116,1
DA:117,0
DA:138,1
DA:143,1
DA:159,1
DA:161,1
DA:166,1
DA:190,0
DA:193,0
DA:197,0
DA:203,0
DA:209,0
DA:215,1
LF:73
LH:52
BRDA:7,0,0,0
BRDA:7,0,1,2
BRDA:12,1,0,2
BRDA:12,1,1,0
BRDA:23,2,0,0
BRDA:23,2,1,2
BRDA:23,3,0,2
BRDA:23,3,1,2
BRDA:23,3,2,2
BRDA:27,4,0,0
BRDA:27,4,1,2
BRDA:27,5,0,2
BRDA:27,5,1,2
BRDA:27,5,2,2
BRDA:48,6,0,0
BRDA:48,6,1,1
BRDA:81,7,0,0
BRDA:81,7,1,1
BRDA:99,8,0,0
BRDA:99,8,1,1
BRDA:105,9,0,0
BRDA:105,9,1,0
BRDA:116,10,0,0
BRDA:116,10,1,1
BRDA:121,11,0,0
BRDA:121,11,1,0
BRDA:122,12,0,0
BRDA:122,12,1,0
BRDA:140,13,0,1
BRDA:140,13,1,1
BRDA:148,14,0,1
BRDA:148,14,1,0
BRDA:150,15,0,0
BRDA:150,15,1,0
BRDA:170,16,0,1
BRDA:170,16,1,1
BRDA:171,17,0,1
BRDA:171,17,1,1
BRDA:174,18,0,1
BRDA:174,18,1,0
BRDA:176,19,0,1
BRDA:176,19,1,0
BRDA:177,20,0,1
BRDA:177,20,1,1
BRDA:178,21,0,1
BRDA:178,21,1,1
BRDA:179,22,0,1
BRDA:179,22,1,1
BRDA:180,23,0,1
BRDA:180,23,1,1
BRDA:181,24,0,1
BRDA:181,24,1,1
BRDA:193,25,0,0
BRDA:193,25,1,0
BRDA:193,25,2,0
BRDA:197,26,0,0
BRDA:197,26,1,0
BRDA:198,27,0,0
BRDA:198,27,1,0
BRDA:198,27,2,0
BRDA:198,27,3,0
BRDA:210,28,0,0
BRDA:210,28,1,0
BRF:63
BRH:33
end_of_record
TN:
SF:src\controllers\admin.controller.js
FN:4,(anonymous_0)
FN:9,(anonymous_1)
FN:18,(anonymous_2)
FN:28,(anonymous_3)
FN:38,(anonymous_4)
FNF:5
FNH:5
FNDA:1,(anonymous_0)
FNDA:1,(anonymous_1)
FNDA:1,(anonymous_2)
FNDA:1,(anonymous_3)
FNDA:1,(anonymous_4)
DA:2,1
DA:4,1
DA:5,1
DA:6,1
DA:9,1
DA:10,1
DA:15,1
DA:18,1
DA:19,1
DA:24,1
DA:28,1
DA:29,1
DA:30,1
DA:31,1
DA:33,0
DA:38,1
DA:39,1
DA:40,1
DA:42,1
DA:43,0
DA:46,1
DA:48,0
LF:22
LH:19
BRDA:42,0,0,0
BRDA:42,0,1,1
BRF:2
BRH:1
end_of_record
TN:
SF:src\controllers\auth.controller.js
FN:5,(anonymous_0)
FN:27,(anonymous_1)
FN:68,(anonymous_2)
FN:110,(anonymous_3)
FN:136,(anonymous_4)
FNF:5
FNH:5
FNDA:4,(anonymous_0)
FNDA:1,(anonymous_1)
FNDA:42,(anonymous_2)
FNDA:1,(anonymous_3)
FNDA:1,(anonymous_4)
DA:1,1
DA:2,1
DA:3,1
DA:5,1
DA:6,4
DA:7,4
DA:9,4
DA:10,4
DA:11,1
DA:14,3
DA:16,3
DA:17,3
DA:19,3
DA:20,2
DA:22,1
DA:23,0
DA:27,1
DA:31,3
DA:42,3
DA:43,1
DA:44,0
DA:48,1
DA:51,3
DA:54,3
DA:55,3
DA:56,2
DA:59,3
DA:64,0
DA:68,1
DA:69,42
DA:70,42
DA:72,42
DA:73,42
DA:74,0
DA:77,42
DA:78,1
DA:81,41
DA:82,41
DA:83,0
DA:86,41
DA:89,41
DA:97,41
DA:98,10
DA:101,41
DA:106,0
DA:110,1
DA:111,1
DA:112,1
DA:113,1
DA:114,1
DA:115,0
DA:118,1
DA:126,1
DA:127,0
DA:130,1
DA:132,0
DA:136,1
DA:137,1
DA:138,1
DA:139,1
DA:141,1
DA:142,1
DA:143,0
DA:147,1
DA:148,0
DA:149,0
DA:150,0
DA:152,0
DA:156,1
DA:157,0
DA:158,0
DA:160,0
DA:161,0
DA:162,0
DA:164,0
DA:165,0
DA:169,1
DA:170,1
DA:174,1
DA:177,1
DA:184,1
DA:189,0
LF:82
LH:60
BRDA:10,0,0,1
BRDA:10,0,1,3
BRDA:19,1,0,2
BRDA:19,1,1,1
BRDA:22,2,0,0
BRDA:22,2,1,1
BRDA:22,3,0,1
BRDA:22,3,1,1
BRDA:42,4,0,1
BRDA:42,4,1,2
BRDA:43,5,0,0
BRDA:43,5,1,1
BRDA:55,6,0,2
BRDA:55,6,1,1
BRDA:61,7,0,1
BRDA:61,7,1,2
BRDA:73,8,0,0
BRDA:73,8,1,42
BRDA:77,9,0,1
BRDA:77,9,1,41
BRDA:82,10,0,0
BRDA:82,10,1,41
BRDA:97,11,0,10
BRDA:97,11,1,31
BRDA:97,12,0,41
BRDA:97,12,1,10
BRDA:114,13,0,0
BRDA:114,13,1,1
BRDA:126,14,0,0
BRDA:126,14,1,1
BRDA:126,15,0,1
BRDA:126,15,1,0
BRDA:142,16,0,0
BRDA:142,16,1,1
BRDA:147,17,0,0
BRDA:147,17,1,1
BRDA:147,18,0,1
BRDA:147,18,1,0
BRDA:149,19,0,0
BRDA:149,19,1,0
BRDA:156,20,0,0
BRDA:156,20,1,1
BRDA:157,21,0,0
BRDA:157,21,1,0
BRDA:161,22,0,0
BRDA:161,22,1,0
BRDA:169,23,0,1
BRDA:169,23,1,0
BRF:48
BRH:30
end_of_record
TN:
SF:src\controllers\investigation.controller.js
FN:15,(anonymous_0)
FN:35,(anonymous_1)
FN:40,(anonymous_2)
FN:45,(anonymous_3)
FN:66,(anonymous_4)
FN:135,(anonymous_5)
FN:154,(anonymous_6)
FN:158,(anonymous_7)
FN:258,(anonymous_8)
FN:292,(anonymous_9)
FN:302,(anonymous_10)
FN:303,(anonymous_11)
FN:317,(anonymous_12)
FN:326,(anonymous_13)
FN:347,(anonymous_14)
FN:348,(anonymous_15)
FN:349,(anonymous_16)
FN:351,(anonymous_17)
FN:352,(anonymous_18)
FN:353,(anonymous_19)
FN:371,(anonymous_20)
FN:387,(anonymous_21)
FN:394,(anonymous_22)
FN:409,(anonymous_23)
FN:456,(anonymous_24)
FN:490,(anonymous_25)
FN:536,(anonymous_26)
FNF:27
FNH:22
FNDA:1,(anonymous_0)
FNDA:1,(anonymous_1)
FNDA:0,(anonymous_2)
FNDA:1,(anonymous_3)
FNDA:6,(anonymous_4)
FNDA:1,(anonymous_5)
FNDA:0,(anonymous_6)
FNDA:0,(anonymous_7)
FNDA:1,(anonymous_8)
FNDA:1,(anonymous_9)
FNDA:1,(anonymous_10)
FNDA:1,(anonymous_11)
FNDA:1,(anonymous_12)
FNDA:0,(anonymous_13)
FNDA:1,(anonymous_14)
FNDA:1,(anonymous_15)
FNDA:1,(anonymous_16)
FNDA:1,(anonymous_17)
FNDA:0,(anonymous_18)
FNDA:1,(anonymous_19)
FNDA:1,(anonymous_20)
FNDA:1,(anonymous_21)
FNDA:1,(anonymous_22)
FNDA:1,(anonymous_23)
FNDA:1,(anonymous_24)
FNDA:1,(anonymous_25)
FNDA:2,(anonymous_26)
DA:2,1
DA:3,1
DA:4,1
DA:5,1
DA:6,1
DA:7,1
DA:8,1
DA:15,1
DA:16,1
DA:17,1
DA:19,1
DA:20,0
DA:26,1
DA:34,1
DA:35,1
DA:39,1
DA:40,1
DA:41,0
DA:45,1
DA:50,1
DA:56,0
DA:57,0
DA:66,1
DA:67,6
DA:68,6
DA:69,6
DA:72,6
DA:73,6
DA:74,0
DA:78,6
DA:79,0
DA:85,6
DA:86,6
DA:87,0
DA:94,6
DA:111,6
DA:114,6
DA:115,6
DA:117,6
DA:122,0
DA:123,0
DA:135,1
DA:136,1
DA:137,1
DA:138,1
DA:150,1
DA:153,1
DA:154,0
DA:157,1
DA:158,0
DA:162,1
DA:167,1
DA:168,0
DA:172,1
DA:173,1
DA:174,1
DA:175,1
DA:176,1
DA:177,1
DA:178,1
DA:179,1
DA:180,1
DA:181,1
DA:182,1
DA:183,1
DA:184,1
DA:186,1
DA:189,1
DA:195,1
DA:196,1
DA:200,1
DA:202,1
DA:203,1
DA:205,1
DA:212,1
DA:217,1
DA:219,1
DA:226,0
DA:227,0
DA:234,1
DA:245,0
DA:246,0
DA:258,1
DA:259,1
DA:260,1
DA:261,1
DA:262,1
DA:264,1
DA:268,1
DA:269,0
DA:273,1
DA:275,0
DA:280,1
DA:282,0
DA:283,0
DA:292,1
DA:293,1
DA:294,1
DA:296,1
DA:300,1
DA:302,1
DA:303,1
DA:307,0
DA:308,0
DA:317,1
DA:318,1
DA:319,1
DA:321,1
DA:323,1
DA:325,0
DA:326,0
DA:329,1
DA:330,0
DA:333,1
DA:334,0
DA:335,0
DA:336,0
DA:339,1
DA:345,1
DA:347,1
DA:348,1
DA:349,1
DA:351,1
DA:352,0
DA:353,1
DA:356,1
DA:361,0
DA:362,0
DA:371,1
DA:372,1
DA:373,1
DA:375,1
DA:379,1
DA:380,0
DA:384,1
DA:387,1
DA:388,1
DA:389,0
DA:390,0
DA:394,1
DA:395,1
DA:399,0
DA:400,0
DA:409,1
DA:410,1
DA:411,1
DA:413,1
DA:417,1
DA:418,0
DA:422,1
DA:426,1
DA:444,1
DA:446,0
DA:447,0
DA:456,1
DA:457,1
DA:458,1
DA:461,1
DA:462,1
DA:463,0
DA:467,1
DA:473,1
DA:475,1
DA:480,0
DA:481,0
DA:490,1
DA:491,1
DA:492,1
DA:493,1
DA:496,1
DA:501,1
DA:502,0
DA:506,1
DA:507,0
DA:513,1
DA:519,1
DA:521,1
DA:526,0
DA:527,0
DA:536,1
DA:537,2
DA:538,2
DA:540,2
DA:541,1
DA:547,1
DA:551,1
DA:552,2
DA:559,1
DA:563,1
DA:568,0
DA:569,0
LF:191
LH:143
BRDA:19,0,0,0
BRDA:19,0,1,1
BRDA:47,1,0,1
BRDA:47,1,1,1
BRDA:73,2,0,0
BRDA:73,2,1,6
BRDA:78,3,0,0
BRDA:78,3,1,6
BRDA:86,4,0,0
BRDA:86,4,1,6
BRDA:153,5,0,0
BRDA:153,5,1,1
BRDA:157,6,0,0
BRDA:157,6,1,1
BRDA:167,7,0,0
BRDA:167,7,1,1
BRDA:172,8,0,1
BRDA:172,8,1,0
BRDA:174,9,0,1
BRDA:174,9,1,0
BRDA:176,10,0,1
BRDA:176,10,1,0
BRDA:177,11,0,1
BRDA:177,11,1,0
BRDA:178,12,0,1
BRDA:178,12,1,0
BRDA:179,13,0,1
BRDA:179,13,1,0
BRDA:180,14,0,1
BRDA:180,14,1,0
BRDA:268,15,0,0
BRDA:268,15,1,1
BRDA:273,16,0,0
BRDA:273,16,1,1
BRDA:273,17,0,1
BRDA:273,17,1,1
BRDA:323,18,0,0
BRDA:323,18,1,1
BRDA:329,19,0,0
BRDA:329,19,1,1
BRDA:333,20,0,0
BRDA:333,20,1,1
BRDA:333,21,0,1
BRDA:333,21,1,1
BRDA:335,22,0,0
BRDA:335,22,1,0
BRDA:336,23,0,0
BRDA:336,23,1,0
BRDA:352,24,0,0
BRDA:352,24,1,0
BRDA:379,25,0,0
BRDA:379,25,1,1
BRDA:388,26,0,0
BRDA:388,26,1,1
BRDA:395,27,0,0
BRDA:395,27,1,1
BRDA:417,28,0,0
BRDA:417,28,1,1
BRDA:422,29,0,1
BRDA:422,29,1,0
BRDA:434,30,0,0
BRDA:434,30,1,1
BRDA:436,31,0,1
BRDA:436,31,1,0
BRDA:438,32,0,1
BRDA:438,32,1,0
BRDA:439,33,0,1
BRDA:439,33,1,0
BRDA:462,34,0,0
BRDA:462,34,1,1
BRDA:501,35,0,0
BRDA:501,35,1,1
BRDA:506,36,0,0
BRDA:506,36,1,1
BRDA:540,37,0,1
BRDA:540,37,1,1
BRDA:540,38,0,2
BRDA:540,38,1,1
BRF:78
BRH:41
end_of_record
TN:
SF:src\controllers\profile.controller.js
FN:5,(anonymous_0)
FN:37,(anonymous_1)
FN:94,(anonymous_2)
FN:117,(anonymous_3)
FN:171,(anonymous_4)
FNF:5
FNH:5
FNDA:1,(anonymous_0)
FNDA:1,(anonymous_1)
FNDA:1,(anonymous_2)
FNDA:1,(anonymous_3)
FNDA:1,(anonymous_4)
DA:1,1
DA:2,1
DA:5,1
DA:6,1
DA:7,1
DA:9,1
DA:10,0
DA:13,1
DA:14,0
DA:19,1
DA:32,0
DA:37,1
DA:38,1
DA:39,1
DA:41,1
DA:42,0
DA:45,1
DA:46,0
DA:51,1
DA:53,1
DA:54,0
DA:59,0
DA:60,0
DA:64,1
DA:65,1
DA:66,1
DA:67,1
DA:69,1
DA:71,1
DA:87,0
DA:94,1
DA:95,1
DA:96,1
DA:98,1
DA:99,0
DA:102,1
DA:112,0
DA:117,1
DA:118,1
DA:119,1
DA:121,1
DA:122,1
DA:123,1
DA:124,1
DA:126,1
DA:127,0
DA:130,1
DA:131,0
DA:135,0
DA:136,0
DA:140,1
DA:146,1
DA:147,0
DA:150,1
DA:163,0
DA:164,0
DA:166,0
DA:171,1
DA:172,1
DA:173,1
DA:175,1
DA:176,0
DA:178,1
DA:179,0
DA:181,1
DA:182,0
DA:185,1
DA:186,1
DA:187,0
DA:190,1
DA:191,1
DA:192,0
DA:195,1
DA:196,1
DA:198,1
DA:200,0
LF:76
LH:51
BRDA:9,0,0,0
BRDA:9,0,1,1
BRDA:13,1,0,0
BRDA:13,1,1,1
BRDA:26,2,0,1
BRDA:26,2,1,0
BRDA:27,3,0,1
BRDA:27,3,1,0
BRDA:41,4,0,0
BRDA:41,4,1,1
BRDA:45,5,0,0
BRDA:45,5,1,1
BRDA:53,6,0,0
BRDA:53,6,1,1
BRDA:53,7,0,1
BRDA:53,7,1,0
BRDA:59,8,0,0
BRDA:59,8,1,0
BRDA:64,9,0,1
BRDA:64,9,1,0
BRDA:65,10,0,0
BRDA:65,10,1,1
BRDA:66,11,0,0
BRDA:66,11,1,1
BRDA:67,12,0,0
BRDA:67,12,1,1
BRDA:80,13,0,1
BRDA:80,13,1,0
BRDA:81,14,0,1
BRDA:81,14,1,0
BRDA:98,15,0,0
BRDA:98,15,1,1
BRDA:106,16,0,1
BRDA:106,16,1,0
BRDA:107,17,0,1
BRDA:107,17,1,0
BRDA:108,18,0,1
BRDA:108,18,1,0
BRDA:122,19,0,1
BRDA:122,19,1,0
BRDA:122,20,0,1
BRDA:122,20,1,1
BRDA:123,21,0,0
BRDA:123,21,1,1
BRDA:123,22,0,1
BRDA:123,22,1,0
BRDA:124,23,0,1
BRDA:124,23,1,0
BRDA:124,24,0,1
BRDA:124,24,1,1
BRDA:126,25,0,0
BRDA:126,25,1,1
BRDA:130,26,0,0
BRDA:130,26,1,1
BRDA:135,27,0,0
BRDA:135,27,1,0
BRDA:146,28,0,0
BRDA:146,28,1,1
BRDA:156,29,0,1
BRDA:156,29,1,0
BRDA:157,30,0,1
BRDA:157,30,1,0
BRDA:158,31,0,1
BRDA:158,31,1,0
BRDA:163,32,0,0
BRDA:163,32,1,0
BRDA:175,33,0,0
BRDA:175,33,1,1
BRDA:175,34,0,1
BRDA:175,34,1,1
BRDA:178,35,0,0
BRDA:178,35,1,1
BRDA:181,36,0,0
BRDA:181,36,1,1
BRDA:186,37,0,0
BRDA:186,37,1,1
BRDA:191,38,0,0
BRDA:191,38,1,1
BRF:78
BRH:39
end_of_record
TN:
SF:src\controllers\report.controller.js
FN:10,(anonymous_0)
FN:31,(anonymous_1)
FN:135,(anonymous_2)
FN:153,(anonymous_3)
FN:182,(anonymous_4)
FN:222,(anonymous_5)
FN:246,(anonymous_6)
FN:266,(anonymous_7)
FN:288,(anonymous_8)
FNF:9
FNH:8
FNDA:10,(anonymous_0)
FNDA:0,(anonymous_1)
FNDA:1,(anonymous_2)
FNDA:1,(anonymous_3)
FNDA:1,(anonymous_4)
FNDA:1,(anonymous_5)
FNDA:1,(anonymous_6)
FNDA:1,(anonymous_7)
FNDA:1,(anonymous_8)
DA:2,1
DA:3,1
DA:4,1
DA:10,1
DA:11,10
DA:12,10
DA:22,10
DA:24,10
DA:25,0
DA:30,10
DA:31,0
DA:34,10
DA:46,10
DA:52,10
DA:54,10
DA:60,10
DA:70,10
DA:71,10
DA:86,10
DA:87,7
DA:102,10
DA:103,5
DA:117,10
DA:123,0
DA:124,0
DA:135,1
DA:136,1
DA:137,1
DA:143,1
DA:145,0
DA:153,1
DA:154,1
DA:155,1
DA:157,1
DA:158,0
DA:163,1
DA:169,1
DA:175,0
DA:182,1
DA:183,1
DA:184,1
DA:186,1
DA:188,1
DA:189,0
DA:192,1
DA:212,1
DA:215,0
DA:222,1
DA:223,1
DA:224,1
DA:233,1
DA:234,0
DA:237,1
DA:239,0
DA:246,1
DA:247,1
DA:248,1
DA:253,1
DA:254,0
DA:257,1
DA:259,0
DA:266,1
DA:267,1
DA:268,1
DA:270,1
DA:274,1
DA:281,0
DA:288,1
DA:289,1
DA:290,1
DA:294,1
DA:300,0
LF:72
LH:57
BRDA:24,0,0,0
BRDA:24,0,1,10
BRDA:30,1,0,10
BRDA:30,1,1,0
BRDA:70,2,0,10
BRDA:70,2,1,0
BRDA:111,3,0,5
BRDA:111,3,1,0
BRDA:157,4,0,0
BRDA:157,4,1,1
BRDA:157,5,0,1
BRDA:157,5,1,1
BRDA:188,6,0,0
BRDA:188,6,1,1
BRDA:188,7,0,1
BRDA:188,7,1,0
BRDA:233,8,0,0
BRDA:233,8,1,1
BRDA:253,9,0,0
BRDA:253,9,1,1
BRF:20
BRH:11
end_of_record
TN:
SF:src\controllers\species.controller.js
FN:11,(anonymous_0)
FN:215,(anonymous_1)
FN:282,(anonymous_2)
FN:308,(anonymous_3)
FN:447,(anonymous_4)
FN:483,(anonymous_5)
FN:517,(anonymous_6)
FN:533,(anonymous_7)
FN:553,(anonymous_8)
FNF:9
FNH:8
FNDA:4,(anonymous_0)
FNDA:1,(anonymous_1)
FNDA:1,(anonymous_2)
FNDA:1,(anonymous_3)
FNDA:1,(anonymous_4)
FNDA:1,(anonymous_5)
FNDA:1,(anonymous_6)
FNDA:0,(anonymous_7)
FNDA:1,(anonymous_8)
DA:1,1
DA:2,1
DA:3,1
DA:4,1
DA:11,1
DA:12,4
DA:24,4
DA:26,4
DA:27,4
DA:31,4
DA:32,4
DA:36,4
DA:37,4
DA:41,4
DA:42,4
DA:50,4
DA:51,0
DA:56,4
DA:57,4
DA:59,4
DA:60,0
DA:71,4
DA:72,0
DA:77,4
DA:78,0
DA:88,4
DA:93,0
DA:98,4
DA:99,4
DA:101,4
DA:105,0
DA:115,4
DA:120,4
DA:121,0
DA:131,4
DA:132,0
DA:139,4
DA:140,4
DA:145,4
DA:152,0
DA:162,4
DA:177,4
DA:193,4
DA:201,0
DA:203,0
DA:215,1
DA:216,1
DA:224,1
DA:226,1
DA:229,1
DA:230,0
DA:234,1
DA:235,0
DA:240,1
DA:242,1
DA:243,1
DA:244,1
DA:247,1
DA:248,1
DA:251,1
DA:258,1
DA:260,1
DA:270,0
DA:282,1
DA:283,1
DA:284,1
DA:285,0
DA:287,1
DA:292,1
DA:294,0
DA:297,1
DA:308,1
DA:310,1
DA:312,0
DA:314,1
DA:316,1
DA:318,0
DA:321,1
DA:323,0
DA:331,1
DA:332,1
DA:333,1
DA:335,1
DA:338,1
DA:339,0
DA:342,1
DA:343,0
DA:346,1
DA:347,0
DA:351,0
DA:353,1
DA:355,0
DA:357,1
DA:359,1
DA:361,1
DA:362,1
DA:364,0
DA:368,1
DA:370,0
DA:373,1
DA:375,0
DA:378,1
DA:380,0
DA:383,1
DA:385,0
DA:388,1
DA:389,0
DA:391,0
DA:392,0
DA:396,0
DA:397,0
DA:403,0
DA:407,1
DA:409,1
DA:410,1
DA:411,1
DA:412,1
DA:415,1
DA:416,0
DA:429,1
DA:431,1
DA:438,0
DA:447,1
DA:448,1
DA:449,1
DA:450,1
DA:451,0
DA:453,1
DA:455,0
DA:458,1
DA:459,1
DA:460,1
DA:462,0
DA:466,1
DA:468,1
DA:474,0
DA:483,1
DA:484,1
DA:487,1
DA:488,0
DA:491,1
DA:492,1
DA:495,1
DA:496,0
DA:500,1
DA:502,1
DA:504,1
DA:517,1
DA:518,1
DA:525,1
DA:533,1
DA:535,1
DA:546,0
DA:553,1
DA:554,1
DA:555,1
DA:556,1
DA:563,0
DA:567,1
LF:159
LH:114
BRDA:26,0,0,4
BRDA:26,0,1,0
BRDA:31,1,0,4
BRDA:31,1,1,0
BRDA:36,2,0,4
BRDA:36,2,1,0
BRDA:41,3,0,4
BRDA:41,3,1,0
BRDA:50,4,0,0
BRDA:50,4,1,4
BRDA:50,5,0,4
BRDA:50,5,1,4
BRDA:59,6,0,0
BRDA:59,6,1,4
BRDA:59,7,0,4
BRDA:59,7,1,4
BRDA:59,7,2,4
BRDA:71,8,0,0
BRDA:71,8,1,4
BRDA:71,9,0,4
BRDA:71,9,1,4
BRDA:77,10,0,0
BRDA:77,10,1,4
BRDA:77,11,0,4
BRDA:77,11,1,4
BRDA:88,12,0,0
BRDA:88,12,1,4
BRDA:89,13,0,4
BRDA:89,13,1,4
BRDA:89,13,2,4
BRDA:101,14,0,0
BRDA:101,14,1,4
BRDA:102,15,0,4
BRDA:102,15,1,4
BRDA:102,15,2,4
BRDA:102,15,3,4
BRDA:120,16,0,0
BRDA:120,16,1,4
BRDA:131,17,0,0
BRDA:131,17,1,4
BRDA:165,18,0,4
BRDA:165,18,1,0
BRDA:166,19,0,4
BRDA:166,19,1,4
BRDA:167,20,0,4
BRDA:167,20,1,4
BRDA:169,21,0,4
BRDA:169,21,1,4
BRDA:169,21,2,0
BRDA:182,22,0,4
BRDA:182,22,1,0
BRDA:183,23,0,4
BRDA:183,23,1,0
BRDA:184,24,0,4
BRDA:184,24,1,0
BRDA:218,25,0,0
BRDA:219,26,0,0
BRDA:222,27,0,1
BRDA:223,28,0,1
BRDA:229,29,0,0
BRDA:229,29,1,1
BRDA:234,30,0,0
BRDA:234,30,1,1
BRDA:247,31,0,0
BRDA:247,31,1,1
BRDA:284,32,0,0
BRDA:284,32,1,1
BRDA:284,33,0,1
BRDA:284,33,1,1
BRDA:284,33,2,1
BRDA:292,34,0,0
BRDA:292,34,1,1
BRDA:310,35,0,0
BRDA:310,35,1,1
BRDA:316,36,0,0
BRDA:316,36,1,1
BRDA:321,37,0,0
BRDA:321,37,1,1
BRDA:333,38,0,1
BRDA:333,38,1,0
BRDA:333,39,0,1
BRDA:333,39,1,1
BRDA:338,40,0,0
BRDA:338,40,1,1
BRDA:338,41,0,1
BRDA:338,41,1,0
BRDA:342,42,0,0
BRDA:342,42,1,1
BRDA:342,43,0,1
BRDA:342,43,1,0
BRDA:346,44,0,0
BRDA:346,44,1,1
BRDA:346,45,0,1
BRDA:346,45,1,0
BRDA:353,46,0,0
BRDA:353,46,1,1
BRDA:353,47,0,1
BRDA:353,47,1,1
BRDA:353,47,2,1
BRDA:357,48,0,1
BRDA:357,48,1,0
BRDA:357,49,0,1
BRDA:357,49,1,1
BRDA:357,49,2,1
BRDA:362,50,0,0
BRDA:362,50,1,1
BRDA:362,51,0,1
BRDA:362,51,1,1
BRDA:362,51,2,1
BRDA:368,52,0,0
BRDA:368,52,1,1
BRDA:368,53,0,1
BRDA:368,53,1,0
BRDA:373,54,0,0
BRDA:373,54,1,1
BRDA:373,55,0,1
BRDA:373,55,1,0
BRDA:378,56,0,0
BRDA:378,56,1,1
BRDA:378,57,0,1
BRDA:378,57,1,1
BRDA:383,58,0,0
BRDA:383,58,1,1
BRDA:383,59,0,1
BRDA:383,59,1,1
BRDA:388,60,0,0
BRDA:388,60,1,1
BRDA:391,61,0,0
BRDA:391,61,1,0
BRDA:409,62,0,1
BRDA:409,62,1,0
BRDA:410,63,0,1
BRDA:410,63,1,0
BRDA:411,64,0,0
BRDA:411,64,1,1
BRDA:411,65,0,0
BRDA:411,65,1,0
BRDA:412,66,0,0
BRDA:412,66,1,1
BRDA:412,67,0,0
BRDA:412,67,1,0
BRDA:415,68,0,0
BRDA:415,68,1,1
BRDA:415,69,0,1
BRDA:415,69,1,0
BRDA:415,69,2,0
BRDA:422,70,0,0
BRDA:422,70,1,0
BRDA:423,71,0,0
BRDA:423,71,1,0
BRDA:424,72,0,0
BRDA:424,72,1,0
BRDA:425,73,0,0
BRDA:425,73,1,0
BRDA:425,73,2,0
BRDA:450,74,0,0
BRDA:450,74,1,1
BRDA:453,75,0,0
BRDA:453,75,1,1
BRDA:458,76,0,1
BRDA:458,76,1,0
BRDA:484,77,0,0
BRDA:487,78,0,0
BRDA:487,78,1,1
BRDA:487,79,0,1
BRDA:487,79,1,1
BRDA:495,80,0,0
BRDA:495,80,1,1
BRDA:495,81,0,1
BRDA:495,81,1,1
BRDA:495,81,2,1
BRDA:495,81,3,1
BRF:172
BRH:100
end_of_record
TN:
SF:src\middlewares\auth.middleware.js
FN:3,(anonymous_0)
FNF:1
FNH:1
FNDA:68,(anonymous_0)
DA:1,1
DA:3,1
DA:4,68
DA:6,68
DA:7,2
DA:10,66
DA:11,66
DA:12,65
DA:13,65
DA:15,1
DA:19,1
LF:11
LH:11
BRDA:6,0,0,2
BRDA:6,0,1,66
BRF:2
BRH:2
end_of_record
TN:
SF:src\middlewares\role.middleware.js
FN:1,(anonymous_0)
FN:2,(anonymous_1)
FNF:2
FNH:2
FNDA:28,(anonymous_0)
FNDA:40,(anonymous_1)
DA:1,1
DA:2,28
DA:3,40
DA:4,2
DA:6,38
DA:10,1
LF:6
LH:6
BRDA:3,0,0,2
BRDA:3,0,1,38
BRF:2
BRH:2
end_of_record
TN:
SF:src\middlewares\upload.middleware.js
FN:6,(anonymous_0)
FN:9,(anonymous_1)
FN:16,(anonymous_2)
FN:38,(anonymous_3)
FNF:4
FNH:0
FNDA:0,(anonymous_0)
FNDA:0,(anonymous_1)
FNDA:0,(anonymous_2)
FNDA:0,(anonymous_3)
DA:1,0
DA:2,0
DA:5,0
DA:7,0
DA:10,0
DA:11,0
DA:16,0
DA:17,0
DA:18,0
DA:19,0
DA:21,0
DA:22,0
DA:24,0
DA:29,0
DA:38,0
DA:39,0
DA:40,0
DA:41,0
DA:46,0
DA:50,0
DA:51,0
DA:56,0
DA:59,0
LF:23
LH:0
BRDA:21,0,0,0
BRDA:21,0,1,0
BRDA:21,1,0,0
BRDA:21,1,1,0
BRDA:39,2,0,0
BRDA:39,2,1,0
BRDA:40,3,0,0
BRDA:40,3,1,0
BRDA:50,4,0,0
BRDA:50,4,1,0
BRF:10
BRH:0
end_of_record
TN:
SF:src\models\IllegalReport.js
FN:27,(anonymous_0)
FN:30,(anonymous_1)
FNF:2
FNH:1
FNDA:16,(anonymous_0)
FNDA:0,(anonymous_1)
DA:1,1
DA:4,1
DA:12,1
DA:28,16
DA:30,0
DA:90,1
LF:6
LH:5
BRF:0
BRH:0
end_of_record
TN:
SF:src\models\Investigation.js
FNF:0
FNH:0
DA:1,1
DA:3,1
DA:126,1
DA:127,1
DA:129,1
LF:5
LH:5
BRF:0
BRH:0
end_of_record
TN:
SF:src\models\Species.model.js
FN:131,(anonymous_0)
FN:144,(anonymous_1)
FN:160,(anonymous_2)
FNF:3
FNH:1
FNDA:8,(anonymous_0)
FNDA:0,(anonymous_1)
FNDA:0,(anonymous_2)
DA:1,1
DA:3,1
DA:120,1
DA:125,1
DA:126,1
DA:127,1
DA:128,1
DA:131,1
DA:132,8
DA:133,8
DA:139,0
DA:144,1
DA:145,0
DA:160,1
DA:161,0
DA:168,1
DA:170,1
LF:17
LH:14
BRDA:132,0,0,8
BRDA:132,0,1,0
BRDA:132,1,0,8
BRDA:132,1,1,8
BRDA:136,2,0,8
BRDA:136,2,1,0
BRDA:144,3,0,0
BRF:7
BRH:4
end_of_record
TN:
SF:src\models\restricted.zone.js
FNF:0
FNH:0
DA:1,1
DA:3,1
DA:30,1
LF:3
LH:3
BRF:0
BRH:0
end_of_record
TN:
SF:src\models\user.js
FN:40,(anonymous_0)
FN:44,(anonymous_1)
FN:52,(anonymous_2)
FNF:3
FNH:2
FNDA:49,(anonymous_0)
FNDA:12,(anonymous_1)
FNDA:0,(anonymous_2)
DA:1,1
DA:4,1
DA:12,1
DA:41,49
DA:46,12
DA:47,12
DA:50,0
DA:52,0
DA:60,1
LF:9
LH:7
BRDA:46,0,0,12
BRDA:46,0,1,0
BRDA:47,1,0,12
BRDA:47,1,1,12
BRF:4
BRH:3
end_of_record
TN:
SF:src\models\zone.auditlog.js
FNF:0
FNH:0
DA:1,1
DA:3,1
DA:22,1
LF:3
LH:3
BRF:0
BRH:0
end_of_record
TN:
SF:src\repositories\restrictedzone.repository.js
FN:4,(anonymous_0)
FN:8,(anonymous_1)
FN:12,(anonymous_2)
FN:16,(anonymous_3)
FN:20,(anonymous_4)
FNF:5
FNH:4
FNDA:2,(anonymous_0)
FNDA:0,(anonymous_1)
FNDA:4,(anonymous_2)
FNDA:2,(anonymous_3)
FNDA:1,(anonymous_4)
DA:1,1
DA:5,2
DA:9,0
DA:13,4
DA:17,2
DA:21,1
DA:25,1
LF:7
LH:6
BRDA:12,0,0,0
BRF:1
BRH:0
end_of_record
TN:
SF:src\routes\Zoologist.routes.js
FN:18,(anonymous_0)
FNF:1
FNH:1
FNDA:4,(anonymous_0)
DA:1,1
DA:2,1
DA:3,1
DA:12,1
DA:13,1
DA:14,1
DA:16,1
DA:19,4
DA:22,1
DA:25,1
DA:28,1
DA:31,1
DA:34,1
DA:37,1
DA:40,1
DA:42,1
DA:44,1
LF:17
LH:17
BRF:0
BRH:0
end_of_record
TN:
SF:src\routes\admin.routes.js
FNF:0
FNH:0
DA:2,1
DA:9,1
DA:11,1
DA:12,1
DA:14,1
DA:16,1
DA:17,1
DA:18,1
DA:19,1
DA:20,1
DA:23,1
LF:11
LH:11
BRF:0
BRH:0
end_of_record
TN:
SF:src\routes\auth.routes.js
FN:12,(anonymous_0)
FNF:1
FNH:1
FNDA:1,(anonymous_0)
DA:1,1
DA:2,1
DA:3,1
DA:5,1
DA:6,1
DA:8,1
DA:10,1
DA:13,1
DA:17,1
DA:84,1
DA:107,1
DA:108,1
DA:165,1
DA:167,1
LF:14
LH:14
BRF:0
BRH:0
end_of_record
TN:
SF:src\routes\district.routes.js
FN:28,(anonymous_0)
FNF:1
FNH:1
FNDA:1,(anonymous_0)
DA:2,1
DA:3,1
DA:4,1
DA:6,1
DA:28,1
DA:29,1
DA:32,1
LF:7
LH:7
BRF:0
BRH:0
end_of_record
TN:
SF:src\routes\investigation.routes.js
FN:26,(anonymous_0)
FN:43,(anonymous_1)
FN:54,(anonymous_2)
FNF:3
FNH:0
FNDA:0,(anonymous_0)
FNDA:0,(anonymous_1)
FNDA:0,(anonymous_2)
DA:2,1
DA:3,1
DA:4,1
DA:5,1
DA:7,1
DA:8,1
DA:22,1
DA:25,1
DA:27,0
DA:29,0
DA:30,0
DA:31,0
DA:32,0
DA:36,0
DA:37,0
DA:38,0
DA:41,0
DA:44,0
DA:45,0
DA:49,1
DA:55,0
DA:56,0
DA:57,0
DA:59,0
DA:60,0
DA:61,0
DA:64,0
DA:69,1
DA:80,1
DA:88,1
DA:96,1
DA:105,1
DA:116,1
DA:124,1
DA:131,1
DA:137,1
DA:148,1
DA:156,1
DA:164,1
DA:171,1
LF:40
LH:22
BRDA:29,0,0,0
BRDA:29,0,1,0
BRDA:31,1,0,0
BRDA:31,1,1,0
BRDA:37,2,0,0
BRDA:37,2,1,0
BRDA:55,3,0,0
BRDA:55,3,1,0
BRDA:56,4,0,0
BRDA:56,4,1,0
BRDA:59,5,0,0
BRDA:59,5,1,0
BRDA:60,6,0,0
BRDA:60,6,1,0
BRF:14
BRH:0
end_of_record
TN:
SF:src\routes\profile.routes.js
FNF:0
FNH:0
DA:1,1
DA:2,1
DA:4,1
DA:5,1
DA:8,1
DA:9,1
DA:12,1
DA:13,1
DA:16,1
DA:18,1
LF:10
LH:10
BRF:0
BRH:0
end_of_record
TN:
SF:src\routes\report.routes.js
FNF:0
FNH:0
DA:2,1
DA:3,1
DA:4,1
DA:6,1
DA:7,1
DA:18,1
DA:22,1
DA:34,1
DA:46,1
DA:57,1
DA:69,1
DA:81,1
DA:93,1
DA:104,1
DA:115,1
DA:121,1
LF:16
LH:16
BRF:0
BRH:0
end_of_record
TN:
SF:src\routes\restrictedzone.routes.js
FN:22,(anonymous_0)
FNF:1
FNH:0
FNDA:0,(anonymous_0)
DA:2,1
DA:3,1
DA:12,1
DA:14,1
DA:15,1
DA:17,1
DA:20,1
DA:23,0
DA:27,1
DA:87,1
DA:116,1
DA:167,1
DA:199,1
DA:230,1
DA:252,1
DA:259,1
LF:16
LH:15
BRF:0
BRH:0
end_of_record
TN:
SF:src\services\gemini.service.js
FN:8,(anonymous_0)
FN:11,(anonymous_1)
FN:64,(anonymous_2)
FN:65,(anonymous_3)
FN:67,(anonymous_4)
FN:101,(anonymous_5)
FN:103,(anonymous_6)
FN:107,(anonymous_7)
FN:164,(anonymous_8)
FN:243,(anonymous_9)
FNF:10
FNH:0
FNDA:0,(anonymous_0)
FNDA:0,(anonymous_1)
FNDA:0,(anonymous_2)
FNDA:0,(anonymous_3)
FNDA:0,(anonymous_4)
FNDA:0,(anonymous_5)
FNDA:0,(anonymous_6)
FNDA:0,(anonymous_7)
FNDA:0,(anonymous_8)
FNDA:0,(anonymous_9)
DA:1,0
DA:3,0
DA:9,0
DA:11,0
DA:12,0
DA:13,0
DA:16,0
DA:17,0
DA:19,0
DA:21,0
DA:26,0
DA:28,0
DA:29,0
DA:30,0
DA:31,0
DA:33,0
DA:34,0
DA:35,0
DA:37,0
DA:38,0
DA:41,0
DA:42,0
DA:43,0
DA:45,0
DA:65,0
DA:67,0
DA:68,0
DA:71,0
DA:74,0
DA:75,0
DA:76,0
DA:77,0
DA:81,0
DA:83,0
DA:86,0
DA:87,0
DA:89,0
DA:91,0
DA:92,0
DA:94,0
DA:95,0
DA:96,0
DA:102,0
DA:103,0
DA:106,0
DA:107,0
DA:108,0
DA:110,0
DA:111,0
DA:112,0
DA:113,0
DA:115,0
DA:123,0
DA:165,0
DA:167,0
DA:171,0
DA:223,0
DA:224,0
DA:229,0
DA:230,0
DA:233,0
DA:234,0
DA:236,0
DA:237,0
DA:240,0
DA:243,0
DA:249,0
DA:251,0
DA:256,0
DA:259,0
DA:264,0
LF:71
LH:0
BRDA:19,0,0,0
BRDA:19,0,1,0
BRDA:19,0,2,0
BRDA:28,1,0,0
BRDA:28,1,1,0
BRDA:29,2,0,0
BRDA:29,2,1,0
BRDA:30,3,0,0
BRDA:30,3,1,0
BRDA:30,4,0,0
BRDA:30,4,1,0
BRDA:33,5,0,0
BRDA:33,5,1,0
BRDA:34,6,0,0
BRDA:34,6,1,0
BRDA:34,7,0,0
BRDA:34,7,1,0
BRDA:37,8,0,0
BRDA:37,8,1,0
BRDA:37,9,0,0
BRDA:37,9,1,0
BRDA:42,10,0,0
BRDA:42,10,1,0
BRDA:43,11,0,0
BRDA:43,11,1,0
BRDA:51,12,0,0
BRDA:51,12,1,0
BRDA:55,13,0,0
BRDA:55,13,1,0
BRDA:68,14,0,0
BRDA:68,14,1,0
BRDA:76,15,0,0
BRDA:76,15,1,0
BRDA:76,16,0,0
BRDA:76,16,1,0
BRDA:76,16,2,0
BRDA:101,17,0,0
BRDA:108,18,0,0
BRDA:108,18,1,0
BRDA:111,19,0,0
BRDA:111,19,1,0
BRDA:112,20,0,0
BRDA:112,20,1,0
BRDA:113,21,0,0
BRDA:113,21,1,0
BRDA:115,22,0,0
BRDA:115,22,1,0
BRDA:117,23,0,0
BRDA:117,23,1,0
BRDA:119,24,0,0
BRDA:119,24,1,0
BRDA:127,25,0,0
BRDA:127,25,1,0
BRDA:130,26,0,0
BRDA:130,26,1,0
BRDA:134,27,0,0
BRDA:134,27,1,0
BRDA:142,28,0,0
BRDA:142,28,1,0
BRDA:155,29,0,0
BRDA:155,29,1,0
BRDA:157,30,0,0
BRDA:157,30,1,0
BRDA:164,31,0,0
BRDA:167,32,0,0
BRDA:167,32,1,0
BRDA:229,33,0,0
BRDA:229,33,1,0
BRDA:249,34,0,0
BRDA:249,34,1,0
BRDA:249,34,2,0
BRDA:251,35,0,0
BRDA:251,35,1,0
BRDA:252,36,0,0
BRDA:252,36,1,0
BRDA:252,36,2,0
BRF:76
BRH:0
end_of_record
TN:
SF:src\services\notification.service.js
FN:7,(anonymous_0)
FN:12,(anonymous_1)
FN:26,(anonymous_2)
FN:82,(anonymous_3)
FNF:4
FNH:2
FNDA:1,(anonymous_0)
FNDA:0,(anonymous_1)
FNDA:1,(anonymous_2)
FNDA:0,(anonymous_3)
DA:3,1
DA:4,1
DA:8,1
DA:11,1
DA:12,0
DA:17,1
DA:27,1
DA:34,1
DA:35,1
DA:38,1
DA:41,1
DA:42,0
DA:45,1
DA:46,0
DA:50,1
DA:54,1
DA:62,1
DA:63,0
DA:65,1
DA:68,0
DA:69,0
DA:76,1
DA:83,0
DA:85,0
DA:87,0
DA:95,0
DA:99,0
DA:102,0
DA:103,0
DA:108,1
LF:30
LH:17
BRDA:11,0,0,0
BRDA:11,0,1,1
BRDA:13,1,0,1
BRDA:13,1,1,0
BRDA:34,2,0,1
BRDA:34,2,1,0
BRDA:41,3,0,0
BRDA:41,3,1,1
BRDA:45,4,0,0
BRDA:45,4,1,1
BRDA:45,5,0,1
BRDA:45,5,1,0
BRDA:62,6,0,0
BRDA:62,6,1,1
BRDA:85,7,0,0
BRDA:85,7,1,0
BRDA:85,7,2,0
BRDA:85,7,3,0
BRF:18
BRH:7
end_of_record
TN:
SF:src\services\pdf.service.js
FN:5,(anonymous_0)
FN:6,(anonymous_1)
FN:100,(anonymous_2)
FN:107,(anonymous_3)
FN:134,(anonymous_4)
FN:139,(anonymous_5)
FNF:6
FNH:3
FNDA:1,(anonymous_0)
FNDA:1,(anonymous_1)
FNDA:0,(anonymous_2)
FNDA:0,(anonymous_3)
FNDA:1,(anonymous_4)
FNDA:0,(anonymous_5)
DA:1,1
DA:2,1
DA:3,1
DA:5,1
DA:6,1
DA:7,1
DA:9,1
DA:10,1
DA:11,0
DA:14,1
DA:15,1
DA:17,1
DA:18,1
DA:20,1
DA:23,1
DA:26,1
DA:27,1
DA:30,1
DA:31,1
DA:32,1
DA:34,1
DA:35,1
DA:36,1
DA:37,1
DA:38,1
DA:39,1
DA:41,0
DA:43,1
DA:44,1
DA:47,1
DA:48,1
DA:49,1
DA:50,1
DA:51,1
DA:52,1
DA:53,1
DA:54,1
DA:55,1
DA:56,1
DA:57,1
DA:60,1
DA:61,1
DA:62,1
DA:63,1
DA:64,1
DA:65,1
DA:66,1
DA:69,1
DA:70,1
DA:71,1
DA:72,1
DA:74,1
DA:75,1
DA:78,1
DA:79,0
DA:81,1
DA:82,1
DA:85,1
DA:86,1
DA:87,1
DA:88,1
DA:89,1
DA:90,1
DA:91,1
DA:95,1
DA:96,0
DA:97,0
DA:98,0
DA:99,0
DA:100,0
DA:101,0
DA:105,1
DA:106,0
DA:107,0
DA:108,0
DA:111,1
DA:112,1
DA:115,1
DA:116,1
DA:117,1
DA:118,1
DA:119,1
DA:120,1
DA:124,1
DA:125,1
DA:128,1
DA:132,1
DA:134,1
DA:135,1
DA:136,1
DA:139,1
DA:140,0
DA:141,0
DA:145,0
DA:146,0
LF:95
LH:79
BRDA:10,0,0,0
BRDA:10,0,1,1
BRDA:34,1,0,1
BRDA:34,1,1,0
BRDA:35,2,0,1
BRDA:35,2,1,0
BRDA:36,3,0,1
BRDA:36,3,1,0
BRDA:37,4,0,1
BRDA:37,4,1,0
BRDA:38,5,0,1
BRDA:38,5,1,0
BRDA:39,6,0,1
BRDA:39,6,1,0
BRDA:50,7,0,1
BRDA:50,7,1,0
BRDA:51,8,0,1
BRDA:51,8,1,0
BRDA:52,9,0,1
BRDA:52,9,1,0
BRDA:54,10,0,1
BRDA:54,10,1,0
BRDA:55,11,0,1
BRDA:55,11,1,0
BRDA:64,12,0,1
BRDA:64,12,1,0
BRDA:72,13,0,1
BRDA:72,13,1,0
BRDA:74,14,0,1
BRDA:74,14,1,0
BRDA:78,15,0,0
BRDA:78,15,1,1
BRDA:78,16,0,1
BRDA:78,16,1,0
BRDA:85,17,0,1
BRDA:85,17,1,0
BRDA:95,18,0,0
BRDA:95,18,1,1
BRDA:95,19,0,1
BRDA:95,19,1,1
BRDA:105,20,0,0
BRDA:105,20,1,1
BRDA:105,21,0,1
BRDA:105,21,1,1
BRDA:118,22,0,1
BRDA:118,22,1,0
BRDA:119,23,0,1
BRDA:119,23,1,0
BRF:48
BRH:26
end_of_record
TN:
SF:src\services\restrictedzone.service.js
FN:5,(anonymous_0)
FN:9,(anonymous_1)
FN:14,(anonymous_2)
FN:28,(anonymous_3)
FN:33,(anonymous_4)
FN:47,(anonymous_5)
FN:58,(anonymous_6)
FN:69,(anonymous_7)
FN:73,(anonymous_8)
FN:79,(anonymous_9)
FNF:10
FNH:8
FNDA:1,(anonymous_0)
FNDA:2,(anonymous_1)
FNDA:0,(anonymous_2)
FNDA:1,(anonymous_3)
FNDA:0,(anonymous_4)
FNDA:1,(anonymous_5)
FNDA:1,(anonymous_6)
FNDA:1,(anonymous_7)
FNDA:3,(anonymous_8)
FNDA:3,(anonymous_9)
DA:1,1
DA:2,1
DA:6,1
DA:10,2
DA:11,2
DA:13,2
DA:14,0
DA:17,2
DA:19,2
DA:25,2
DA:29,1
DA:30,1
DA:32,1
DA:33,0
DA:36,1
DA:38,1
DA:44,1
DA:48,1
DA:50,1
DA:55,1
DA:59,1
DA:61,1
DA:66,1
DA:70,1
DA:74,3
DA:75,0
DA:80,3
DA:82,3
DA:83,1
DA:86,0
DA:90,0
DA:93,0
DA:94,0
DA:102,1
LF:34
LH:27
BRDA:9,0,0,0
BRDA:13,1,0,0
BRDA:13,1,1,2
BRDA:28,2,0,0
BRDA:32,3,0,0
BRDA:32,3,1,1
BRDA:74,4,0,0
BRDA:74,4,1,3
BRDA:79,5,0,2
BRDA:83,6,0,1
BRDA:83,6,1,0
BRDA:83,7,0,1
BRDA:83,7,1,1
BRDA:86,8,0,0
BRDA:86,8,1,0
BRDA:90,9,0,0
BRDA:90,9,1,0
BRDA:93,10,0,0
BRDA:93,10,1,0
BRDA:93,11,0,0
BRDA:93,11,1,0
BRF:21
BRH:7
end_of_record
TN:
SF:src\services\twilio.service.js
FN:6,(anonymous_0)
FN:34,(anonymous_1)
FN:101,(anonymous_2)
FN:121,(anonymous_3)
FN:122,(anonymous_4)
FN:137,(anonymous_5)
FN:167,(anonymous_6)
FN:196,(anonymous_7)
FN:221,(anonymous_8)
FN:227,(anonymous_9)
FN:240,(anonymous_10)
FN:241,(anonymous_11)
FNF:12
FNH:8
FNDA:1,(anonymous_0)
FNDA:1,(anonymous_1)
FNDA:1,(anonymous_2)
FNDA:1,(anonymous_3)
FNDA:1,(anonymous_4)
FNDA:1,(anonymous_5)
FNDA:0,(anonymous_6)
FNDA:0,(anonymous_7)
FNDA:0,(anonymous_8)
FNDA:0,(anonymous_9)
FNDA:1,(anonymous_10)
FNDA:1,(anonymous_11)
DA:2,1
DA:3,1
DA:8,1
DA:9,0
DA:10,0
DA:14,1
DA:19,1
DA:20,1
DA:22,1
DA:23,1
DA:24,1
DA:35,1
DA:37,1
DA:38,1
DA:43,1
DA:46,1
DA:52,0
DA:54,0
DA:65,1
DA:66,0
DA:67,0
DA:75,1
DA:76,0
DA:77,0
DA:85,1
DA:86,1
DA:102,1
DA:104,1
DA:106,1
DA:108,1
DA:115,1
DA:121,1
DA:122,1
DA:124,1
DA:138,1
DA:147,1
DA:151,1
DA:161,1
DA:168,0
DA:197,0
DA:198,0
DA:202,0
DA:211,0
DA:222,0
DA:223,0
DA:225,0
DA:227,0
DA:233,0
DA:241,1
DA:245,1
LF:50
LH:32
BRDA:8,0,0,0
BRDA:8,0,1,1
BRDA:8,1,0,1
BRDA:8,1,1,1
BRDA:37,2,0,1
BRDA:37,2,1,0
BRDA:59,3,0,0
BRDA:59,3,1,0
BRDA:65,4,0,0
BRDA:65,4,1,1
BRDA:75,5,0,0
BRDA:75,5,1,1
BRDA:147,6,0,1
BRDA:147,6,1,0
BRDA:153,7,0,1
BRDA:153,7,1,0
BRDA:155,8,0,1
BRDA:155,8,1,0
BRDA:156,9,0,0
BRDA:156,9,1,1
BRDA:157,10,0,1
BRDA:157,10,1,0
BRDA:159,11,0,1
BRDA:159,11,1,0
BRDA:177,12,0,0
BRDA:177,12,1,0
BRDA:179,13,0,0
BRDA:179,13,1,0
BRDA:186,14,0,0
BRDA:186,14,1,0
BRDA:187,15,0,0
BRDA:187,15,1,0
BRF:32
BRH:12
end_of_record
TN:
SF:src\utils\email.service.js
FN:6,(anonymous_0)
FNF:1
FNH:0
FNDA:0,(anonymous_0)
DA:2,0
DA:4,0
DA:6,0
DA:7,0
DA:14,0
DA:15,0
DA:16,0
DA:18,0
DA:22,0
LF:9
LH:0
BRDA:18,0,0,0
BRDA:18,0,1,0
BRF:2
BRH:0
end_of_record
TN:
SF:src\utils\geoUtils.js
FN:9,(anonymous_0)
FN:31,(anonymous_1)
FN:40,(anonymous_2)
FN:51,(anonymous_3)
FN:69,(anonymous_4)
FN:92,(anonymous_5)
FN:104,(anonymous_6)
FN:106,(anonymous_7)
FN:115,(anonymous_8)
FNF:9
FNH:2
FNDA:1,(anonymous_0)
FNDA:4,(anonymous_1)
FNDA:0,(anonymous_2)
FNDA:0,(anonymous_3)
FNDA:0,(anonymous_4)
FNDA:0,(anonymous_5)
FNDA:0,(anonymous_6)
FNDA:0,(anonymous_7)
FNDA:0,(anonymous_8)
DA:9,1
DA:10,1
DA:12,1
DA:13,1
DA:16,1
DA:20,1
DA:21,1
DA:23,1
DA:31,1
DA:32,4
DA:40,1
DA:41,0
DA:51,1
DA:52,0
DA:53,0
DA:54,0
DA:56,0
DA:69,1
DA:70,0
DA:71,0
DA:76,0
DA:92,1
DA:93,0
DA:94,0
DA:104,1
DA:105,0
DA:106,0
DA:115,0
DA:118,1
LF:29
LH:16
BRDA:70,0,0,0
BRDA:70,0,1,0
BRDA:111,1,0,0
BRDA:111,1,1,0
BRDA:112,2,0,0
BRDA:112,2,1,0
BRF:6
BRH:0
end_of_record
TN:
SF:src\utils\jwt.js
FN:3,(anonymous_0)
FNF:1
FNH:1
FNDA:41,(anonymous_0)
DA:1,1
DA:3,1
DA:4,41
DA:11,1
LF:4
LH:4
BRF:0
BRH:0
end_of_record
