TN:
SF:src\controllers\Restrictedzone.controller.js
FN:6,(anonymous_0)
FN:34,(anonymous_1)
FN:46,(anonymous_2)
FN:59,(anonymous_3)
FN:68,(anonymous_4)
FN:77,(anonymous_5)
FN:92,(anonymous_6)
FN:143,(anonymous_7)
FN:161,(anonymous_8)
FNF:9
FNH:9
FNDA:10,(anonymous_0)
FNDA:7,(anonymous_1)
FNDA:4,(anonymous_2)
FNDA:2,(anonymous_3)
FNDA:2,(anonymous_4)
FNDA:3,(anonymous_5)
FNDA:6,(anonymous_6)
FNDA:2,(anonymous_7)
FNDA:2,(anonymous_8)
DA:1,1
DA:2,1
DA:3,1
DA:4,1
DA:6,1
DA:7,10
DA:8,1
DA:12,9
DA:13,2
DA:14,2
DA:16,1
DA:20,8
DA:21,8
DA:23,8
DA:24,2
DA:27,6
DA:28,1
DA:31,5
DA:34,1
DA:35,7
DA:36,7
DA:38,3
DA:39,2
DA:41,5
DA:46,1
DA:47,4
DA:48,4
DA:49,3
DA:52,3
DA:53,2
DA:55,2
DA:59,1
DA:60,2
DA:61,2
DA:62,1
DA:64,1
DA:68,1
DA:69,2
DA:70,2
DA:71,1
DA:73,1
DA:77,1
DA:78,3
DA:79,3
DA:81,3
DA:82,1
DA:85,3
DA:86,2
DA:88,1
DA:92,1
DA:93,6
DA:94,6
DA:96,6
DA:97,6
DA:99,6
DA:100,2
DA:105,2
DA:106,1
DA:111,1
DA:113,4
DA:116,5
DA:117,1
DA:138,4
DA:143,2
DA:159,2
DA:161,2
DA:166,2
DA:190,2
DA:193,2
DA:197,2
DA:203,1
DA:209,1
DA:215,1
LF:73
LH:73
BRDA:7,0,0,1
BRDA:7,0,1,9
BRDA:12,1,0,2
BRDA:12,1,1,7
BRDA:23,2,0,2
BRDA:23,2,1,6
BRDA:23,3,0,8
BRDA:23,3,1,7
BRDA:23,3,2,7
BRDA:27,4,0,1
BRDA:27,4,1,5
BRDA:27,5,0,6
BRDA:27,5,1,6
BRDA:27,5,2,6
BRDA:48,6,0,3
BRDA:48,6,1,1
BRDA:81,7,0,1
BRDA:81,7,1,2
BRDA:99,8,0,2
BRDA:99,8,1,4
BRDA:105,9,0,1
BRDA:105,9,1,1
BRDA:116,10,0,1
BRDA:116,10,1,4
BRDA:121,11,0,1
BRDA:121,11,1,1
BRDA:122,12,0,1
BRDA:122,12,1,1
BRDA:140,13,0,4
BRDA:140,13,1,3
BRDA:148,14,0,2
BRDA:148,14,1,0
BRDA:150,15,0,0
BRDA:150,15,1,0
BRDA:170,16,0,2
BRDA:170,16,1,1
BRDA:171,17,0,2
BRDA:171,17,1,1
BRDA:174,18,0,2
BRDA:174,18,1,0
BRDA:176,19,0,2
BRDA:176,19,1,0
BRDA:177,20,0,2
BRDA:177,20,1,0
BRDA:178,21,0,2
BRDA:178,21,1,0
BRDA:179,22,0,2
BRDA:179,22,1,0
BRDA:180,23,0,2
BRDA:180,23,1,0
BRDA:181,24,0,2
BRDA:181,24,1,0
BRDA:193,25,0,2
BRDA:193,25,1,0
BRDA:193,25,2,0
BRDA:197,26,0,1
BRDA:197,26,1,1
BRDA:198,27,0,2
BRDA:198,27,1,1
BRDA:198,27,2,1
BRDA:198,27,3,1
BRDA:210,28,0,1
BRDA:210,28,1,0
BRF:63
BRH:50
end_of_record
TN:
SF:src\controllers\admin.controller.js
FN:4,(anonymous_0)
FN:9,(anonymous_1)
FN:18,(anonymous_2)
FN:28,(anonymous_3)
FN:38,(anonymous_4)
FNF:5
FNH:5
FNDA:1,(anonymous_0)
FNDA:1,(anonymous_1)
FNDA:1,(anonymous_2)
FNDA:2,(anonymous_3)
FNDA:3,(anonymous_4)
DA:2,1
DA:4,1
DA:5,1
DA:6,1
DA:9,1
DA:10,1
DA:15,1
DA:18,1
DA:19,1
DA:24,1
DA:28,1
DA:29,2
DA:30,2
DA:31,1
DA:33,1
DA:38,1
DA:39,3
DA:40,3
DA:42,2
DA:43,1
DA:46,1
DA:48,1
LF:22
LH:22
BRDA:42,0,0,1
BRDA:42,0,1,1
BRF:2
BRH:2
end_of_record
TN:
SF:src\controllers\auth.controller.js
FN:5,(anonymous_0)
FN:27,(anonymous_1)
FN:68,(anonymous_2)
FN:110,(anonymous_3)
FN:136,(anonymous_4)
FNF:5
FNH:5
FNDA:6,(anonymous_0)
FNDA:2,(anonymous_1)
FNDA:6,(anonymous_2)
FNDA:4,(anonymous_3)
FNDA:8,(anonymous_4)
DA:1,1
DA:2,1
DA:3,1
DA:5,1
DA:6,6
DA:7,6
DA:9,6
DA:10,6
DA:11,1
DA:14,5
DA:16,5
DA:17,5
DA:19,5
DA:20,2
DA:22,3
DA:23,1
DA:27,2
DA:31,4
DA:42,4
DA:43,2
DA:44,1
DA:48,1
DA:51,3
DA:54,2
DA:55,2
DA:56,1
DA:59,2
DA:64,1
DA:68,1
DA:69,6
DA:70,6
DA:72,6
DA:73,5
DA:74,1
DA:77,4
DA:78,1
DA:81,3
DA:82,3
DA:83,1
DA:86,2
DA:89,2
DA:97,2
DA:98,1
DA:101,2
DA:106,1
DA:110,1
DA:111,4
DA:112,4
DA:113,4
DA:114,3
DA:115,1
DA:118,2
DA:126,2
DA:127,1
DA:130,2
DA:132,1
DA:136,1
DA:137,8
DA:138,8
DA:139,8
DA:141,8
DA:142,8
DA:143,1
DA:147,7
DA:148,2
DA:149,2
DA:150,1
DA:152,1
DA:156,6
DA:157,3
DA:158,1
DA:160,2
DA:161,2
DA:162,1
DA:164,1
DA:165,1
DA:169,4
DA:170,2
DA:174,4
DA:177,3
DA:184,3
DA:189,1
LF:82
LH:82
BRDA:10,0,0,1
BRDA:10,0,1,5
BRDA:19,1,0,2
BRDA:19,1,1,3
BRDA:22,2,0,1
BRDA:22,2,1,2
BRDA:22,3,0,3
BRDA:22,3,1,3
BRDA:42,4,0,2
BRDA:42,4,1,2
BRDA:43,5,0,1
BRDA:43,5,1,1
BRDA:55,6,0,1
BRDA:55,6,1,1
BRDA:61,7,0,1
BRDA:61,7,1,1
BRDA:73,8,0,1
BRDA:73,8,1,4
BRDA:77,9,0,1
BRDA:77,9,1,3
BRDA:82,10,0,1
BRDA:82,10,1,2
BRDA:97,11,0,1
BRDA:97,11,1,1
BRDA:97,12,0,2
BRDA:97,12,1,1
BRDA:114,13,0,1
BRDA:114,13,1,2
BRDA:126,14,0,1
BRDA:126,14,1,1
BRDA:126,15,0,2
BRDA:126,15,1,1
BRDA:142,16,0,1
BRDA:142,16,1,7
BRDA:147,17,0,2
BRDA:147,17,1,5
BRDA:147,18,0,7
BRDA:147,18,1,2
BRDA:149,19,0,1
BRDA:149,19,1,1
BRDA:156,20,0,3
BRDA:156,20,1,3
BRDA:157,21,0,1
BRDA:157,21,1,2
BRDA:161,22,0,1
BRDA:161,22,1,1
BRDA:169,23,0,2
BRDA:169,23,1,2
BRF:48
BRH:48
end_of_record
TN:
SF:src\controllers\investigation.controller.js
FN:15,(anonymous_0)
FN:35,(anonymous_1)
FN:40,(anonymous_2)
FN:45,(anonymous_3)
FN:66,(anonymous_4)
FN:135,(anonymous_5)
FN:154,(anonymous_6)
FN:158,(anonymous_7)
FN:258,(anonymous_8)
FN:292,(anonymous_9)
FN:302,(anonymous_10)
FN:303,(anonymous_11)
FN:317,(anonymous_12)
FN:326,(anonymous_13)
FN:347,(anonymous_14)
FN:348,(anonymous_15)
FN:349,(anonymous_16)
FN:351,(anonymous_17)
FN:352,(anonymous_18)
FN:353,(anonymous_19)
FN:371,(anonymous_20)
FN:387,(anonymous_21)
FN:394,(anonymous_22)
FN:409,(anonymous_23)
FN:456,(anonymous_24)
FN:490,(anonymous_25)
FN:536,(anonymous_26)
FNF:27
FNH:27
FNDA:5,(anonymous_0)
FNDA:2,(anonymous_1)
FNDA:1,(anonymous_2)
FNDA:2,(anonymous_3)
FNDA:5,(anonymous_4)
FNDA:6,(anonymous_5)
FNDA:1,(anonymous_6)
FNDA:1,(anonymous_7)
FNDA:5,(anonymous_8)
FNDA:2,(anonymous_9)
FNDA:2,(anonymous_10)
FNDA:2,(anonymous_11)
FNDA:4,(anonymous_12)
FNDA:1,(anonymous_13)
FNDA:2,(anonymous_14)
FNDA:2,(anonymous_15)
FNDA:2,(anonymous_16)
FNDA:2,(anonymous_17)
FNDA:1,(anonymous_18)
FNDA:2,(anonymous_19)
FNDA:4,(anonymous_20)
FNDA:2,(anonymous_21)
FNDA:2,(anonymous_22)
FNDA:4,(anonymous_23)
FNDA:3,(anonymous_24)
FNDA:3,(anonymous_25)
FNDA:5,(anonymous_26)
DA:2,1
DA:3,1
DA:4,1
DA:5,1
DA:6,1
DA:7,1
DA:8,1
DA:15,1
DA:16,5
DA:17,5
DA:19,5
DA:20,1
DA:26,4
DA:34,3
DA:35,2
DA:39,3
DA:40,3
DA:41,1
DA:45,3
DA:50,3
DA:56,1
DA:57,1
DA:66,1
DA:67,5
DA:68,5
DA:69,5
DA:72,5
DA:73,5
DA:74,1
DA:78,4
DA:79,1
DA:85,3
DA:86,3
DA:87,1
DA:94,2
DA:111,2
DA:114,1
DA:115,1
DA:117,1
DA:122,1
DA:123,1
DA:135,1
DA:136,6
DA:137,6
DA:138,6
DA:150,6
DA:153,6
DA:154,1
DA:157,6
DA:158,1
DA:162,6
DA:167,6
DA:168,1
DA:172,5
DA:173,5
DA:174,5
DA:175,5
DA:176,5
DA:177,5
DA:178,5
DA:179,5
DA:180,5
DA:181,5
DA:182,5
DA:183,5
DA:184,5
DA:186,5
DA:189,4
DA:195,4
DA:196,4
DA:200,4
DA:202,4
DA:203,4
DA:205,4
DA:212,3
DA:217,3
DA:219,3
DA:226,1
DA:227,1
DA:234,4
DA:245,1
DA:246,1
DA:258,1
DA:259,5
DA:260,5
DA:261,5
DA:262,5
DA:264,5
DA:268,4
DA:269,1
DA:273,3
DA:275,1
DA:280,2
DA:282,1
DA:283,1
DA:292,1
DA:293,2
DA:294,2
DA:296,2
DA:300,1
DA:302,2
DA:303,2
DA:307,1
DA:308,1
DA:317,1
DA:318,4
DA:319,4
DA:321,4
DA:323,4
DA:325,1
DA:326,1
DA:329,4
DA:330,1
DA:333,4
DA:334,1
DA:335,1
DA:336,1
DA:339,4
DA:345,3
DA:347,2
DA:348,2
DA:349,2
DA:351,2
DA:352,1
DA:353,2
DA:356,3
DA:361,1
DA:362,1
DA:371,1
DA:372,4
DA:373,4
DA:375,4
DA:379,4
DA:380,1
DA:384,3
DA:387,2
DA:388,2
DA:389,1
DA:390,1
DA:394,2
DA:395,2
DA:399,1
DA:400,1
DA:409,1
DA:410,4
DA:411,4
DA:413,4
DA:417,3
DA:418,1
DA:422,2
DA:426,2
DA:444,2
DA:446,1
DA:447,1
DA:456,1
DA:457,3
DA:458,3
DA:461,3
DA:462,2
DA:463,1
DA:467,1
DA:473,1
DA:475,1
DA:480,1
DA:481,1
DA:490,1
DA:491,3
DA:492,3
DA:493,3
DA:496,3
DA:501,3
DA:502,1
DA:506,2
DA:507,1
DA:513,1
DA:519,1
DA:521,1
DA:526,0
DA:527,0
DA:536,1
DA:537,5
DA:538,5
DA:540,5
DA:541,2
DA:547,3
DA:551,2
DA:552,2
DA:559,2
DA:563,2
DA:568,1
DA:569,1
LF:191
LH:189
BRDA:19,0,0,1
BRDA:19,0,1,4
BRDA:47,1,0,2
BRDA:47,1,1,1
BRDA:73,2,0,1
BRDA:73,2,1,4
BRDA:78,3,0,1
BRDA:78,3,1,3
BRDA:86,4,0,1
BRDA:86,4,1,2
BRDA:153,5,0,1
BRDA:153,5,1,5
BRDA:157,6,0,1
BRDA:157,6,1,5
BRDA:167,7,0,1
BRDA:167,7,1,5
BRDA:172,8,0,5
BRDA:172,8,1,4
BRDA:174,9,0,5
BRDA:174,9,1,4
BRDA:176,10,0,5
BRDA:176,10,1,4
BRDA:177,11,0,2
BRDA:177,11,1,3
BRDA:178,12,0,5
BRDA:178,12,1,4
BRDA:179,13,0,5
BRDA:179,13,1,4
BRDA:180,14,0,5
BRDA:180,14,1,4
BRDA:268,15,0,1
BRDA:268,15,1,3
BRDA:273,16,0,1
BRDA:273,16,1,2
BRDA:273,17,0,3
BRDA:273,17,1,2
BRDA:323,18,0,1
BRDA:323,18,1,3
BRDA:329,19,0,1
BRDA:329,19,1,3
BRDA:333,20,0,1
BRDA:333,20,1,3
BRDA:333,21,0,4
BRDA:333,21,1,3
BRDA:335,22,0,1
BRDA:335,22,1,0
BRDA:336,23,0,1
BRDA:336,23,1,0
BRDA:352,24,0,1
BRDA:352,24,1,0
BRDA:379,25,0,1
BRDA:379,25,1,3
BRDA:388,26,0,1
BRDA:388,26,1,1
BRDA:395,27,0,0
BRDA:395,27,1,2
BRDA:417,28,0,1
BRDA:417,28,1,2
BRDA:422,29,0,2
BRDA:422,29,1,1
BRDA:434,30,0,2
BRDA:434,30,1,0
BRDA:436,31,0,0
BRDA:436,31,1,0
BRDA:438,32,0,2
BRDA:438,32,1,0
BRDA:439,33,0,2
BRDA:439,33,1,0
BRDA:462,34,0,1
BRDA:462,34,1,1
BRDA:501,35,0,1
BRDA:501,35,1,2
BRDA:506,36,0,1
BRDA:506,36,1,1
BRDA:540,37,0,2
BRDA:540,37,1,3
BRDA:540,38,0,5
BRDA:540,38,1,4
BRF:78
BRH:69
end_of_record
TN:
SF:src\controllers\profile.controller.js
FN:5,(anonymous_0)
FN:37,(anonymous_1)
FN:94,(anonymous_2)
FN:117,(anonymous_3)
FN:171,(anonymous_4)
FNF:5
FNH:5
FNDA:5,(anonymous_0)
FNDA:6,(anonymous_1)
FNDA:4,(anonymous_2)
FNDA:6,(anonymous_3)
FNDA:7,(anonymous_4)
DA:1,1
DA:2,1
DA:5,1
DA:6,5
DA:7,5
DA:9,4
DA:10,1
DA:13,3
DA:14,1
DA:19,2
DA:32,1
DA:37,1
DA:38,6
DA:39,6
DA:41,5
DA:42,1
DA:45,4
DA:46,1
DA:51,3
DA:53,3
DA:54,2
DA:59,2
DA:60,1
DA:64,2
DA:65,2
DA:66,2
DA:67,2
DA:69,2
DA:71,2
DA:87,1
DA:94,1
DA:95,4
DA:96,4
DA:98,3
DA:99,1
DA:102,2
DA:112,1
DA:117,1
DA:118,6
DA:119,6
DA:121,6
DA:122,6
DA:123,6
DA:124,6
DA:126,6
DA:127,1
DA:130,5
DA:131,2
DA:135,2
DA:136,1
DA:140,4
DA:146,2
DA:147,1
DA:150,1
DA:163,2
DA:164,1
DA:166,1
DA:171,1
DA:172,7
DA:173,7
DA:175,7
DA:176,1
DA:178,6
DA:179,2
DA:181,4
DA:182,0
DA:185,4
DA:186,4
DA:187,1
DA:190,3
DA:191,3
DA:192,1
DA:195,2
DA:196,2
DA:198,1
DA:200,1
LF:76
LH:75
BRDA:9,0,0,1
BRDA:9,0,1,3
BRDA:13,1,0,1
BRDA:13,1,1,2
BRDA:26,2,0,2
BRDA:26,2,1,1
BRDA:27,3,0,2
BRDA:27,3,1,1
BRDA:41,4,0,1
BRDA:41,4,1,4
BRDA:45,5,0,1
BRDA:45,5,1,3
BRDA:53,6,0,2
BRDA:53,6,1,1
BRDA:53,7,0,3
BRDA:53,7,1,2
BRDA:59,8,0,1
BRDA:59,8,1,1
BRDA:64,9,0,1
BRDA:64,9,1,1
BRDA:65,10,0,1
BRDA:65,10,1,1
BRDA:66,11,0,1
BRDA:66,11,1,1
BRDA:67,12,0,0
BRDA:67,12,1,2
BRDA:80,13,0,2
BRDA:80,13,1,0
BRDA:81,14,0,2
BRDA:81,14,1,0
BRDA:98,15,0,1
BRDA:98,15,1,2
BRDA:106,16,0,2
BRDA:106,16,1,1
BRDA:107,17,0,2
BRDA:107,17,1,1
BRDA:108,18,0,2
BRDA:108,18,1,1
BRDA:122,19,0,4
BRDA:122,19,1,2
BRDA:122,20,0,6
BRDA:122,20,1,5
BRDA:123,21,0,2
BRDA:123,21,1,4
BRDA:123,22,0,6
BRDA:123,22,1,2
BRDA:124,23,0,0
BRDA:124,23,1,6
BRDA:124,24,0,6
BRDA:124,24,1,0
BRDA:126,25,0,1
BRDA:126,25,1,5
BRDA:130,26,0,2
BRDA:130,26,1,3
BRDA:135,27,0,1
BRDA:135,27,1,1
BRDA:146,28,0,1
BRDA:146,28,1,1
BRDA:156,29,0,1
BRDA:156,29,1,0
BRDA:157,30,0,1
BRDA:157,30,1,0
BRDA:158,31,0,1
BRDA:158,31,1,0
BRDA:163,32,0,1
BRDA:163,32,1,1
BRDA:175,33,0,1
BRDA:175,33,1,6
BRDA:175,34,0,7
BRDA:175,34,1,6
BRDA:178,35,0,2
BRDA:178,35,1,4
BRDA:181,36,0,0
BRDA:181,36,1,4
BRDA:186,37,0,1
BRDA:186,37,1,3
BRDA:191,38,0,1
BRDA:191,38,1,2
BRF:78
BRH:69
end_of_record
TN:
SF:src\controllers\report.controller.js
FN:10,(anonymous_0)
FN:31,(anonymous_1)
FN:135,(anonymous_2)
FN:153,(anonymous_3)
FN:182,(anonymous_4)
FN:222,(anonymous_5)
FN:246,(anonymous_6)
FN:266,(anonymous_7)
FN:288,(anonymous_8)
FNF:9
FNH:9
FNDA:5,(anonymous_0)
FNDA:1,(anonymous_1)
FNDA:2,(anonymous_2)
FNDA:4,(anonymous_3)
FNDA:3,(anonymous_4)
FNDA:3,(anonymous_5)
FNDA:3,(anonymous_6)
FNDA:2,(anonymous_7)
FNDA:2,(anonymous_8)
DA:2,1
DA:3,1
DA:4,1
DA:10,1
DA:11,5
DA:12,5
DA:22,5
DA:24,5
DA:25,1
DA:30,4
DA:31,1
DA:34,4
DA:46,4
DA:52,3
DA:54,3
DA:60,3
DA:70,3
DA:71,2
DA:86,3
DA:87,1
DA:102,3
DA:103,1
DA:117,3
DA:123,1
DA:124,1
DA:135,1
DA:136,2
DA:137,2
DA:143,1
DA:145,1
DA:153,1
DA:154,4
DA:155,4
DA:157,3
DA:158,2
DA:163,1
DA:169,1
DA:175,1
DA:182,1
DA:183,3
DA:184,3
DA:186,3
DA:188,3
DA:189,1
DA:192,3
DA:212,2
DA:215,1
DA:222,1
DA:223,3
DA:224,3
DA:233,2
DA:234,1
DA:237,1
DA:239,1
DA:246,1
DA:247,3
DA:248,3
DA:253,2
DA:254,1
DA:257,1
DA:259,1
DA:266,1
DA:267,2
DA:268,2
DA:270,2
DA:274,1
DA:281,1
DA:288,1
DA:289,2
DA:290,2
DA:294,1
DA:300,1
LF:72
LH:72
BRDA:24,0,0,1
BRDA:24,0,1,4
BRDA:30,1,0,1
BRDA:30,1,1,3
BRDA:70,2,0,2
BRDA:70,2,1,1
BRDA:111,3,0,1
BRDA:111,3,1,0
BRDA:157,4,0,2
BRDA:157,4,1,1
BRDA:157,5,0,3
BRDA:157,5,1,2
BRDA:188,6,0,1
BRDA:188,6,1,2
BRDA:188,7,0,3
BRDA:188,7,1,1
BRDA:233,8,0,1
BRDA:233,8,1,1
BRDA:253,9,0,1
BRDA:253,9,1,1
BRF:20
BRH:19
end_of_record
TN:
SF:src\controllers\species.controller.js
FN:11,(anonymous_0)
FN:215,(anonymous_1)
FN:282,(anonymous_2)
FN:308,(anonymous_3)
FN:447,(anonymous_4)
FN:483,(anonymous_5)
FN:517,(anonymous_6)
FN:533,(anonymous_7)
FN:553,(anonymous_8)
FNF:9
FNH:9
FNDA:15,(anonymous_0)
FNDA:6,(anonymous_1)
FNDA:4,(anonymous_2)
FNDA:14,(anonymous_3)
FNDA:5,(anonymous_4)
FNDA:6,(anonymous_5)
FNDA:2,(anonymous_6)
FNDA:1,(anonymous_7)
FNDA:2,(anonymous_8)
DA:1,1
DA:2,1
DA:3,1
DA:4,1
DA:11,1
DA:12,15
DA:24,15
DA:26,15
DA:27,2
DA:31,14
DA:32,1
DA:36,14
DA:37,1
DA:41,14
DA:42,1
DA:50,14
DA:51,2
DA:56,12
DA:57,12
DA:59,12
DA:60,1
DA:71,11
DA:72,1
DA:77,10
DA:78,1
DA:88,9
DA:93,1
DA:98,8
DA:99,8
DA:101,8
DA:105,1
DA:115,7
DA:120,6
DA:121,1
DA:131,5
DA:132,1
DA:139,4
DA:140,4
DA:145,3
DA:152,1
DA:162,3
DA:177,3
DA:193,3
DA:201,2
DA:203,2
DA:215,1
DA:216,6
DA:224,6
DA:226,6
DA:229,6
DA:230,1
DA:234,6
DA:235,1
DA:240,6
DA:242,6
DA:243,6
DA:244,6
DA:247,6
DA:248,6
DA:251,6
DA:258,5
DA:260,4
DA:270,2
DA:282,1
DA:283,4
DA:284,4
DA:285,2
DA:287,2
DA:292,2
DA:294,1
DA:297,1
DA:308,1
DA:310,14
DA:312,1
DA:314,13
DA:316,13
DA:318,1
DA:321,12
DA:323,1
DA:331,11
DA:332,11
DA:333,11
DA:335,1
DA:338,10
DA:339,0
DA:342,10
DA:343,0
DA:346,10
DA:347,0
DA:351,1
DA:353,10
DA:355,1
DA:357,9
DA:359,0
DA:361,0
DA:362,0
DA:364,0
DA:368,9
DA:370,1
DA:373,8
DA:375,1
DA:378,7
DA:380,1
DA:383,6
DA:385,1
DA:388,5
DA:389,2
DA:391,2
DA:392,2
DA:396,2
DA:397,1
DA:403,1
DA:407,4
DA:409,4
DA:410,4
DA:411,4
DA:412,4
DA:415,4
DA:416,1
DA:429,4
DA:431,3
DA:438,1
DA:447,1
DA:448,5
DA:449,5
DA:450,5
DA:451,1
DA:453,4
DA:455,1
DA:458,3
DA:459,2
DA:460,2
DA:462,1
DA:466,2
DA:468,2
DA:474,0
DA:483,1
DA:484,6
DA:487,6
DA:488,2
DA:491,4
DA:492,4
DA:495,4
DA:496,1
DA:500,3
DA:502,3
DA:504,3
DA:517,2
DA:518,2
DA:525,2
DA:533,2
DA:535,2
DA:546,1
DA:553,1
DA:554,2
DA:555,2
DA:556,1
DA:563,1
DA:567,1
LF:159
LH:151
BRDA:26,0,0,2
BRDA:26,0,1,13
BRDA:31,1,0,1
BRDA:31,1,1,13
BRDA:36,2,0,1
BRDA:36,2,1,13
BRDA:41,3,0,1
BRDA:41,3,1,13
BRDA:50,4,0,2
BRDA:50,4,1,12
BRDA:50,5,0,14
BRDA:50,5,1,13
BRDA:59,6,0,1
BRDA:59,6,1,11
BRDA:59,7,0,12
BRDA:59,7,1,12
BRDA:59,7,2,12
BRDA:71,8,0,1
BRDA:71,8,1,10
BRDA:71,9,0,11
BRDA:71,9,1,10
BRDA:77,10,0,1
BRDA:77,10,1,9
BRDA:77,11,0,10
BRDA:77,11,1,9
BRDA:88,12,0,1
BRDA:88,12,1,8
BRDA:89,13,0,9
BRDA:89,13,1,9
BRDA:89,13,2,9
BRDA:101,14,0,1
BRDA:101,14,1,7
BRDA:102,15,0,8
BRDA:102,15,1,8
BRDA:102,15,2,7
BRDA:102,15,3,7
BRDA:120,16,0,1
BRDA:120,16,1,5
BRDA:131,17,0,1
BRDA:131,17,1,4
BRDA:165,18,0,3
BRDA:165,18,1,0
BRDA:166,19,0,3
BRDA:166,19,1,0
BRDA:167,20,0,3
BRDA:167,20,1,0
BRDA:169,21,0,3
BRDA:169,21,1,3
BRDA:169,21,2,0
BRDA:182,22,0,3
BRDA:182,22,1,0
BRDA:183,23,0,3
BRDA:183,23,1,0
BRDA:184,24,0,3
BRDA:184,24,1,0
BRDA:218,25,0,5
BRDA:219,26,0,5
BRDA:222,27,0,4
BRDA:223,28,0,4
BRDA:229,29,0,1
BRDA:229,29,1,5
BRDA:234,30,0,1
BRDA:234,30,1,5
BRDA:247,31,0,1
BRDA:247,31,1,5
BRDA:284,32,0,2
BRDA:284,32,1,2
BRDA:284,33,0,4
BRDA:284,33,1,3
BRDA:284,33,2,3
BRDA:292,34,0,1
BRDA:292,34,1,1
BRDA:310,35,0,1
BRDA:310,35,1,13
BRDA:316,36,0,1
BRDA:316,36,1,12
BRDA:321,37,0,1
BRDA:321,37,1,11
BRDA:333,38,0,1
BRDA:333,38,1,10
BRDA:333,39,0,11
BRDA:333,39,1,2
BRDA:338,40,0,0
BRDA:338,40,1,10
BRDA:338,41,0,10
BRDA:338,41,1,1
BRDA:342,42,0,0
BRDA:342,42,1,10
BRDA:342,43,0,10
BRDA:342,43,1,1
BRDA:346,44,0,0
BRDA:346,44,1,10
BRDA:346,45,0,10
BRDA:346,45,1,1
BRDA:353,46,0,1
BRDA:353,46,1,9
BRDA:353,47,0,10
BRDA:353,47,1,1
BRDA:353,47,2,1
BRDA:357,48,0,0
BRDA:357,48,1,9
BRDA:357,49,0,9
BRDA:357,49,1,0
BRDA:357,49,2,0
BRDA:362,50,0,0
BRDA:362,50,1,0
BRDA:362,51,0,0
BRDA:362,51,1,0
BRDA:362,51,2,0
BRDA:368,52,0,1
BRDA:368,52,1,8
BRDA:368,53,0,9
BRDA:368,53,1,1
BRDA:373,54,0,1
BRDA:373,54,1,7
BRDA:373,55,0,8
BRDA:373,55,1,1
BRDA:378,56,0,1
BRDA:378,56,1,6
BRDA:378,57,0,7
BRDA:378,57,1,5
BRDA:383,58,0,1
BRDA:383,58,1,5
BRDA:383,59,0,6
BRDA:383,59,1,4
BRDA:388,60,0,2
BRDA:388,60,1,3
BRDA:391,61,0,2
BRDA:391,61,1,0
BRDA:409,62,0,3
BRDA:409,62,1,1
BRDA:410,63,0,0
BRDA:410,63,1,4
BRDA:411,64,0,0
BRDA:411,64,1,4
BRDA:411,65,0,0
BRDA:411,65,1,0
BRDA:412,66,0,0
BRDA:412,66,1,4
BRDA:412,67,0,0
BRDA:412,67,1,0
BRDA:415,68,0,1
BRDA:415,68,1,3
BRDA:415,69,0,4
BRDA:415,69,1,1
BRDA:415,69,2,1
BRDA:422,70,0,1
BRDA:422,70,1,0
BRDA:423,71,0,1
BRDA:423,71,1,0
BRDA:424,72,0,1
BRDA:424,72,1,0
BRDA:425,73,0,1
BRDA:425,73,1,1
BRDA:425,73,2,0
BRDA:450,74,0,1
BRDA:450,74,1,4
BRDA:453,75,0,1
BRDA:453,75,1,3
BRDA:458,76,0,2
BRDA:458,76,1,1
BRDA:484,77,0,5
BRDA:487,78,0,2
BRDA:487,78,1,4
BRDA:487,79,0,6
BRDA:487,79,1,5
BRDA:495,80,0,1
BRDA:495,80,1,3
BRDA:495,81,0,4
BRDA:495,81,1,4
BRDA:495,81,2,3
BRDA:495,81,3,3
BRF:172
BRH:142
end_of_record
TN:
SF:src\services\gemini.service.js
FN:8,(anonymous_0)
FN:11,(anonymous_1)
FN:64,(anonymous_2)
FN:65,(anonymous_3)
FN:67,(anonymous_4)
FN:101,(anonymous_5)
FN:103,(anonymous_6)
FN:107,(anonymous_7)
FN:164,(anonymous_8)
FN:243,(anonymous_9)
FNF:10
FNH:10
FNDA:6,(anonymous_0)
FNDA:6,(anonymous_1)
FNDA:5,(anonymous_2)
FNDA:8,(anonymous_3)
FNDA:3,(anonymous_4)
FNDA:4,(anonymous_5)
FNDA:1,(anonymous_6)
FNDA:4,(anonymous_7)
FNDA:3,(anonymous_8)
FNDA:2,(anonymous_9)
DA:1,1
DA:3,1
DA:9,6
DA:11,6
DA:12,6
DA:13,6
DA:16,6
DA:17,6
DA:19,6
DA:21,6
DA:26,6
DA:28,6
DA:29,6
DA:30,6
DA:31,1
DA:33,6
DA:34,6
DA:35,1
DA:37,6
DA:38,1
DA:41,6
DA:42,6
DA:43,5
DA:45,6
DA:65,8
DA:67,5
DA:68,3
DA:71,3
DA:74,3
DA:75,3
DA:76,3
DA:77,1
DA:81,3
DA:83,3
DA:86,5
DA:87,5
DA:89,3
DA:91,3
DA:92,3
DA:94,2
DA:95,2
DA:96,2
DA:102,4
DA:103,1
DA:106,4
DA:107,4
DA:108,4
DA:110,4
DA:111,4
DA:112,2
DA:113,2
DA:115,4
DA:123,4
DA:165,3
DA:167,3
DA:171,3
DA:223,3
DA:224,3
DA:229,2
DA:230,2
DA:233,2
DA:234,2
DA:236,1
DA:237,1
DA:240,2
DA:243,2
DA:249,1
DA:251,1
DA:256,1
DA:259,0
DA:264,1
LF:71
LH:70
BRDA:19,0,0,6
BRDA:19,0,1,6
BRDA:19,0,2,6
BRDA:28,1,0,6
BRDA:28,1,1,0
BRDA:29,2,0,6
BRDA:29,2,1,0
BRDA:30,3,0,1
BRDA:30,3,1,5
BRDA:30,4,0,6
BRDA:30,4,1,4
BRDA:33,5,0,5
BRDA:33,5,1,1
BRDA:34,6,0,1
BRDA:34,6,1,5
BRDA:34,7,0,6
BRDA:34,7,1,1
BRDA:37,8,0,1
BRDA:37,8,1,5
BRDA:37,9,0,6
BRDA:37,9,1,1
BRDA:42,10,0,1
BRDA:42,10,1,5
BRDA:43,11,0,5
BRDA:43,11,1,0
BRDA:51,12,0,6
BRDA:51,12,1,4
BRDA:55,13,0,1
BRDA:55,13,1,5
BRDA:68,14,0,3
BRDA:68,14,1,0
BRDA:76,15,0,1
BRDA:76,15,1,2
BRDA:76,16,0,3
BRDA:76,16,1,2
BRDA:76,16,2,1
BRDA:101,17,0,2
BRDA:108,18,0,4
BRDA:108,18,1,1
BRDA:111,19,0,2
BRDA:111,19,1,2
BRDA:112,20,0,0
BRDA:112,20,1,2
BRDA:113,21,0,1
BRDA:113,21,1,1
BRDA:115,22,0,1
BRDA:115,22,1,3
BRDA:117,23,0,0
BRDA:117,23,1,3
BRDA:119,24,0,2
BRDA:119,24,1,1
BRDA:127,25,0,2
BRDA:127,25,1,2
BRDA:130,26,0,3
BRDA:130,26,1,1
BRDA:134,27,0,3
BRDA:134,27,1,1
BRDA:142,28,0,3
BRDA:142,28,1,0
BRDA:155,29,0,4
BRDA:155,29,1,1
BRDA:157,30,0,2
BRDA:157,30,1,2
BRDA:164,31,0,3
BRDA:167,32,0,0
BRDA:167,32,1,3
BRDA:229,33,0,2
BRDA:229,33,1,0
BRDA:249,34,0,1
BRDA:249,34,1,0
BRDA:249,34,2,0
BRDA:251,35,0,1
BRDA:251,35,1,0
BRDA:252,36,0,1
BRDA:252,36,1,1
BRDA:252,36,2,0
BRF:76
BRH:63
end_of_record
TN:
SF:src\services\notification.service.js
FN:7,(anonymous_0)
FN:12,(anonymous_1)
FN:26,(anonymous_2)
FN:82,(anonymous_3)
FNF:4
FNH:4
FNDA:3,(anonymous_0)
FNDA:6,(anonymous_1)
FNDA:8,(anonymous_2)
FNDA:2,(anonymous_3)
DA:3,3
DA:4,3
DA:8,3
DA:11,3
DA:12,6
DA:17,3
DA:27,8
DA:34,8
DA:35,7
DA:38,7
DA:41,7
DA:42,2
DA:45,5
DA:46,1
DA:50,4
DA:54,7
DA:62,7
DA:63,6
DA:65,1
DA:68,1
DA:69,1
DA:76,8
DA:83,2
DA:85,2
DA:87,1
DA:95,0
DA:99,0
DA:102,1
DA:103,1
DA:108,3
LF:30
LH:28
BRDA:11,0,0,2
BRDA:11,0,1,1
BRDA:13,1,0,0
BRDA:13,1,1,1
BRDA:34,2,0,7
BRDA:34,2,1,1
BRDA:41,3,0,2
BRDA:41,3,1,5
BRDA:45,4,0,1
BRDA:45,4,1,4
BRDA:45,5,0,5
BRDA:45,5,1,2
BRDA:62,6,0,6
BRDA:62,6,1,1
BRDA:85,7,0,1
BRDA:85,7,1,0
BRDA:85,7,2,0
BRDA:85,7,3,1
BRF:18
BRH:15
end_of_record
TN:
SF:src\services\pdf.service.js
FN:5,(anonymous_0)
FN:6,(anonymous_1)
FN:100,(anonymous_2)
FN:107,(anonymous_3)
FN:134,(anonymous_4)
FN:139,(anonymous_5)
FNF:6
FNH:6
FNDA:6,(anonymous_0)
FNDA:6,(anonymous_1)
FNDA:4,(anonymous_2)
FNDA:4,(anonymous_3)
FNDA:4,(anonymous_4)
FNDA:1,(anonymous_5)
DA:1,1
DA:2,1
DA:3,1
DA:5,1
DA:6,6
DA:7,6
DA:9,6
DA:10,6
DA:11,1
DA:14,5
DA:15,5
DA:17,5
DA:18,5
DA:20,5
DA:23,5
DA:26,5
DA:27,5
DA:30,5
DA:31,5
DA:32,5
DA:34,5
DA:35,4
DA:36,4
DA:37,4
DA:38,4
DA:39,4
DA:41,1
DA:43,5
DA:44,5
DA:47,5
DA:48,5
DA:49,5
DA:50,5
DA:51,5
DA:52,5
DA:53,5
DA:54,5
DA:55,5
DA:56,5
DA:57,5
DA:60,5
DA:61,5
DA:62,5
DA:63,5
DA:64,5
DA:65,5
DA:66,5
DA:69,5
DA:70,5
DA:71,5
DA:72,5
DA:74,5
DA:75,4
DA:78,5
DA:79,4
DA:81,5
DA:82,5
DA:85,5
DA:86,4
DA:87,4
DA:88,4
DA:89,4
DA:90,4
DA:91,4
DA:95,5
DA:96,4
DA:97,4
DA:98,4
DA:99,4
DA:100,4
DA:101,4
DA:105,5
DA:106,4
DA:107,4
DA:108,4
DA:111,5
DA:112,5
DA:115,5
DA:116,5
DA:117,5
DA:118,5
DA:119,5
DA:120,4
DA:124,5
DA:125,5
DA:128,5
DA:132,5
DA:134,5
DA:135,4
DA:136,4
DA:139,5
DA:140,1
DA:141,1
DA:145,1
DA:146,1
LF:95
LH:95
BRDA:10,0,0,1
BRDA:10,0,1,4
BRDA:34,1,0,4
BRDA:34,1,1,1
BRDA:35,2,0,4
BRDA:35,2,1,0
BRDA:36,3,0,4
BRDA:36,3,1,0
BRDA:37,4,0,4
BRDA:37,4,1,0
BRDA:38,5,0,4
BRDA:38,5,1,0
BRDA:39,6,0,4
BRDA:39,6,1,0
BRDA:50,7,0,5
BRDA:50,7,1,0
BRDA:51,8,0,5
BRDA:51,8,1,0
BRDA:52,9,0,5
BRDA:52,9,1,0
BRDA:54,10,0,5
BRDA:54,10,1,0
BRDA:55,11,0,5
BRDA:55,11,1,0
BRDA:64,12,0,5
BRDA:64,12,1,0
BRDA:72,13,0,5
BRDA:72,13,1,0
BRDA:74,14,0,4
BRDA:74,14,1,1
BRDA:78,15,0,4
BRDA:78,15,1,1
BRDA:78,16,0,5
BRDA:78,16,1,4
BRDA:85,17,0,4
BRDA:85,17,1,1
BRDA:95,18,0,4
BRDA:95,18,1,1
BRDA:95,19,0,5
BRDA:95,19,1,5
BRDA:105,20,0,4
BRDA:105,20,1,1
BRDA:105,21,0,5
BRDA:105,21,1,5
BRDA:118,22,0,5
BRDA:118,22,1,0
BRDA:119,23,0,4
BRDA:119,23,1,1
BRF:48
BRH:35
end_of_record
TN:
SF:src\services\restrictedzone.service.js
FN:5,(anonymous_0)
FN:9,(anonymous_1)
FN:14,(anonymous_2)
FN:28,(anonymous_3)
FN:33,(anonymous_4)
FN:47,(anonymous_5)
FN:58,(anonymous_6)
FN:69,(anonymous_7)
FN:73,(anonymous_8)
FN:79,(anonymous_9)
FNF:10
FNH:10
FNDA:1,(anonymous_0)
FNDA:4,(anonymous_1)
FNDA:2,(anonymous_2)
FNDA:2,(anonymous_3)
FNDA:1,(anonymous_4)
FNDA:1,(anonymous_5)
FNDA:1,(anonymous_6)
FNDA:1,(anonymous_7)
FNDA:6,(anonymous_8)
FNDA:5,(anonymous_9)
DA:1,1
DA:2,1
DA:6,1
DA:10,4
DA:11,3
DA:13,2
DA:14,2
DA:17,2
DA:19,2
DA:25,2
DA:29,2
DA:30,2
DA:32,2
DA:33,1
DA:36,2
DA:38,2
DA:44,2
DA:48,1
DA:50,1
DA:55,1
DA:59,1
DA:61,1
DA:66,1
DA:70,1
DA:74,6
DA:75,1
DA:80,5
DA:82,5
DA:83,2
DA:86,1
DA:90,1
DA:93,1
DA:94,1
DA:102,1
LF:34
LH:34
BRDA:9,0,0,0
BRDA:13,1,0,1
BRDA:13,1,1,1
BRDA:28,2,0,0
BRDA:32,3,0,1
BRDA:32,3,1,1
BRDA:74,4,0,1
BRDA:74,4,1,5
BRDA:79,5,0,3
BRDA:83,6,0,1
BRDA:83,6,1,1
BRDA:83,7,0,2
BRDA:83,7,1,1
BRDA:86,8,0,1
BRDA:86,8,1,1
BRDA:90,9,0,1
BRDA:90,9,1,1
BRDA:93,10,0,1
BRDA:93,10,1,0
BRDA:93,11,0,1
BRDA:93,11,1,1
BRF:21
BRH:18
end_of_record
TN:
SF:src\services\twilio.service.js
FN:6,(anonymous_0)
FN:34,(anonymous_1)
FN:101,(anonymous_2)
FN:121,(anonymous_3)
FN:122,(anonymous_4)
FN:137,(anonymous_5)
FN:167,(anonymous_6)
FN:196,(anonymous_7)
FN:221,(anonymous_8)
FN:227,(anonymous_9)
FN:240,(anonymous_10)
FN:241,(anonymous_11)
FNF:12
FNH:12
FNDA:16,(anonymous_0)
FNDA:7,(anonymous_1)
FNDA:1,(anonymous_2)
FNDA:2,(anonymous_3)
FNDA:2,(anonymous_4)
FNDA:10,(anonymous_5)
FNDA:1,(anonymous_6)
FNDA:2,(anonymous_7)
FNDA:2,(anonymous_8)
FNDA:1,(anonymous_9)
FNDA:1,(anonymous_10)
FNDA:1,(anonymous_11)
DA:2,2
DA:3,2
DA:8,16
DA:9,1
DA:10,1
DA:14,15
DA:19,15
DA:20,15
DA:22,15
DA:23,15
DA:24,15
DA:35,7
DA:37,7
DA:38,7
DA:43,7
DA:46,7
DA:52,4
DA:54,4
DA:65,3
DA:66,1
DA:67,1
DA:75,2
DA:76,1
DA:77,1
DA:85,1
DA:86,1
DA:102,1
DA:104,1
DA:106,2
DA:108,2
DA:115,2
DA:121,2
DA:122,2
DA:124,1
DA:138,10
DA:147,10
DA:151,10
DA:161,10
DA:168,1
DA:197,2
DA:198,2
DA:202,1
DA:211,1
DA:222,2
DA:223,2
DA:225,1
DA:227,1
DA:233,1
DA:241,1
DA:245,2
LF:50
LH:50
BRDA:8,0,0,1
BRDA:8,0,1,15
BRDA:8,1,0,16
BRDA:8,1,1,15
BRDA:37,2,0,7
BRDA:37,2,1,0
BRDA:59,3,0,1
BRDA:59,3,1,3
BRDA:65,4,0,1
BRDA:65,4,1,2
BRDA:75,5,0,1
BRDA:75,5,1,1
BRDA:147,6,0,10
BRDA:147,6,1,0
BRDA:153,7,0,10
BRDA:153,7,1,1
BRDA:155,8,0,10
BRDA:155,8,1,0
BRDA:156,9,0,9
BRDA:156,9,1,1
BRDA:157,10,0,10
BRDA:157,10,1,1
BRDA:159,11,0,10
BRDA:159,11,1,0
BRDA:177,12,0,0
BRDA:177,12,1,1
BRDA:179,13,0,1
BRDA:179,13,1,0
BRDA:186,14,0,1
BRDA:186,14,1,1
BRDA:187,15,0,1
BRDA:187,15,1,1
BRF:32
BRH:26
end_of_record
TN:
SF:src\utils\email.service.js
FN:6,(anonymous_0)
FNF:1
FNH:1
FNDA:2,(anonymous_0)
DA:2,1
DA:4,1
DA:6,1
DA:7,2
DA:14,2
DA:15,2
DA:16,1
DA:18,1
DA:22,1
LF:9
LH:9
BRDA:18,0,0,1
BRDA:18,0,1,1
BRF:2
BRH:2
end_of_record
TN:
SF:src\utils\geoUtils.js
FN:9,(anonymous_0)
FN:31,(anonymous_1)
FN:40,(anonymous_2)
FN:51,(anonymous_3)
FN:69,(anonymous_4)
FN:92,(anonymous_5)
FN:104,(anonymous_6)
FN:106,(anonymous_7)
FN:115,(anonymous_8)
FNF:9
FNH:9
FNDA:6,(anonymous_0)
FNDA:26,(anonymous_1)
FNDA:1,(anonymous_2)
FNDA:1,(anonymous_3)
FNDA:2,(anonymous_4)
FNDA:2,(anonymous_5)
FNDA:1,(anonymous_6)
FNDA:2,(anonymous_7)
FNDA:1,(anonymous_8)
DA:9,1
DA:10,6
DA:12,6
DA:13,6
DA:16,6
DA:20,6
DA:21,6
DA:23,6
DA:31,1
DA:32,26
DA:40,1
DA:41,1
DA:51,1
DA:52,1
DA:53,1
DA:54,1
DA:56,1
DA:69,1
DA:70,2
DA:71,1
DA:76,1
DA:92,1
DA:93,2
DA:94,2
DA:104,1
DA:105,1
DA:106,2
DA:115,1
DA:118,1
LF:29
LH:29
BRDA:70,0,0,1
BRDA:70,0,1,1
BRDA:111,1,0,2
BRDA:111,1,1,2
BRDA:112,2,0,2
BRDA:112,2,1,2
BRF:6
BRH:6
end_of_record
TN:
SF:src\utils\jwt.js
FN:3,(anonymous_0)
FNF:1
FNH:1
FNDA:1,(anonymous_0)
DA:1,1
DA:3,1
DA:4,1
DA:11,1
LF:4
LH:4
BRF:0
BRH:0
end_of_record
